#
# There is insufficient memory for the Java Runtime Environment to continue.
# Native memory allocation (malloc) failed to allocate 78256 bytes for Chunk::new
# Possible reasons:
#   The system is out of physical RAM or swap space
#   The process is running with CompressedOops enabled, and the Java Heap may be blocking the growth of the native heap
# Possible solutions:
#   Reduce memory load on the system
#   Increase physical memory or swap space
#   Check if swap backing store is full
#   Decrease Java heap size (-Xmx/-Xms)
#   Decrease number of Java threads
#   Decrease Java thread stack sizes (-Xss)
#   Set larger code cache with -XX:ReservedCodeCacheSize=
#   JVM is running with Unscaled Compressed Oops mode in which the Java heap is
#     placed in the first 4GB address space. The Java Heap base address is the
#     maximum limit for the native heap growth. Please use -XX:HeapBaseMinAddress
#     to set the Java Heap base and to place the Java Heap above 4GB virtual address.
# This output file may be truncated or incomplete.
#
#  Out of Memory Error (arena.cpp:189), pid=12456, tid=23828
#
# JRE version: OpenJDK Runtime Environment Temurin-17.0.7+7 (17.0.7+7) (build 17.0.7+7)
# Java VM: OpenJDK 64-Bit Server VM Temurin-17.0.7+7 (17.0.7+7, mixed mode, tiered, compressed oops, compressed class ptrs, parallel gc, windows-amd64)
# No core dump will be written. Minidumps are not enabled by default on client versions of Windows
#

---------------  S U M M A R Y ------------

Command Line: --add-modules=ALL-SYSTEM --add-opens=java.base/java.util=ALL-UNNAMED --add-opens=java.base/java.lang=ALL-UNNAMED --add-opens=java.base/sun.nio.fs=ALL-UNNAMED -Declipse.application=org.eclipse.jdt.ls.core.id1 -Dosgi.bundles.defaultStartLevel=4 -Declipse.product=org.eclipse.jdt.ls.core.product -Djava.import.generatesMetadataFilesAtProjectRoot=false -Dfile.encoding=utf8 -XX:+UseParallelGC -XX:GCTimeRatio=4 -XX:AdaptiveSizePolicyWeight=90 -Dsun.zip.disableMemoryMapping=true -Xmx1G -Xms100m -Xlog:disable -javaagent:c:\Users\dell\.vscode\extensions\redhat.java-1.19.0-win32-x64\lombok\lombok-1.18.28.jar -XX:+HeapDumpOnOutOfMemoryError -XX:HeapDumpPath=c:\Users\dell\AppData\Roaming\Code\User\workspaceStorage\e9fa6566079bcdb2e3257726406d1d82\redhat.java -Daether.dependencyCollector.impl=bf c:\Users\dell\.vscode\extensions\redhat.java-1.19.0-win32-x64\server\plugins\org.eclipse.equinox.launcher_1.6.400.v20210924-0641.jar -configuration c:\Users\dell\AppData\Roaming\Code\User\globalStorage\redhat.java\1.19.0\config_win -data c:\Users\dell\AppData\Roaming\Code\User\workspaceStorage\e9fa6566079bcdb2e3257726406d1d82\redhat.java\jdt_ws

Host: Intel(R) Core(TM) i5-8250U CPU @ 1.60GHz, 8 cores, 7G,  Windows 11 , 64 bit Build 22621 (10.0.22621.1635)
Time: Fri Jun  2 16:05:17 2023 SE Asia Standard Time elapsed time: 14.922924 seconds (0d 0h 0m 14s)

---------------  T H R E A D  ---------------

Current thread (0x000001ef15279f80):  JavaThread "C2 CompilerThread0" daemon [_thread_in_native, id=23828, stack(0x0000006416d00000,0x0000006416e00000)]


Current CompileTask:
C2:  14923 3350       4       jdk.internal.org.objectweb.asm.Frame::execute (2318 bytes)

Stack: [0x0000006416d00000,0x0000006416e00000]
Native frames: (J=compiled Java code, j=interpreted, Vv=VM code, C=native code)
V  [jvm.dll+0x67754a]
V  [jvm.dll+0x834304]
V  [jvm.dll+0x835aae]
V  [jvm.dll+0x836113]
V  [jvm.dll+0x24696f]
V  [jvm.dll+0xac0ac]
V  [jvm.dll+0xac67c]
V  [jvm.dll+0x6c5f7b]
V  [jvm.dll+0x1bcfa7]
V  [jvm.dll+0x219799]
V  [jvm.dll+0x218a61]
V  [jvm.dll+0x1a4d8d]
V  [jvm.dll+0x2284da]
V  [jvm.dll+0x226615]
V  [jvm.dll+0x7ea90b]
V  [jvm.dll+0x7e4e7a]
V  [jvm.dll+0x676395]
C  [ucrtbase.dll+0x29363]
C  [KERNEL32.DLL+0x126ad]
C  [ntdll.dll+0x5a9f8]


---------------  P R O C E S S  ---------------

Threads class SMR info:
_java_thread_list=0x000001ef17e5f860, length=25, elements={
0x000001ef7c0d4280, 0x000001ef7ef42c00, 0x000001ef7ef43e90, 0x000001ef7ef4d2b0,
0x000001ef15276000, 0x000001ef152769c0, 0x000001ef15279390, 0x000001ef15279f80,
0x000001ef152d86a0, 0x000001ef152f5340, 0x000001ef1538d7d0, 0x000001ef15576030,
0x000001ef1731a770, 0x000001ef1704d940, 0x000001ef1704de10, 0x000001ef1704eaa0,
0x000001ef17625360, 0x000001ef15545350, 0x000001ef16a64870, 0x000001ef16e8ae80,
0x000001ef7c0bc6a0, 0x000001ef7c0bd040, 0x000001ef7c0bd510, 0x000001ef17e16160,
0x000001ef171c8920
}

Java Threads: ( => current thread )
  0x000001ef7c0d4280 JavaThread "main" [_thread_blocked, id=16796, stack(0x0000006416400000,0x0000006416500000)]
  0x000001ef7ef42c00 JavaThread "Reference Handler" daemon [_thread_blocked, id=13348, stack(0x0000006416700000,0x0000006416800000)]
  0x000001ef7ef43e90 JavaThread "Finalizer" daemon [_thread_blocked, id=19096, stack(0x0000006416800000,0x0000006416900000)]
  0x000001ef7ef4d2b0 JavaThread "Signal Dispatcher" daemon [_thread_blocked, id=2680, stack(0x0000006416900000,0x0000006416a00000)]
  0x000001ef15276000 JavaThread "Attach Listener" daemon [_thread_blocked, id=22868, stack(0x0000006416a00000,0x0000006416b00000)]
  0x000001ef152769c0 JavaThread "Service Thread" daemon [_thread_blocked, id=6084, stack(0x0000006416b00000,0x0000006416c00000)]
  0x000001ef15279390 JavaThread "Monitor Deflation Thread" daemon [_thread_blocked, id=22696, stack(0x0000006416c00000,0x0000006416d00000)]
=>0x000001ef15279f80 JavaThread "C2 CompilerThread0" daemon [_thread_in_native, id=23828, stack(0x0000006416d00000,0x0000006416e00000)]
  0x000001ef152d86a0 JavaThread "C1 CompilerThread0" daemon [_thread_blocked, id=15972, stack(0x0000006416e00000,0x0000006416f00000)]
  0x000001ef152f5340 JavaThread "Sweeper thread" daemon [_thread_blocked, id=17852, stack(0x0000006416f00000,0x0000006417000000)]
  0x000001ef1538d7d0 JavaThread "Common-Cleaner" daemon [_thread_blocked, id=14668, stack(0x0000006417000000,0x0000006417100000)]
  0x000001ef15576030 JavaThread "Notification Thread" daemon [_thread_blocked, id=14696, stack(0x0000006417200000,0x0000006417300000)]
  0x000001ef1731a770 JavaThread "Active Thread: Equinox Container: efc1c8d5-dac2-456e-8625-f1199696bd93" [_thread_blocked, id=19208, stack(0x0000006417b00000,0x0000006417c00000)]
  0x000001ef1704d940 JavaThread "Framework Event Dispatcher: Equinox Container: efc1c8d5-dac2-456e-8625-f1199696bd93" daemon [_thread_blocked, id=24240, stack(0x0000006417c00000,0x0000006417d00000)]
  0x000001ef1704de10 JavaThread "Start Level: Equinox Container: efc1c8d5-dac2-456e-8625-f1199696bd93" daemon [_thread_in_vm, id=22856, stack(0x0000006417d00000,0x0000006417e00000)]
  0x000001ef1704eaa0 JavaThread "SCR Component Actor" daemon [_thread_blocked, id=22616, stack(0x0000006417e00000,0x0000006417f00000)]
  0x000001ef17625360 JavaThread "SCR Component Registry" daemon [_thread_blocked, id=19364, stack(0x0000006417f00000,0x0000006418000000)]
  0x000001ef15545350 JavaThread "Worker-JM" [_thread_blocked, id=9476, stack(0x0000006418000000,0x0000006418100000)]
  0x000001ef16a64870 JavaThread "Worker-0: Updating Maven Dependencies" [_thread_blocked, id=2120, stack(0x0000006418100000,0x0000006418200000)]
  0x000001ef16e8ae80 JavaThread "Worker-1: Repository registry initialization" [_thread_in_vm, id=7952, stack(0x0000006418200000,0x0000006418300000)]
  0x000001ef7c0bc6a0 JavaThread "Worker-2" [_thread_blocked, id=3128, stack(0x0000006418300000,0x0000006418400000)]
  0x000001ef7c0bd040 JavaThread "Java indexing" daemon [_thread_blocked, id=5328, stack(0x0000006418500000,0x0000006418600000)]
  0x000001ef7c0bd510 JavaThread "Worker-3" [_thread_blocked, id=13392, stack(0x0000006418600000,0x0000006418700000)]
  0x000001ef17e16160 JavaThread "JNA Cleaner" daemon [_thread_blocked, id=23472, stack(0x0000006418700000,0x0000006418800000)]
  0x000001ef171c8920 JavaThread "C2 CompilerThread1" daemon [_thread_in_native, id=15492, stack(0x0000006418400000,0x0000006418500000)]

Other Threads:
  0x000001ef7c18cb30 VMThread "VM Thread" [stack: 0x0000006416600000,0x0000006416700000] [id=18644]
  0x000001ef154fcb90 WatcherThread [stack: 0x0000006417300000,0x0000006417400000] [id=17504]
  0x000001ef7c0e9430 GCTaskThread "GC Thread#0" [stack: 0x0000006416500000,0x0000006416600000] [id=3968]
  0x000001ef168a4fc0 GCTaskThread "GC Thread#1" [stack: 0x0000006417400000,0x0000006417500000] [id=22960]
  0x000001ef16de1690 GCTaskThread "GC Thread#2" [stack: 0x0000006417500000,0x0000006417600000] [id=18584]
  0x000001ef16fec810 GCTaskThread "GC Thread#3" [stack: 0x0000006417600000,0x0000006417700000] [id=7452]
  0x000001ef170abd40 GCTaskThread "GC Thread#4" [stack: 0x0000006417700000,0x0000006417800000] [id=8388]
  0x000001ef170abff0 GCTaskThread "GC Thread#5" [stack: 0x0000006417800000,0x0000006417900000] [id=19140]
  0x000001ef170ac2a0 GCTaskThread "GC Thread#6" [stack: 0x0000006417900000,0x0000006417a00000] [id=23172]
  0x000001ef1736f8b0 GCTaskThread "GC Thread#7" [stack: 0x0000006417a00000,0x0000006417b00000] [id=9756]

Threads with active compile tasks:
C2 CompilerThread0    15050 3350       4       jdk.internal.org.objectweb.asm.Frame::execute (2318 bytes)
C1 CompilerThread0    15050 3532       3       com.google.inject.spi.InjectionPoint::hierarchyFor (44 bytes)
C2 CompilerThread1    15050 3459   !   4       org.eclipse.osgi.internal.loader.classpath.ClasspathManager::findLocalClass (210 bytes)

VM state: not at safepoint (normal execution)

VM Mutex/Monitor currently owned by a thread: None

Heap address: 0x00000000c0000000, size: 1024 MB, Compressed Oops mode: 32-bit

CDS archive(s) not mapped
Compressed class space mapped at: 0x0000000100000000-0x0000000140000000, reserved size: 1073741824
Narrow klass base: 0x0000000000000000, Narrow klass shift: 3, Narrow klass range: 0x140000000

GC Precious Log:
 CPUs: 8 total, 8 available
 Memory: 8056M
 Large Page Support: Disabled
 NUMA Support: Disabled
 Compressed Oops: Enabled (32-bit)
 Alignments: Space 512K, Generation 512K, Heap 2M
 Heap Min Capacity: 100M
 Heap Initial Capacity: 100M
 Heap Max Capacity: 1G
 Pre-touch: Disabled
 Parallel Workers: 8

Heap:
 PSYoungGen      total 24576K, used 3515K [0x00000000eab00000, 0x00000000ec600000, 0x0000000100000000)
  eden space 23040K, 10% used [0x00000000eab00000,0x00000000ead65f88,0x00000000ec180000)
  from space 1536K, 68% used [0x00000000ec480000,0x00000000ec588dd8,0x00000000ec600000)
  to   space 1536K, 0% used [0x00000000ec300000,0x00000000ec300000,0x00000000ec480000)
 ParOldGen       total 68608K, used 12046K [0x00000000c0000000, 0x00000000c4300000, 0x00000000eab00000)
  object space 68608K, 17% used [0x00000000c0000000,0x00000000c0bc39e0,0x00000000c4300000)
 Metaspace       used 38367K, committed 39104K, reserved 1114112K
  class space    used 4034K, committed 4352K, reserved 1048576K

Card table byte_map: [0x000001ef7ba90000,0x000001ef7bca0000] _byte_map_base: 0x000001ef7b490000

Marking Bits: (ParMarkBitMap*) 0x00007ffb10eb52c0
 Begin Bits: [0x000001ef0f000000, 0x000001ef10000000)
 End Bits:   [0x000001ef10000000, 0x000001ef11000000)

Polling page: 0x000001ef7a090000

Metaspace:

Usage:
  Non-class:     33.53 MB used.
      Class:      3.94 MB used.
       Both:     37.47 MB used.

Virtual space:
  Non-class space:       64.00 MB reserved,      33.94 MB ( 53%) committed,  1 nodes.
      Class space:        1.00 GB reserved,       4.25 MB ( <1%) committed,  1 nodes.
             Both:        1.06 GB reserved,      38.19 MB (  4%) committed. 

Chunk freelists:
   Non-Class:  14.11 MB
       Class:  11.58 MB
        Both:  25.69 MB

MaxMetaspaceSize: unlimited
CompressedClassSpaceSize: 1.00 GB
Initial GC threshold: 21.00 MB
Current GC threshold: 58.38 MB
CDS: off
MetaspaceReclaimPolicy: balanced
 - commit_granule_bytes: 65536.
 - commit_granule_words: 8192.
 - virtual_space_node_default_size: 8388608.
 - enlarge_chunks_in_place: 1.
 - new_chunks_are_fully_committed: 0.
 - uncommit_free_chunks: 1.
 - use_allocation_guard: 0.
 - handle_deallocations: 1.


Internal statistics:

num_allocs_failed_limit: 6.
num_arena_births: 300.
num_arena_deaths: 14.
num_vsnodes_births: 2.
num_vsnodes_deaths: 0.
num_space_committed: 611.
num_space_uncommitted: 0.
num_chunks_returned_to_freelist: 20.
num_chunks_taken_from_freelist: 1528.
num_chunk_merges: 10.
num_chunk_splits: 999.
num_chunks_enlarged: 659.
num_inconsistent_stats: 0.

CodeHeap 'non-profiled nmethods': size=120000Kb used=1555Kb max_used=1555Kb free=118444Kb
 bounds [0x000001ef07ad0000, 0x000001ef07d40000, 0x000001ef0f000000]
CodeHeap 'profiled nmethods': size=120000Kb used=7160Kb max_used=7160Kb free=112839Kb
 bounds [0x000001ef00000000, 0x000001ef00700000, 0x000001ef07530000]
CodeHeap 'non-nmethods': size=5760Kb used=1267Kb max_used=1322Kb free=4492Kb
 bounds [0x000001ef07530000, 0x000001ef077a0000, 0x000001ef07ad0000]
 total_blobs=4108 nmethods=3524 adapters=498
 compilation: enabled
              stopped_count=0, restarted_count=0
 full_count=0

Compilation events (20 events):
Event: 14.849 Thread 0x000001ef152d86a0 3503       3       sun.reflect.annotation.AnnotatedTypeFactory::isArray (35 bytes)
Event: 14.849 Thread 0x000001ef152d86a0 nmethod 3503 0x000001ef006efd90 code [0x000001ef006eff60, 0x000001ef006f0488]
Event: 14.860 Thread 0x000001ef152d86a0 3504       3       java.lang.Math::min (46 bytes)
Event: 14.862 Thread 0x000001ef152d86a0 nmethod 3504 0x000001ef006f0590 code [0x000001ef006f0740, 0x000001ef006f0a98]
Event: 14.867 Thread 0x000001ef152d86a0 3505   !   2       org.eclipse.osgi.container.ModuleDatabase::getWiring (31 bytes)
Event: 14.868 Thread 0x000001ef152d86a0 nmethod 3505 0x000001ef006f0b10 code [0x000001ef006f0d00, 0x000001ef006f1018]
Event: 14.870 Thread 0x000001ef152d86a0 3506       3       jdk.internal.loader.AbstractClassLoaderValue$Sub::equals (55 bytes)
Event: 14.871 Thread 0x000001ef152d86a0 nmethod 3506 0x000001ef006f1390 code [0x000001ef006f1580, 0x000001ef006f1cb8]
Event: 14.873 Thread 0x000001ef152d86a0 3507       3       org.eclipse.sisu.space.asm.ByteVector::putShort (52 bytes)
Event: 14.874 Thread 0x000001ef152d86a0 nmethod 3507 0x000001ef006f1e10 code [0x000001ef006f1fc0, 0x000001ef006f21c8]
Event: 14.874 Thread 0x000001ef152d86a0 3508       3       sun.reflect.annotation.TypeAnnotationParser::parseTypeAnnotations (91 bytes)
Event: 14.875 Thread 0x000001ef152d86a0 nmethod 3508 0x000001ef006f2310 code [0x000001ef006f2560, 0x000001ef006f2f98]
Event: 14.878 Thread 0x000001ef152d86a0 3509       3       sun.reflect.annotation.AnnotationParser::parseAnnotations2 (135 bytes)
Event: 14.881 Thread 0x000001ef152d86a0 nmethod 3509 0x000001ef006f3410 code [0x000001ef006f3760, 0x000001ef006f48f8]
Event: 14.881 Thread 0x000001ef152d86a0 3510       3       com.google.inject.spi.InjectionPoint::forInstanceMethodsAndFields (40 bytes)
Event: 14.882 Thread 0x000001ef152d86a0 nmethod 3510 0x000001ef006f5090 code [0x000001ef006f52c0, 0x000001ef006f59c8]
Event: 14.888 Thread 0x000001ef152d86a0 3511       3       com.google.inject.Key::<init> (26 bytes)
Event: 14.889 Thread 0x000001ef152d86a0 nmethod 3511 0x000001ef006f5d10 code [0x000001ef006f5ee0, 0x000001ef006f6218]
Event: 14.911 Thread 0x000001ef152d86a0 3512       3       sun.reflect.annotation.AnnotationParser::toArray (18 bytes)
Event: 14.912 Thread 0x000001ef152d86a0 nmethod 3512 0x000001ef006f6390 code [0x000001ef006f6560, 0x000001ef006f68d8]

GC Heap History (20 events):
Event: 4.717 GC heap before
{Heap before GC invocations=2 (full 0):
 PSYoungGen      total 29696K, used 28795K [0x00000000eab00000, 0x00000000ecc00000, 0x0000000100000000)
  eden space 25600K, 100% used [0x00000000eab00000,0x00000000ec400000,0x00000000ec400000)
  from space 4096K, 78% used [0x00000000ec400000,0x00000000ec71ec10,0x00000000ec800000)
  to   space 4096K, 0% used [0x00000000ec800000,0x00000000ec800000,0x00000000ecc00000)
 ParOldGen       total 68608K, used 16K [0x00000000c0000000, 0x00000000c4300000, 0x00000000eab00000)
  object space 68608K, 0% used [0x00000000c0000000,0x00000000c0004000,0x00000000c4300000)
 Metaspace       used 15097K, committed 15360K, reserved 1114112K
  class space    used 1535K, committed 1664K, reserved 1048576K
}
Event: 4.729 GC heap after
{Heap after GC invocations=2 (full 0):
 PSYoungGen      total 29696K, used 4078K [0x00000000eab00000, 0x00000000ecc00000, 0x0000000100000000)
  eden space 25600K, 0% used [0x00000000eab00000,0x00000000eab00000,0x00000000ec400000)
  from space 4096K, 99% used [0x00000000ec800000,0x00000000ecbfb8a8,0x00000000ecc00000)
  to   space 4096K, 0% used [0x00000000ec400000,0x00000000ec400000,0x00000000ec800000)
 ParOldGen       total 68608K, used 1450K [0x00000000c0000000, 0x00000000c4300000, 0x00000000eab00000)
  object space 68608K, 2% used [0x00000000c0000000,0x00000000c016ab80,0x00000000c4300000)
 Metaspace       used 15097K, committed 15360K, reserved 1114112K
  class space    used 1535K, committed 1664K, reserved 1048576K
}
Event: 8.587 GC heap before
{Heap before GC invocations=3 (full 0):
 PSYoungGen      total 29696K, used 29678K [0x00000000eab00000, 0x00000000ecc00000, 0x0000000100000000)
  eden space 25600K, 100% used [0x00000000eab00000,0x00000000ec400000,0x00000000ec400000)
  from space 4096K, 99% used [0x00000000ec800000,0x00000000ecbfb8a8,0x00000000ecc00000)
  to   space 4096K, 0% used [0x00000000ec400000,0x00000000ec400000,0x00000000ec800000)
 ParOldGen       total 68608K, used 1450K [0x00000000c0000000, 0x00000000c4300000, 0x00000000eab00000)
  object space 68608K, 2% used [0x00000000c0000000,0x00000000c016ab80,0x00000000c4300000)
 Metaspace       used 19943K, committed 20352K, reserved 1114112K
  class space    used 2020K, committed 2176K, reserved 1048576K
}
Event: 8.597 GC heap after
{Heap after GC invocations=3 (full 0):
 PSYoungGen      total 29696K, used 4090K [0x00000000eab00000, 0x00000000ecc00000, 0x0000000100000000)
  eden space 25600K, 0% used [0x00000000eab00000,0x00000000eab00000,0x00000000ec400000)
  from space 4096K, 99% used [0x00000000ec400000,0x00000000ec7feb28,0x00000000ec800000)
  to   space 4096K, 0% used [0x00000000ec800000,0x00000000ec800000,0x00000000ecc00000)
 ParOldGen       total 68608K, used 3963K [0x00000000c0000000, 0x00000000c4300000, 0x00000000eab00000)
  object space 68608K, 5% used [0x00000000c0000000,0x00000000c03ded28,0x00000000c4300000)
 Metaspace       used 19943K, committed 20352K, reserved 1114112K
  class space    used 2020K, committed 2176K, reserved 1048576K
}
Event: 9.344 GC heap before
{Heap before GC invocations=4 (full 0):
 PSYoungGen      total 29696K, used 10594K [0x00000000eab00000, 0x00000000ecc00000, 0x0000000100000000)
  eden space 25600K, 25% used [0x00000000eab00000,0x00000000eb159ec0,0x00000000ec400000)
  from space 4096K, 99% used [0x00000000ec400000,0x00000000ec7feb28,0x00000000ec800000)
  to   space 4096K, 0% used [0x00000000ec800000,0x00000000ec800000,0x00000000ecc00000)
 ParOldGen       total 68608K, used 3963K [0x00000000c0000000, 0x00000000c4300000, 0x00000000eab00000)
  object space 68608K, 5% used [0x00000000c0000000,0x00000000c03ded28,0x00000000c4300000)
 Metaspace       used 21037K, committed 21504K, reserved 1114112K
  class space    used 2132K, committed 2368K, reserved 1048576K
}
Event: 9.351 GC heap after
{Heap after GC invocations=4 (full 0):
 PSYoungGen      total 29696K, used 4079K [0x00000000eab00000, 0x00000000ecc00000, 0x0000000100000000)
  eden space 25600K, 0% used [0x00000000eab00000,0x00000000eab00000,0x00000000ec400000)
  from space 4096K, 99% used [0x00000000ec800000,0x00000000ecbfbd70,0x00000000ecc00000)
  to   space 4096K, 0% used [0x00000000ec400000,0x00000000ec400000,0x00000000ec800000)
 ParOldGen       total 68608K, used 4259K [0x00000000c0000000, 0x00000000c4300000, 0x00000000eab00000)
  object space 68608K, 6% used [0x00000000c0000000,0x00000000c0428d38,0x00000000c4300000)
 Metaspace       used 21037K, committed 21504K, reserved 1114112K
  class space    used 2132K, committed 2368K, reserved 1048576K
}
Event: 9.351 GC heap before
{Heap before GC invocations=5 (full 1):
 PSYoungGen      total 29696K, used 4079K [0x00000000eab00000, 0x00000000ecc00000, 0x0000000100000000)
  eden space 25600K, 0% used [0x00000000eab00000,0x00000000eab00000,0x00000000ec400000)
  from space 4096K, 99% used [0x00000000ec800000,0x00000000ecbfbd70,0x00000000ecc00000)
  to   space 4096K, 0% used [0x00000000ec400000,0x00000000ec400000,0x00000000ec800000)
 ParOldGen       total 68608K, used 4259K [0x00000000c0000000, 0x00000000c4300000, 0x00000000eab00000)
  object space 68608K, 6% used [0x00000000c0000000,0x00000000c0428d38,0x00000000c4300000)
 Metaspace       used 21037K, committed 21504K, reserved 1114112K
  class space    used 2132K, committed 2368K, reserved 1048576K
}
Event: 9.402 GC heap after
{Heap after GC invocations=5 (full 1):
 PSYoungGen      total 29696K, used 0K [0x00000000eab00000, 0x00000000ecc00000, 0x0000000100000000)
  eden space 25600K, 0% used [0x00000000eab00000,0x00000000eab00000,0x00000000ec400000)
  from space 4096K, 0% used [0x00000000ec800000,0x00000000ec800000,0x00000000ecc00000)
  to   space 4096K, 0% used [0x00000000ec400000,0x00000000ec400000,0x00000000ec800000)
 ParOldGen       total 68608K, used 8200K [0x00000000c0000000, 0x00000000c4300000, 0x00000000eab00000)
  object space 68608K, 11% used [0x00000000c0000000,0x00000000c0802138,0x00000000c4300000)
 Metaspace       used 21024K, committed 21504K, reserved 1114112K
  class space    used 2129K, committed 2368K, reserved 1048576K
}
Event: 10.988 GC heap before
{Heap before GC invocations=6 (full 1):
 PSYoungGen      total 29696K, used 25600K [0x00000000eab00000, 0x00000000ecc00000, 0x0000000100000000)
  eden space 25600K, 100% used [0x00000000eab00000,0x00000000ec400000,0x00000000ec400000)
  from space 4096K, 0% used [0x00000000ec800000,0x00000000ec800000,0x00000000ecc00000)
  to   space 4096K, 0% used [0x00000000ec400000,0x00000000ec400000,0x00000000ec800000)
 ParOldGen       total 68608K, used 8200K [0x00000000c0000000, 0x00000000c4300000, 0x00000000eab00000)
  object space 68608K, 11% used [0x00000000c0000000,0x00000000c0802138,0x00000000c4300000)
 Metaspace       used 24519K, committed 25088K, reserved 1114112K
  class space    used 2541K, committed 2816K, reserved 1048576K
}
Event: 10.990 GC heap after
{Heap after GC invocations=6 (full 1):
 PSYoungGen      total 27136K, used 1950K [0x00000000eab00000, 0x00000000ec980000, 0x0000000100000000)
  eden space 25088K, 0% used [0x00000000eab00000,0x00000000eab00000,0x00000000ec380000)
  from space 2048K, 95% used [0x00000000ec400000,0x00000000ec5e7ab0,0x00000000ec600000)
  to   space 3072K, 0% used [0x00000000ec680000,0x00000000ec680000,0x00000000ec980000)
 ParOldGen       total 68608K, used 8208K [0x00000000c0000000, 0x00000000c4300000, 0x00000000eab00000)
  object space 68608K, 11% used [0x00000000c0000000,0x00000000c0804138,0x00000000c4300000)
 Metaspace       used 24519K, committed 25088K, reserved 1114112K
  class space    used 2541K, committed 2816K, reserved 1048576K
}
Event: 11.778 GC heap before
{Heap before GC invocations=7 (full 1):
 PSYoungGen      total 27136K, used 26892K [0x00000000eab00000, 0x00000000ec980000, 0x0000000100000000)
  eden space 25088K, 99% used [0x00000000eab00000,0x00000000ec35b688,0x00000000ec380000)
  from space 2048K, 95% used [0x00000000ec400000,0x00000000ec5e7ab0,0x00000000ec600000)
  to   space 3072K, 0% used [0x00000000ec680000,0x00000000ec680000,0x00000000ec980000)
 ParOldGen       total 68608K, used 8208K [0x00000000c0000000, 0x00000000c4300000, 0x00000000eab00000)
  object space 68608K, 11% used [0x00000000c0000000,0x00000000c0804138,0x00000000c4300000)
 Metaspace       used 27858K, committed 28480K, reserved 1114112K
  class space    used 2793K, committed 3072K, reserved 1048576K
}
Event: 11.781 GC heap after
{Heap after GC invocations=7 (full 1):
 PSYoungGen      total 27136K, used 2414K [0x00000000eab00000, 0x00000000ec900000, 0x0000000100000000)
  eden space 24576K, 0% used [0x00000000eab00000,0x00000000eab00000,0x00000000ec300000)
  from space 2560K, 94% used [0x00000000ec680000,0x00000000ec8dba00,0x00000000ec900000)
  to   space 2560K, 0% used [0x00000000ec400000,0x00000000ec400000,0x00000000ec680000)
 ParOldGen       total 68608K, used 8208K [0x00000000c0000000, 0x00000000c4300000, 0x00000000eab00000)
  object space 68608K, 11% used [0x00000000c0000000,0x00000000c0804138,0x00000000c4300000)
 Metaspace       used 27858K, committed 28480K, reserved 1114112K
  class space    used 2793K, committed 3072K, reserved 1048576K
}
Event: 12.337 GC heap before
{Heap before GC invocations=8 (full 1):
 PSYoungGen      total 27136K, used 26989K [0x00000000eab00000, 0x00000000ec900000, 0x0000000100000000)
  eden space 24576K, 99% used [0x00000000eab00000,0x00000000ec2ffd38,0x00000000ec300000)
  from space 2560K, 94% used [0x00000000ec680000,0x00000000ec8dba00,0x00000000ec900000)
  to   space 2560K, 0% used [0x00000000ec400000,0x00000000ec400000,0x00000000ec680000)
 ParOldGen       total 68608K, used 8208K [0x00000000c0000000, 0x00000000c4300000, 0x00000000eab00000)
  object space 68608K, 11% used [0x00000000c0000000,0x00000000c0804138,0x00000000c4300000)
 Metaspace       used 30574K, committed 31104K, reserved 1114112K
  class space    used 3035K, committed 3264K, reserved 1048576K
}
Event: 12.341 GC heap after
{Heap after GC invocations=8 (full 1):
 PSYoungGen      total 26624K, used 2531K [0x00000000eab00000, 0x00000000ec880000, 0x0000000100000000)
  eden space 24064K, 0% used [0x00000000eab00000,0x00000000eab00000,0x00000000ec280000)
  from space 2560K, 98% used [0x00000000ec400000,0x00000000ec678e08,0x00000000ec680000)
  to   space 2048K, 0% used [0x00000000ec680000,0x00000000ec680000,0x00000000ec880000)
 ParOldGen       total 68608K, used 8328K [0x00000000c0000000, 0x00000000c4300000, 0x00000000eab00000)
  object space 68608K, 12% used [0x00000000c0000000,0x00000000c0822138,0x00000000c4300000)
 Metaspace       used 30574K, committed 31104K, reserved 1114112K
  class space    used 3035K, committed 3264K, reserved 1048576K
}
Event: 13.317 GC heap before
{Heap before GC invocations=9 (full 1):
 PSYoungGen      total 26624K, used 26595K [0x00000000eab00000, 0x00000000ec880000, 0x0000000100000000)
  eden space 24064K, 100% used [0x00000000eab00000,0x00000000ec280000,0x00000000ec280000)
  from space 2560K, 98% used [0x00000000ec400000,0x00000000ec678e08,0x00000000ec680000)
  to   space 2048K, 0% used [0x00000000ec680000,0x00000000ec680000,0x00000000ec880000)
 ParOldGen       total 68608K, used 8328K [0x00000000c0000000, 0x00000000c4300000, 0x00000000eab00000)
  object space 68608K, 12% used [0x00000000c0000000,0x00000000c0822138,0x00000000c4300000)
 Metaspace       used 34271K, committed 34880K, reserved 1114112K
  class space    used 3508K, committed 3776K, reserved 1048576K
}
Event: 13.321 GC heap after
{Heap after GC invocations=9 (full 1):
 PSYoungGen      total 25600K, used 2024K [0x00000000eab00000, 0x00000000eca00000, 0x0000000100000000)
  eden space 23552K, 0% used [0x00000000eab00000,0x00000000eab00000,0x00000000ec200000)
  from space 2048K, 98% used [0x00000000ec680000,0x00000000ec87a228,0x00000000ec880000)
  to   space 4096K, 0% used [0x00000000ec200000,0x00000000ec200000,0x00000000ec600000)
 ParOldGen       total 68608K, used 10024K [0x00000000c0000000, 0x00000000c4300000, 0x00000000eab00000)
  object space 68608K, 14% used [0x00000000c0000000,0x00000000c09ca000,0x00000000c4300000)
 Metaspace       used 34271K, committed 34880K, reserved 1114112K
  class space    used 3508K, committed 3776K, reserved 1048576K
}
Event: 13.699 GC heap before
{Heap before GC invocations=10 (full 1):
 PSYoungGen      total 25600K, used 13486K [0x00000000eab00000, 0x00000000eca00000, 0x0000000100000000)
  eden space 23552K, 48% used [0x00000000eab00000,0x00000000eb631908,0x00000000ec200000)
  from space 2048K, 98% used [0x00000000ec680000,0x00000000ec87a228,0x00000000ec880000)
  to   space 4096K, 0% used [0x00000000ec200000,0x00000000ec200000,0x00000000ec600000)
 ParOldGen       total 68608K, used 10024K [0x00000000c0000000, 0x00000000c4300000, 0x00000000eab00000)
  object space 68608K, 14% used [0x00000000c0000000,0x00000000c09ca000,0x00000000c4300000)
 Metaspace       used 35256K, committed 35840K, reserved 1114112K
  class space    used 3634K, committed 3904K, reserved 1048576K
}
Event: 13.703 GC heap after
{Heap after GC invocations=10 (full 1):
 PSYoungGen      total 25088K, used 1184K [0x00000000eab00000, 0x00000000ec700000, 0x0000000100000000)
  eden space 23552K, 0% used [0x00000000eab00000,0x00000000eab00000,0x00000000ec200000)
  from space 1536K, 77% used [0x00000000ec200000,0x00000000ec3281d0,0x00000000ec380000)
  to   space 2560K, 0% used [0x00000000ec480000,0x00000000ec480000,0x00000000ec700000)
 ParOldGen       total 68608K, used 11431K [0x00000000c0000000, 0x00000000c4300000, 0x00000000eab00000)
  object space 68608K, 16% used [0x00000000c0000000,0x00000000c0b29f88,0x00000000c4300000)
 Metaspace       used 35256K, committed 35840K, reserved 1114112K
  class space    used 3634K, committed 3904K, reserved 1048576K
}
Event: 13.703 GC heap before
{Heap before GC invocations=11 (full 2):
 PSYoungGen      total 25088K, used 1184K [0x00000000eab00000, 0x00000000ec700000, 0x0000000100000000)
  eden space 23552K, 0% used [0x00000000eab00000,0x00000000eab00000,0x00000000ec200000)
  from space 1536K, 77% used [0x00000000ec200000,0x00000000ec3281d0,0x00000000ec380000)
  to   space 2560K, 0% used [0x00000000ec480000,0x00000000ec480000,0x00000000ec700000)
 ParOldGen       total 68608K, used 11431K [0x00000000c0000000, 0x00000000c4300000, 0x00000000eab00000)
  object space 68608K, 16% used [0x00000000c0000000,0x00000000c0b29f88,0x00000000c4300000)
 Metaspace       used 35256K, committed 35840K, reserved 1114112K
  class space    used 3634K, committed 3904K, reserved 1048576K
}
Event: 13.745 GC heap after
{Heap after GC invocations=11 (full 2):
 PSYoungGen      total 25088K, used 0K [0x00000000eab00000, 0x00000000ec700000, 0x0000000100000000)
  eden space 23552K, 0% used [0x00000000eab00000,0x00000000eab00000,0x00000000ec200000)
  from space 1536K, 0% used [0x00000000ec200000,0x00000000ec200000,0x00000000ec380000)
  to   space 2560K, 0% used [0x00000000ec480000,0x00000000ec480000,0x00000000ec700000)
 ParOldGen       total 68608K, used 12038K [0x00000000c0000000, 0x00000000c4300000, 0x00000000eab00000)
  object space 68608K, 17% used [0x00000000c0000000,0x00000000c0bc19e0,0x00000000c4300000)
 Metaspace       used 35256K, committed 35840K, reserved 1114112K
  class space    used 3634K, committed 3904K, reserved 1048576K
}

Dll operation events (10 events):
Event: 0.022 Loaded shared library c:\Users\dell\.vscode\extensions\redhat.java-1.19.0-win32-x64\jre\17.0.7-win32-x86_64\bin\java.dll
Event: 0.793 Loaded shared library c:\Users\dell\.vscode\extensions\redhat.java-1.19.0-win32-x64\jre\17.0.7-win32-x86_64\bin\zip.dll
Event: 0.807 Loaded shared library C:\Users\dell\.vscode\extensions\redhat.java-1.19.0-win32-x64\jre\17.0.7-win32-x86_64\bin\instrument.dll
Event: 0.844 Loaded shared library C:\Users\dell\.vscode\extensions\redhat.java-1.19.0-win32-x64\jre\17.0.7-win32-x86_64\bin\net.dll
Event: 0.962 Loaded shared library C:\Users\dell\.vscode\extensions\redhat.java-1.19.0-win32-x64\jre\17.0.7-win32-x86_64\bin\nio.dll
Event: 0.989 Loaded shared library C:\Users\dell\.vscode\extensions\redhat.java-1.19.0-win32-x64\jre\17.0.7-win32-x86_64\bin\zip.dll
Event: 1.028 Loaded shared library C:\Users\dell\.vscode\extensions\redhat.java-1.19.0-win32-x64\jre\17.0.7-win32-x86_64\bin\jimage.dll
Event: 1.180 Loaded shared library c:\Users\dell\.vscode\extensions\redhat.java-1.19.0-win32-x64\jre\17.0.7-win32-x86_64\bin\verify.dll
Event: 4.336 Loaded shared library C:\Users\dell\AppData\Roaming\Code\User\globalStorage\redhat.java\1.19.0\config_win\org.eclipse.equinox.launcher\org.eclipse.equinox.launcher.win32.win32.x86_64_1.2.700.v20221108-1024\eclipse_11801.dll
Event: 14.091 Loaded shared library C:\Users\dell\AppData\Local\Temp\jna-3079617\jna15916213656312634927.dll

Deoptimization events (20 events):
Event: 13.569 Thread 0x000001ef16e8ae80 Uncommon trap: trap_request=0xffffff66 fr.pc=0x000001ef07be1498 relative=0x00000000000000f8
Event: 13.569 Thread 0x000001ef16e8ae80 Uncommon trap: reason=speculate_class_check action=maybe_recompile pc=0x000001ef07be1498 method=java.util.regex.Pattern$CharPredicate.lambda$negate$3(I)Z @ 2 c2
Event: 13.569 Thread 0x000001ef16e8ae80 DEOPT PACKING pc=0x000001ef07be1498 sp=0x00000064182fe200
Event: 13.569 Thread 0x000001ef16e8ae80 DEOPT UNPACKING pc=0x000001ef075866a3 sp=0x00000064182fe120 mode 2
Event: 13.569 Thread 0x000001ef16e8ae80 Uncommon trap: trap_request=0xffffff66 fr.pc=0x000001ef07be1498 relative=0x00000000000000f8
Event: 13.569 Thread 0x000001ef16e8ae80 Uncommon trap: reason=speculate_class_check action=maybe_recompile pc=0x000001ef07be1498 method=java.util.regex.Pattern$CharPredicate.lambda$negate$3(I)Z @ 2 c2
Event: 13.569 Thread 0x000001ef16e8ae80 DEOPT PACKING pc=0x000001ef07be1498 sp=0x00000064182fe200
Event: 13.569 Thread 0x000001ef16e8ae80 DEOPT UNPACKING pc=0x000001ef075866a3 sp=0x00000064182fe120 mode 2
Event: 13.618 Thread 0x000001ef1704de10 Uncommon trap: trap_request=0xffffff45 fr.pc=0x000001ef07b1a880 relative=0x0000000000000700
Event: 13.618 Thread 0x000001ef1704de10 Uncommon trap: reason=unstable_if action=reinterpret pc=0x000001ef07b1a880 method=java.lang.String.replace(Ljava/lang/CharSequence;Ljava/lang/CharSequence;)Ljava/lang/String; @ 42 c2
Event: 13.618 Thread 0x000001ef1704de10 DEOPT PACKING pc=0x000001ef07b1a880 sp=0x0000006417dfb500
Event: 13.619 Thread 0x000001ef1704de10 DEOPT UNPACKING pc=0x000001ef075866a3 sp=0x0000006417dfb490 mode 2
Event: 14.195 Thread 0x000001ef1704de10 Uncommon trap: trap_request=0xffffff45 fr.pc=0x000001ef07bfc720 relative=0x0000000000000dc0
Event: 14.195 Thread 0x000001ef1704de10 Uncommon trap: reason=unstable_if action=reinterpret pc=0x000001ef07bfc720 method=jdk.internal.org.objectweb.asm.SymbolTable.put(Ljdk/internal/org/objectweb/asm/SymbolTable$Entry;)Ljdk/internal/org/objectweb/asm/SymbolTable$Entry; @ 13 c2
Event: 14.195 Thread 0x000001ef1704de10 DEOPT PACKING pc=0x000001ef07bfc720 sp=0x0000006417dfb8a0
Event: 14.196 Thread 0x000001ef1704de10 DEOPT UNPACKING pc=0x000001ef075866a3 sp=0x0000006417dfb7e8 mode 2
Event: 14.488 Thread 0x000001ef1704de10 Uncommon trap: trap_request=0xffffff76 fr.pc=0x000001ef07c3bd1c relative=0x000000000000065c
Event: 14.490 Thread 0x000001ef1704de10 Uncommon trap: reason=predicate action=maybe_recompile pc=0x000001ef07c3bd1c method=java.util.TreeMap.getEntryUsingComparator(Ljava/lang/Object;)Ljava/util/TreeMap$Entry; @ 19 c2
Event: 14.490 Thread 0x000001ef1704de10 DEOPT PACKING pc=0x000001ef07c3bd1c sp=0x0000006417dfc5c0
Event: 14.490 Thread 0x000001ef1704de10 DEOPT UNPACKING pc=0x000001ef075866a3 sp=0x0000006417dfc4e0 mode 2

Classes unloaded (7 events):
Event: 9.359 Thread 0x000001ef7c18cb30 Unloading class 0x000000010021a400 'java/lang/invoke/LambdaForm$MH+0x000000010021a400'
Event: 9.359 Thread 0x000001ef7c18cb30 Unloading class 0x000000010021a000 'java/lang/invoke/LambdaForm$MH+0x000000010021a000'
Event: 9.359 Thread 0x000001ef7c18cb30 Unloading class 0x0000000100219c00 'java/lang/invoke/LambdaForm$MH+0x0000000100219c00'
Event: 9.359 Thread 0x000001ef7c18cb30 Unloading class 0x0000000100219800 'java/lang/invoke/LambdaForm$MH+0x0000000100219800'
Event: 9.359 Thread 0x000001ef7c18cb30 Unloading class 0x0000000100219000 'java/lang/invoke/LambdaForm$BMH+0x0000000100219000'
Event: 9.359 Thread 0x000001ef7c18cb30 Unloading class 0x0000000100218c00 'java/lang/invoke/LambdaForm$DMH+0x0000000100218c00'
Event: 9.359 Thread 0x000001ef7c18cb30 Unloading class 0x0000000100216000 'java/lang/invoke/LambdaForm$DMH+0x0000000100216000'

Classes redefined (0 events):
No events

Internal exceptions (20 events):
Event: 9.524 Thread 0x000001ef16a64870 Exception <a 'java/lang/NoSuchMethodError'{0x00000000eac03f90}: 'java.lang.Object java.lang.invoke.DirectMethodHandle$Holder.invokeSpecial(java.lang.Object, java.lang.Object, java.lang.Object, int, java.lang.Object)'> (0x00000000eac03f90) 
thrown [s\src\hotspot\share\interpreter\linkResolver.cpp, line 759]
Event: 10.237 Thread 0x000001ef1704de10 Exception <a 'java/io/FileNotFoundException'{0x00000000eb740430}> (0x00000000eb740430) 
thrown [s\src\hotspot\share\prims\jni.cpp, line 516]
Event: 10.605 Thread 0x000001ef1704de10 Exception <a 'java/lang/NoSuchMethodError'{0x00000000ebd19138}: 'void java.lang.invoke.DirectMethodHandle$Holder.invokeSpecial(java.lang.Object, java.lang.Object, java.lang.Object, int)'> (0x00000000ebd19138) 
thrown [s\src\hotspot\share\interpreter\linkResolver.cpp, line 759]
Event: 10.880 Thread 0x000001ef16a64870 Exception <a 'java/io/FileNotFoundException'{0x00000000ebfe6858}> (0x00000000ebfe6858) 
thrown [s\src\hotspot\share\prims\jni.cpp, line 516]
Event: 11.810 Thread 0x000001ef16a64870 Exception <a 'java/lang/NoSuchMethodError'{0x00000000ead96e30}: 'void java.lang.invoke.DirectMethodHandle$Holder.invokeStatic(java.lang.Object, java.lang.Object, java.lang.Object, java.lang.Object)'> (0x00000000ead96e30) 
thrown [s\src\hotspot\share\interpreter\linkResolver.cpp, line 759]
Event: 12.011 Thread 0x000001ef16e8ae80 Exception <a 'java/lang/NoSuchMethodError'{0x00000000eb35b1d0}: 'java.lang.Object java.lang.invoke.DirectMethodHandle$Holder.invokeSpecialIFC(java.lang.Object, java.lang.Object, java.lang.Object, java.lang.Object)'> (0x00000000eb35b1d0) 
thrown [s\src\hotspot\share\interpreter\linkResolver.cpp, line 759]
Event: 12.316 Thread 0x000001ef1704de10 Exception <a 'java/lang/ClassNotFoundException'{0x00000000ec2a95e0}: com/sun/org/apache/xerces/internal/impl/msg/spi/DOMMessagesProvider> (0x00000000ec2a95e0) 
thrown [s\src\hotspot\share\classfile\systemDictionary.cpp, line 256]
Event: 12.332 Thread 0x000001ef1704de10 Exception <a 'java/lang/ClassNotFoundException'{0x00000000ec2c52f8}: com/sun/org/apache/xerces/internal/impl/msg/spi/XMLSerializerMessagesProvider> (0x00000000ec2c52f8) 
thrown [s\src\hotspot\share\classfile\systemDictionary.cpp, line 256]
Event: 12.336 Thread 0x000001ef1704de10 Exception <a 'java/lang/ClassNotFoundException'{0x00000000ec2d25d0}: com/sun/org/apache/xerces/internal/impl/msg/spi/XMLMessagesProvider> (0x00000000ec2d25d0) 
thrown [s\src\hotspot\share\classfile\systemDictionary.cpp, line 256]
Event: 12.428 Thread 0x000001ef1704de10 Exception <a 'java/lang/NoSuchMethodError'{0x00000000eac42af8}: 'void java.lang.invoke.DirectMethodHandle$Holder.invokeVirtual(java.lang.Object, java.lang.Object)'> (0x00000000eac42af8) 
thrown [s\src\hotspot\share\interpreter\linkResolver.cpp, line 759]
Event: 12.590 Thread 0x000001ef1704de10 Exception <a 'java/lang/NoSuchMethodError'{0x00000000eb18e960}: 'java.lang.Object java.lang.invoke.DirectMethodHandle$Holder.invokeStaticInit(java.lang.Object, int, int, int, int)'> (0x00000000eb18e960) 
thrown [s\src\hotspot\share\interpreter\linkResolver.cpp, line 759]
Event: 12.674 Thread 0x000001ef16e8ae80 Exception <a 'java/lang/NoSuchMethodError'{0x00000000eb2cf938}: 'int java.lang.invoke.DirectMethodHandle$Holder.invokeSpecialIFC(java.lang.Object, java.lang.Object, java.lang.Object, java.lang.Object, java.lang.Object)'> (0x00000000eb2cf938) 
thrown [s\src\hotspot\share\interpreter\linkResolver.cpp, line 759]
Event: 12.845 Thread 0x000001ef1704de10 Exception <a 'java/lang/NoSuchMethodError'{0x00000000eb5b0e10}: 'java.lang.Object java.lang.invoke.DirectMethodHandle$Holder.invokeStaticInit(java.lang.Object, java.lang.Object, int, int, int, int)'> (0x00000000eb5b0e10) 
thrown [s\src\hotspot\share\interpreter\linkResolver.cpp, line 759]
Event: 13.056 Thread 0x000001ef1704de10 Exception <a 'java/lang/ClassNotFoundException'{0x00000000ebbc9d48}: com/sun/org/apache/xml/internal/serializer/spi/XMLEntitiesProvider> (0x00000000ebbc9d48) 
thrown [s\src\hotspot\share\classfile\systemDictionary.cpp, line 256]
Event: 13.110 Thread 0x000001ef16e8ae80 Exception <a 'java/lang/NoClassDefFoundError'{0x00000000ebcaf8d0}: javax/enterprise/inject/Typed> (0x00000000ebcaf8d0) 
thrown [s\src\hotspot\share\classfile\systemDictionary.cpp, line 245]
Event: 13.478 Thread 0x000001ef1704de10 Exception <a 'java/io/FileNotFoundException'{0x00000000eb14e340}> (0x00000000eb14e340) 
thrown [s\src\hotspot\share\prims\jni.cpp, line 516]
Event: 14.330 Thread 0x000001ef1704de10 Exception <a 'java/lang/UnsatisfiedLinkError'{0x00000000eb6bdff0}: The specified procedure could not be found.
> (0x00000000eb6bdff0) 
thrown [s\src\hotspot\share\prims\jni.cpp, line 535]
Event: 14.485 Thread 0x000001ef1704de10 Exception <a 'java/io/FileNotFoundException'{0x00000000eb925710}> (0x00000000eb925710) 
thrown [s\src\hotspot\share\prims\jni.cpp, line 516]
Event: 14.553 Thread 0x000001ef1704de10 Exception <a 'java/io/FileNotFoundException'{0x00000000eb998150}> (0x00000000eb998150) 
thrown [s\src\hotspot\share\prims\jni.cpp, line 516]
Event: 14.719 Thread 0x000001ef1704de10 Exception <a 'java/lang/UnsatisfiedLinkError'{0x00000000ebbfdc90}: The specified procedure could not be found.
> (0x00000000ebbfdc90) 
thrown [s\src\hotspot\share\prims\jni.cpp, line 535]

VM Operations (20 events):
Event: 12.840 Executing VM operation: HandshakeAllThreads
Event: 12.840 Executing VM operation: HandshakeAllThreads done
Event: 13.035 Executing VM operation: HandshakeAllThreads
Event: 13.035 Executing VM operation: HandshakeAllThreads done
Event: 13.035 Executing VM operation: HandshakeAllThreads
Event: 13.035 Executing VM operation: HandshakeAllThreads done
Event: 13.267 Executing VM operation: HandshakeAllThreads
Event: 13.270 Executing VM operation: HandshakeAllThreads done
Event: 13.317 Executing VM operation: ParallelGCFailedAllocation
Event: 13.322 Executing VM operation: ParallelGCFailedAllocation done
Event: 13.699 Executing VM operation: CollectForMetadataAllocation
Event: 13.745 Executing VM operation: CollectForMetadataAllocation done
Event: 14.122 Executing VM operation: HandshakeAllThreads
Event: 14.165 Executing VM operation: HandshakeAllThreads done
Event: 14.423 Executing VM operation: HandshakeAllThreads
Event: 14.440 Executing VM operation: HandshakeAllThreads done
Event: 14.782 Executing VM operation: HandshakeAllThreads
Event: 14.783 Executing VM operation: HandshakeAllThreads done
Event: 14.783 Executing VM operation: Cleanup
Event: 14.783 Executing VM operation: Cleanup done

Events (20 events):
Event: 14.549 loading class java/security/InvalidAlgorithmParameterException done
Event: 14.549 loading class java/security/spec/InvalidKeySpecException
Event: 14.549 loading class java/security/spec/InvalidKeySpecException done
Event: 14.549 loading class javax/crypto/NoSuchPaddingException
Event: 14.549 loading class javax/crypto/NoSuchPaddingException done
Event: 14.552 loading class javax/crypto/spec/PBEKeySpec
Event: 14.552 loading class javax/crypto/spec/PBEKeySpec done
Event: 14.665 Thread 0x000001ef171c8920 Thread added: 0x000001ef171c8920
Event: 14.716 loading class jdk/internal/reflect/UnsafeBooleanFieldAccessorImpl
Event: 14.717 loading class jdk/internal/reflect/UnsafeBooleanFieldAccessorImpl done
Event: 14.803 loading class sun/reflect/generics/scope/ConstructorScope
Event: 14.803 loading class sun/reflect/generics/scope/ConstructorScope done
Event: 14.803 loading class sun/reflect/generics/repository/ConstructorRepository
Event: 14.804 loading class sun/reflect/generics/repository/ConstructorRepository done
Event: 14.804 loading class sun/reflect/generics/tree/VoidDescriptor
Event: 14.804 loading class sun/reflect/generics/tree/VoidDescriptor done
Event: 14.804 loading class sun/reflect/generics/tree/MethodTypeSignature
Event: 14.804 loading class sun/reflect/generics/tree/MethodTypeSignature done
Event: 14.848 loading class java/lang/InheritableThreadLocal
Event: 14.848 loading class java/lang/InheritableThreadLocal done


Dynamic libraries:
0x00007ff76b780000 - 0x00007ff76b78e000 	c:\Users\dell\.vscode\extensions\redhat.java-1.19.0-win32-x64\jre\17.0.7-win32-x86_64\bin\java.exe
0x00007ffb7df50000 - 0x00007ffb7e164000 	C:\WINDOWS\SYSTEM32\ntdll.dll
0x00007ffb7d5e0000 - 0x00007ffb7d6a2000 	C:\WINDOWS\System32\KERNEL32.DLL
0x00007ffb7b5a0000 - 0x00007ffb7b943000 	C:\WINDOWS\System32\KERNELBASE.dll
0x00007ffb7b980000 - 0x00007ffb7ba91000 	C:\WINDOWS\System32\ucrtbase.dll
0x00007ffb70d00000 - 0x00007ffb70d17000 	c:\Users\dell\.vscode\extensions\redhat.java-1.19.0-win32-x64\jre\17.0.7-win32-x86_64\bin\jli.dll
0x00007ffb7d800000 - 0x00007ffb7d9ab000 	C:\WINDOWS\System32\USER32.dll
0x00007ffb7b950000 - 0x00007ffb7b976000 	C:\WINDOWS\System32\win32u.dll
0x00007ffb7d360000 - 0x00007ffb7d389000 	C:\WINDOWS\System32\GDI32.dll
0x00007ffb7bb40000 - 0x00007ffb7bc58000 	C:\WINDOWS\System32\gdi32full.dll
0x00007ffb7baa0000 - 0x00007ffb7bb3a000 	C:\WINDOWS\System32\msvcp_win.dll
0x00007ffb6fa00000 - 0x00007ffb6fa19000 	c:\Users\dell\.vscode\extensions\redhat.java-1.19.0-win32-x64\jre\17.0.7-win32-x86_64\bin\VCRUNTIME140.dll
0x00007ffb6ee30000 - 0x00007ffb6f0be000 	C:\WINDOWS\WinSxS\amd64_microsoft.windows.common-controls_6595b64144ccf1df_6.0.22621.1635_none_270f70857386168e\COMCTL32.dll
0x00007ffb7d530000 - 0x00007ffb7d5d7000 	C:\WINDOWS\System32\msvcrt.dll
0x00007ffb7ce60000 - 0x00007ffb7ce91000 	C:\WINDOWS\System32\IMM32.DLL
0x00007ffb75340000 - 0x00007ffb7534c000 	c:\Users\dell\.vscode\extensions\redhat.java-1.19.0-win32-x64\jre\17.0.7-win32-x86_64\bin\vcruntime140_1.dll
0x00007ffb3b1c0000 - 0x00007ffb3b251000 	c:\Users\dell\.vscode\extensions\redhat.java-1.19.0-win32-x64\jre\17.0.7-win32-x86_64\bin\msvcp140.dll
0x00007ffb10330000 - 0x00007ffb10f78000 	c:\Users\dell\.vscode\extensions\redhat.java-1.19.0-win32-x64\jre\17.0.7-win32-x86_64\bin\server\jvm.dll
0x00007ffb7ddb0000 - 0x00007ffb7de5e000 	C:\WINDOWS\System32\ADVAPI32.dll
0x00007ffb7de60000 - 0x00007ffb7df04000 	C:\WINDOWS\System32\sechost.dll
0x00007ffb7cec0000 - 0x00007ffb7cfd7000 	C:\WINDOWS\System32\RPCRT4.dll
0x00007ffb517d0000 - 0x00007ffb517d9000 	C:\WINDOWS\SYSTEM32\WSOCK32.dll
0x00007ffb7bd50000 - 0x00007ffb7bdc1000 	C:\WINDOWS\System32\WS2_32.dll
0x00007ffb73470000 - 0x00007ffb734a4000 	C:\WINDOWS\SYSTEM32\WINMM.dll
0x00007ffb73a30000 - 0x00007ffb73a3a000 	C:\WINDOWS\SYSTEM32\VERSION.dll
0x00007ffb7a4b0000 - 0x00007ffb7a4c8000 	C:\WINDOWS\SYSTEM32\kernel.appcore.dll
0x00007ffb75890000 - 0x00007ffb7589a000 	c:\Users\dell\.vscode\extensions\redhat.java-1.19.0-win32-x64\jre\17.0.7-win32-x86_64\bin\jimage.dll
0x00007ffb78f20000 - 0x00007ffb7914e000 	C:\WINDOWS\SYSTEM32\DBGHELP.DLL
0x00007ffb7c2b0000 - 0x00007ffb7c639000 	C:\WINDOWS\System32\combase.dll
0x00007ffb7db30000 - 0x00007ffb7dc07000 	C:\WINDOWS\System32\OLEAUT32.dll
0x00007ffb67b80000 - 0x00007ffb67bb2000 	C:\WINDOWS\SYSTEM32\dbgcore.DLL
0x00007ffb7bcd0000 - 0x00007ffb7bd4b000 	C:\WINDOWS\System32\bcryptPrimitives.dll
0x00007ffb75880000 - 0x00007ffb7588e000 	c:\Users\dell\.vscode\extensions\redhat.java-1.19.0-win32-x64\jre\17.0.7-win32-x86_64\bin\instrument.dll
0x00007ffb4e2e0000 - 0x00007ffb4e305000 	c:\Users\dell\.vscode\extensions\redhat.java-1.19.0-win32-x64\jre\17.0.7-win32-x86_64\bin\java.dll
0x00007ffb66870000 - 0x00007ffb66888000 	c:\Users\dell\.vscode\extensions\redhat.java-1.19.0-win32-x64\jre\17.0.7-win32-x86_64\bin\zip.dll
0x00007ffb7c660000 - 0x00007ffb7ce5a000 	C:\WINDOWS\System32\SHELL32.dll
0x00007ffb79370000 - 0x00007ffb79c3e000 	C:\WINDOWS\SYSTEM32\windows.storage.dll
0x00007ffb79230000 - 0x00007ffb7936e000 	C:\WINDOWS\SYSTEM32\wintypes.dll
0x00007ffb7d1a0000 - 0x00007ffb7d291000 	C:\WINDOWS\System32\SHCORE.dll
0x00007ffb7bdd0000 - 0x00007ffb7be2e000 	C:\WINDOWS\System32\shlwapi.dll
0x00007ffb7b2a0000 - 0x00007ffb7b2c1000 	C:\WINDOWS\SYSTEM32\profapi.dll
0x00007ffb661d0000 - 0x00007ffb661e9000 	C:\Users\dell\.vscode\extensions\redhat.java-1.19.0-win32-x64\jre\17.0.7-win32-x86_64\bin\net.dll
0x00007ffb738c0000 - 0x00007ffb739f7000 	C:\WINDOWS\SYSTEM32\WINHTTP.dll
0x00007ffb3f250000 - 0x00007ffb3f530000 	C:\Windows\GearUPBooster\lsp64.dll
0x00007ffb7b430000 - 0x00007ffb7b597000 	C:\WINDOWS\System32\CRYPT32.dll
0x00007ffb79ea0000 - 0x00007ffb79ecd000 	C:\WINDOWS\SYSTEM32\IPHLPAPI.DLL
0x00007ffb7a920000 - 0x00007ffb7a989000 	C:\WINDOWS\system32\mswsock.dll
0x00007ffb7bc60000 - 0x00007ffb7bccb000 	C:\WINDOWS\System32\WINTRUST.DLL
0x00007ffb7abe0000 - 0x00007ffb7abf2000 	C:\WINDOWS\SYSTEM32\MSASN1.dll
0x00007ffb7dca0000 - 0x00007ffb7dcbf000 	C:\WINDOWS\System32\imagehlp.dll
0x00007ffb7ab90000 - 0x00007ffb7abab000 	C:\WINDOWS\SYSTEM32\CRYPTSP.dll
0x00007ffb7a420000 - 0x00007ffb7a455000 	C:\WINDOWS\system32\rsaenh.dll
0x00007ffb7ab80000 - 0x00007ffb7ab8c000 	C:\WINDOWS\SYSTEM32\CRYPTBASE.dll
0x00007ffb7ad40000 - 0x00007ffb7ad68000 	C:\WINDOWS\SYSTEM32\bcrypt.dll
0x00007ffb4d9d0000 - 0x00007ffb4d9e5000 	C:\Users\dell\.vscode\extensions\redhat.java-1.19.0-win32-x64\jre\17.0.7-win32-x86_64\bin\nio.dll
0x00007ffb70d30000 - 0x00007ffb70d40000 	c:\Users\dell\.vscode\extensions\redhat.java-1.19.0-win32-x64\jre\17.0.7-win32-x86_64\bin\verify.dll
0x00007ffb37a50000 - 0x00007ffb37a8e000 	C:\Users\dell\AppData\Roaming\Code\User\globalStorage\redhat.java\1.19.0\config_win\org.eclipse.equinox.launcher\org.eclipse.equinox.launcher.win32.win32.x86_64_1.2.700.v20221108-1024\eclipse_11801.dll
0x00007ffb7d390000 - 0x00007ffb7d52c000 	C:\WINDOWS\System32\ole32.dll
0x00007ffb7aa20000 - 0x00007ffb7aa48000 	C:\WINDOWS\SYSTEM32\USERENV.dll
0x00007ffb7dc90000 - 0x00007ffb7dc99000 	C:\WINDOWS\System32\NSI.dll
0x00007ffb73450000 - 0x00007ffb73469000 	C:\WINDOWS\SYSTEM32\dhcpcsvc6.DLL
0x00007ffb73330000 - 0x00007ffb7334f000 	C:\WINDOWS\SYSTEM32\dhcpcsvc.DLL
0x00007ffb79f10000 - 0x00007ffb7a003000 	C:\WINDOWS\SYSTEM32\DNSAPI.dll
0x00007ffb44b40000 - 0x00007ffb44b85000 	C:\Users\dell\AppData\Local\Temp\jna-3079617\jna15916213656312634927.dll
0x00007ffb7cea0000 - 0x00007ffb7cea8000 	C:\WINDOWS\System32\PSAPI.DLL

dbghelp: loaded successfully - version: 4.0.5 - missing functions: none
symbol engine: initialized successfully - sym options: 0x614 - pdb path: .;c:\Users\dell\.vscode\extensions\redhat.java-1.19.0-win32-x64\jre\17.0.7-win32-x86_64\bin;C:\WINDOWS\SYSTEM32;C:\WINDOWS\WinSxS\amd64_microsoft.windows.common-controls_6595b64144ccf1df_6.0.22621.1635_none_270f70857386168e;c:\Users\dell\.vscode\extensions\redhat.java-1.19.0-win32-x64\jre\17.0.7-win32-x86_64\bin\server;C:\Windows\GearUPBooster;C:\Users\dell\AppData\Roaming\Code\User\globalStorage\redhat.java\1.19.0\config_win\org.eclipse.equinox.launcher\org.eclipse.equinox.launcher.win32.win32.x86_64_1.2.700.v20221108-1024;C:\Users\dell\AppData\Local\Temp\jna-3079617

VM Arguments:
jvm_args: --add-modules=ALL-SYSTEM --add-opens=java.base/java.util=ALL-UNNAMED --add-opens=java.base/java.lang=ALL-UNNAMED --add-opens=java.base/sun.nio.fs=ALL-UNNAMED -Declipse.application=org.eclipse.jdt.ls.core.id1 -Dosgi.bundles.defaultStartLevel=4 -Declipse.product=org.eclipse.jdt.ls.core.product -Djava.import.generatesMetadataFilesAtProjectRoot=false -Dfile.encoding=utf8 -XX:+UseParallelGC -XX:GCTimeRatio=4 -XX:AdaptiveSizePolicyWeight=90 -Dsun.zip.disableMemoryMapping=true -Xmx1G -Xms100m -Xlog:disable -javaagent:c:\Users\dell\.vscode\extensions\redhat.java-1.19.0-win32-x64\lombok\lombok-1.18.28.jar -XX:+HeapDumpOnOutOfMemoryError -XX:HeapDumpPath=c:\Users\dell\AppData\Roaming\Code\User\workspaceStorage\e9fa6566079bcdb2e3257726406d1d82\redhat.java -Daether.dependencyCollector.impl=bf 
java_command: c:\Users\dell\.vscode\extensions\redhat.java-1.19.0-win32-x64\server\plugins\org.eclipse.equinox.launcher_1.6.400.v20210924-0641.jar -configuration c:\Users\dell\AppData\Roaming\Code\User\globalStorage\redhat.java\1.19.0\config_win -data c:\Users\dell\AppData\Roaming\Code\User\workspaceStorage\e9fa6566079bcdb2e3257726406d1d82\redhat.java\jdt_ws
java_class_path (initial): c:\Users\dell\.vscode\extensions\redhat.java-1.19.0-win32-x64\server\plugins\org.eclipse.equinox.launcher_1.6.400.v20210924-0641.jar
Launcher Type: SUN_STANDARD

[Global flags]
    uintx AdaptiveSizePolicyWeight                 = 90                                        {product} {command line}
     intx CICompilerCount                          = 4                                         {product} {ergonomic}
    uintx GCTimeRatio                              = 4                                         {product} {command line}
     bool HeapDumpOnOutOfMemoryError               = true                                   {manageable} {command line}
    ccstr HeapDumpPath                             = c:\Users\dell\AppData\Roaming\Code\User\workspaceStorage\e9fa6566079bcdb2e3257726406d1d82\redhat.java         {manageable} {command line}
   size_t InitialHeapSize                          = 104857600                                 {product} {command line}
   size_t MaxHeapSize                              = 1073741824                                {product} {command line}
   size_t MaxNewSize                               = 357564416                                 {product} {ergonomic}
   size_t MinHeapDeltaBytes                        = 524288                                    {product} {ergonomic}
   size_t MinHeapSize                              = 104857600                                 {product} {command line}
   size_t NewSize                                  = 34603008                                  {product} {ergonomic}
    uintx NonNMethodCodeHeapSize                   = 5839372                                {pd product} {ergonomic}
    uintx NonProfiledCodeHeapSize                  = 122909434                              {pd product} {ergonomic}
   size_t OldSize                                  = 70254592                                  {product} {ergonomic}
    uintx ProfiledCodeHeapSize                     = 122909434                              {pd product} {ergonomic}
    uintx ReservedCodeCacheSize                    = 251658240                              {pd product} {ergonomic}
     bool SegmentedCodeCache                       = true                                      {product} {ergonomic}
   size_t SoftMaxHeapSize                          = 1073741824                             {manageable} {ergonomic}
     bool UseCompressedClassPointers               = true                           {product lp64_product} {ergonomic}
     bool UseCompressedOops                        = true                           {product lp64_product} {ergonomic}
     bool UseLargePagesIndividualAllocation        = false                                  {pd product} {ergonomic}
     bool UseParallelGC                            = true                                      {product} {command line}

Logging:
Log output configuration:
 #0: stdout all=off uptime,level,tags
 #1: stderr all=off uptime,level,tags

Environment Variables:
JAVA_HOME=F:\java\
PATH=F:\java\bin;C:\Program Files\Common Files\Oracle\Java\javapath;C:\WINDOWS\system32;C:\WINDOWS;C:\WINDOWS\System32\Wbem;C:\WINDOWS\System32\WindowsPowerShell\v1.0\;C:\WINDOWS\System32\OpenSSH\;C:\Program Files\Common Files\Autodesk Shared\;C:\Program Files (x86)\Autodesk\Backburner\;C:\Program Files\Microsoft SQL Server\120\Tools\Binn\;C:\Program Files\Microsoft SQL Server\110\Tools\Binn\;C:\Program Files (x86)\Microsoft SQL Server\110\Tools\Binn\;C:\Program Files\Microsoft SQL Server\110\DTS\Binn\;D:\New folder\opencv\build\x64\vc15\bin;C:\Strawberry\c\bin;C:\Strawberry\perl\site\bin;C:\Strawberry\perl\bin;C:\Program Files\dotnet\;C:\Program Files\Docker\Docker\resources\bin;C:\ProgramData\DockerDesktop\version-bin;C:\WINDOWS\system32;C:\WINDOWS;C:\WINDOWS\System32\Wbem;C:\WINDOWS\System32\WindowsPowerShell\v1.0\;C:\WINDOWS\System32\OpenSSH\;C:\Program Files\nodejs\;D:\Git\cmd;C:\Program Files\MySQL\MySQL Shell 8.0\bin\;C:\Users\dell\AppData\Local\Programs\Python\Python39\Scripts\;C:\Users\dell\AppData\Local\Programs\Python\Python39\;C:\Users\dell\AppData\Local\Microsoft\WindowsApps;C:\Program Files\JetBrains\PyCharm Community Edition 2021.1\bin;;C:\Program Files (x86)\Dev-Cpp\MinGW64\bin;C:\Users\dell\AppData\Local\Programs\MiKTeX\miktex\bin\x64\;C:\Strawberry\perl\bin;C:\Strawberry\c\bin;C:\Users\dell\AppData\Local\Programs\Microsoft VS Code\bin;C:\Users\dell\.dotnet\tools;C:\Users\dell\AppData\Roaming\npm
USERNAME=dell
OS=Windows_NT
PROCESSOR_IDENTIFIER=Intel64 Family 6 Model 142 Stepping 10, GenuineIntel
TMP=C:\Users\dell\AppData\Local\Temp
TEMP=C:\Users\dell\AppData\Local\Temp



---------------  S Y S T E M  ---------------

OS:
 Windows 11 , 64 bit Build 22621 (10.0.22621.1635)
OS uptime: 2 days 5:18 hours

CPU: total 8 (initial active 8) (4 cores per cpu, 2 threads per core) family 6 model 142 stepping 10 microcode 0xe0, cx8, cmov, fxsr, ht, mmx, 3dnowpref, sse, sse2, sse3, ssse3, sse4.1, sse4.2, popcnt, lzcnt, tsc, tscinvbit, avx, avx2, aes, erms, clmul, bmi1, bmi2, adx, fma, vzeroupper, clflush, clflushopt

Memory: 4k page, system-wide physical 8056M (538M free)
TotalPageFile size 12152M (AvailPageFile size 6M)
current process WorkingSet (physical memory assigned to process): 161M, peak: 165M
current process commit charge ("private bytes"): 261M, peak: 264M

vm_info: OpenJDK 64-Bit Server VM (17.0.7+7) for windows-amd64 JRE (17.0.7+7), built on Apr 18 2023 22:10:42 by "temurin" with MS VC++ 16.7 (VS2019)

END.
