#
# There is insufficient memory for the Java Runtime Environment to continue.
# Native memory allocation (malloc) failed to allocate 1674416 bytes for Chunk::new
# Possible reasons:
#   The system is out of physical RAM or swap space
#   The process is running with CompressedOops enabled, and the Java Heap may be blocking the growth of the native heap
# Possible solutions:
#   Reduce memory load on the system
#   Increase physical memory or swap space
#   Check if swap backing store is full
#   Decrease Java heap size (-Xmx/-Xms)
#   Decrease number of Java threads
#   Decrease Java thread stack sizes (-Xss)
#   Set larger code cache with -XX:ReservedCodeCacheSize=
#   JVM is running with Unscaled Compressed Oops mode in which the Java heap is
#     placed in the first 4GB address space. The Java Heap base address is the
#     maximum limit for the native heap growth. Please use -XX:HeapBaseMinAddress
#     to set the Java Heap base and to place the Java Heap above 4GB virtual address.
# This output file may be truncated or incomplete.
#
#  Out of Memory Error (./src/hotspot/share/memory/arena.cpp:197), pid=8600, tid=25440
#
# JRE version: OpenJDK Runtime Environment Microsoft-18724 (11.0.10+9) (build 11.0.10+9)
# Java VM: OpenJDK 64-Bit Server VM Microsoft-18724 (11.0.10+9, mixed mode, tiered, compressed oops, g1 gc, windows-amd64)
# No core dump will be written. Minidumps are not enabled by default on client versions of Windows
#

---------------  S U M M A R Y ------------

Command Line: Main.Main

Host: Intel(R) Core(TM) i5-8250U CPU @ 1.60GHz, 8 cores, 7G,  Windows 10 , 64 bit Build 22621 (10.0.22621.1635)
Time: Mon May 29 13:54:39 2023 SE Asia Standard Time elapsed time: 2.994251 seconds (0d 0h 0m 2s)

---------------  T H R E A D  ---------------

Current thread (0x000002253ff20000):  JavaThread "C2 CompilerThread0" daemon [_thread_in_native, id=25440, stack(0x000000e449600000,0x000000e449700000)]


Current CompileTask:
C2:   2994 1269       4       sun.font.TrueTypeFont::initAllNames (179 bytes)

Stack: [0x000000e449600000,0x000000e449700000]
Native frames: (J=compiled Java code, j=interpreted, Vv=VM code, C=native code)
V  [jvm.dll+0x5fa95a]
V  [jvm.dll+0x783d6e]
V  [jvm.dll+0x78543f]
V  [jvm.dll+0x785b03]
V  [jvm.dll+0x246c98]
V  [jvm.dll+0xbe6cc]
V  [jvm.dll+0xbedcc]
V  [jvm.dll+0x34bfd2]
V  [jvm.dll+0x319e73]
V  [jvm.dll+0x3191aa]
V  [jvm.dll+0x200585]
V  [jvm.dll+0x1ff76f]
V  [jvm.dll+0x18472c]
V  [jvm.dll+0x20ec97]
V  [jvm.dll+0x20ce7b]
V  [jvm.dll+0x748249]
V  [jvm.dll+0x7412b4]
V  [jvm.dll+0x5f97d6]
C  [ucrtbase.dll+0x29363]
C  [KERNEL32.DLL+0x126ad]
C  [ntdll.dll+0x5a9f8]


---------------  P R O C E S S  ---------------

Threads class SMR info:
_java_thread_list=0x00000225427581b0, length=16, elements={
0x000002253f5b1000, 0x000002253f5ba000, 0x000002253ff12800, 0x000002253ff15000,
0x000002253ff16000, 0x000002253ff20000, 0x000002253ff28800, 0x000002253ff2d000,
0x00000225400ba800, 0x0000022540340000, 0x0000022540341000, 0x0000022540341800,
0x0000022540449800, 0x000002252065b800, 0x0000022541e0b800, 0x0000022542758800
}

Java Threads: ( => current thread )
  0x000002253f5b1000 JavaThread "Reference Handler" daemon [_thread_blocked, id=24924, stack(0x000000e449100000,0x000000e449200000)]
  0x000002253f5ba000 JavaThread "Finalizer" daemon [_thread_blocked, id=14560, stack(0x000000e449200000,0x000000e449300000)]
  0x000002253ff12800 JavaThread "Signal Dispatcher" daemon [_thread_blocked, id=20244, stack(0x000000e449300000,0x000000e449400000)]
  0x000002253ff15000 JavaThread "Attach Listener" daemon [_thread_blocked, id=2124, stack(0x000000e449400000,0x000000e449500000)]
  0x000002253ff16000 JavaThread "Service Thread" daemon [_thread_blocked, id=9792, stack(0x000000e449500000,0x000000e449600000)]
=>0x000002253ff20000 JavaThread "C2 CompilerThread0" daemon [_thread_in_native, id=25440, stack(0x000000e449600000,0x000000e449700000)]
  0x000002253ff28800 JavaThread "C1 CompilerThread0" daemon [_thread_blocked, id=13164, stack(0x000000e449700000,0x000000e449800000)]
  0x000002253ff2d000 JavaThread "Sweeper thread" daemon [_thread_blocked, id=23052, stack(0x000000e449800000,0x000000e449900000)]
  0x00000225400ba800 JavaThread "Common-Cleaner" daemon [_thread_blocked, id=14720, stack(0x000000e449a00000,0x000000e449b00000)]
  0x0000022540340000 JavaThread "Java2D Disposer" daemon [_thread_blocked, id=24168, stack(0x000000e449c00000,0x000000e449d00000)]
  0x0000022540341000 JavaThread "AWT-Shutdown" [_thread_blocked, id=29508, stack(0x000000e449d00000,0x000000e449e00000)]
  0x0000022540341800 JavaThread "AWT-Windows" daemon [_thread_in_native, id=2300, stack(0x000000e449e00000,0x000000e449f00000)]
  0x0000022540449800 JavaThread "AWT-EventQueue-0" [_thread_blocked, id=26012, stack(0x000000e449f00000,0x000000e44a000000)]
  0x000002252065b800 JavaThread "DestroyJavaVM" [_thread_blocked, id=15688, stack(0x000000e448a00000,0x000000e448b00000)]
  0x0000022541e0b800 JavaThread "C2 CompilerThread1" daemon [_thread_in_native, id=15296, stack(0x000000e449b00000,0x000000e449c00000)]
  0x0000022542758800 JavaThread "TimerQueue" daemon [_thread_blocked, id=14660, stack(0x000000e44a400000,0x000000e44a500000)]

Other Threads:
  0x000002253f58d800 VMThread "VM Thread" [stack: 0x000000e449000000,0x000000e449100000] [id=3972]
  0x00000225400ae000 WatcherThread [stack: 0x000000e449900000,0x000000e449a00000] [id=18616]
  0x0000022520673800 GCTaskThread "GC Thread#0" [stack: 0x000000e448b00000,0x000000e448c00000] [id=1392]
  0x00000225206af800 ConcurrentGCThread "G1 Main Marker" [stack: 0x000000e448c00000,0x000000e448d00000] [id=2196]
  0x0000022520676800 ConcurrentGCThread "G1 Conc#0" [stack: 0x000000e448d00000,0x000000e448e00000] [id=17272]
  0x000002253f3f8800 ConcurrentGCThread "G1 Refine#0" [stack: 0x000000e448e00000,0x000000e448f00000] [id=19472]
  0x000002253f3fb000 ConcurrentGCThread "G1 Young RemSet Sampling" [stack: 0x000000e448f00000,0x000000e449000000] [id=3844]

Threads with active compile tasks:
C2 CompilerThread0   3094 1269       4       sun.font.TrueTypeFont::initAllNames (179 bytes)
C2 CompilerThread1   3094 1467       4       sun.java2d.marlin.MarlinTileGenerator::getAlphaRLE (1749 bytes)

VM state:not at safepoint (normal execution)

VM Mutex/Monitor currently owned by a thread: None

Heap address: 0x0000000082000000, size: 2016 MB, Compressed Oops mode: 32-bit
Narrow klass base: 0x0000000000000000, Narrow klass shift: 3
Compressed class space size: 1073741824 Address: 0x0000000100000000

Heap:
 garbage-first heap   total 129024K, used 33792K [0x0000000082000000, 0x0000000100000000)
  region size 1024K, 23 young (23552K), 0 survivors (0K)
 Metaspace       used 17357K, capacity 17817K, committed 18048K, reserved 1069056K
  class space    used 1885K, capacity 2069K, committed 2176K, reserved 1048576K
Heap Regions: E=young(eden), S=young(survivor), O=old, HS=humongous(starts), HC=humongous(continues), CS=collection set, F=free, A=archive, TAMS=top-at-mark-start (previous, next)
|   0|0x0000000082000000, 0x0000000082100000, 0x0000000082100000|100%|HS|  |TAMS 0x0000000082000000, 0x0000000082000000| Complete 
|   1|0x0000000082100000, 0x0000000082200000, 0x0000000082200000|100%|HC|  |TAMS 0x0000000082100000, 0x0000000082100000| Complete 
|   2|0x0000000082200000, 0x0000000082300000, 0x0000000082300000|100%|HC|  |TAMS 0x0000000082200000, 0x0000000082200000| Complete 
|   3|0x0000000082300000, 0x0000000082400000, 0x0000000082400000|100%|HC|  |TAMS 0x0000000082300000, 0x0000000082300000| Complete 
|   4|0x0000000082400000, 0x0000000082500000, 0x0000000082500000|100%|HS|  |TAMS 0x0000000082400000, 0x0000000082400000| Complete 
|   5|0x0000000082500000, 0x0000000082600000, 0x0000000082600000|100%|HC|  |TAMS 0x0000000082500000, 0x0000000082500000| Complete 
|   6|0x0000000082600000, 0x0000000082700000, 0x0000000082700000|100%|HC|  |TAMS 0x0000000082600000, 0x0000000082600000| Complete 
|   7|0x0000000082700000, 0x0000000082800000, 0x0000000082800000|100%|HC|  |TAMS 0x0000000082700000, 0x0000000082700000| Complete 
|   8|0x0000000082800000, 0x0000000082900000, 0x0000000082900000|100%|HS|  |TAMS 0x0000000082800000, 0x0000000082800000| Complete 
|   9|0x0000000082900000, 0x0000000082a00000, 0x0000000082a00000|100%|HC|  |TAMS 0x0000000082900000, 0x0000000082900000| Complete 
|  10|0x0000000082a00000, 0x0000000082b00000, 0x0000000082b00000|100%|HC|  |TAMS 0x0000000082a00000, 0x0000000082a00000| Complete 
|  11|0x0000000082b00000, 0x0000000082c00000, 0x0000000082c00000|100%|HC|  |TAMS 0x0000000082b00000, 0x0000000082b00000| Complete 
|  12|0x0000000082c00000, 0x0000000082c00000, 0x0000000082d00000|  0%| F|  |TAMS 0x0000000082c00000, 0x0000000082c00000| Untracked 
|  13|0x0000000082d00000, 0x0000000082d00000, 0x0000000082e00000|  0%| F|  |TAMS 0x0000000082d00000, 0x0000000082d00000| Untracked 
|  14|0x0000000082e00000, 0x0000000082e00000, 0x0000000082f00000|  0%| F|  |TAMS 0x0000000082e00000, 0x0000000082e00000| Untracked 
|  15|0x0000000082f00000, 0x0000000082f00000, 0x0000000083000000|  0%| F|  |TAMS 0x0000000082f00000, 0x0000000082f00000| Untracked 
|  16|0x0000000083000000, 0x0000000083000000, 0x0000000083100000|  0%| F|  |TAMS 0x0000000083000000, 0x0000000083000000| Untracked 
|  17|0x0000000083100000, 0x0000000083100000, 0x0000000083200000|  0%| F|  |TAMS 0x0000000083100000, 0x0000000083100000| Untracked 
|  18|0x0000000083200000, 0x0000000083200000, 0x0000000083300000|  0%| F|  |TAMS 0x0000000083200000, 0x0000000083200000| Untracked 
|  19|0x0000000083300000, 0x0000000083300000, 0x0000000083400000|  0%| F|  |TAMS 0x0000000083300000, 0x0000000083300000| Untracked 
|  20|0x0000000083400000, 0x0000000083400000, 0x0000000083500000|  0%| F|  |TAMS 0x0000000083400000, 0x0000000083400000| Untracked 
|  21|0x0000000083500000, 0x0000000083500000, 0x0000000083600000|  0%| F|  |TAMS 0x0000000083500000, 0x0000000083500000| Untracked 
|  22|0x0000000083600000, 0x0000000083600000, 0x0000000083700000|  0%| F|  |TAMS 0x0000000083600000, 0x0000000083600000| Untracked 
|  23|0x0000000083700000, 0x0000000083700000, 0x0000000083800000|  0%| F|  |TAMS 0x0000000083700000, 0x0000000083700000| Untracked 
|  24|0x0000000083800000, 0x0000000083800000, 0x0000000083900000|  0%| F|  |TAMS 0x0000000083800000, 0x0000000083800000| Untracked 
|  25|0x0000000083900000, 0x0000000083900000, 0x0000000083a00000|  0%| F|  |TAMS 0x0000000083900000, 0x0000000083900000| Untracked 
|  26|0x0000000083a00000, 0x0000000083a00000, 0x0000000083b00000|  0%| F|  |TAMS 0x0000000083a00000, 0x0000000083a00000| Untracked 
|  27|0x0000000083b00000, 0x0000000083b00000, 0x0000000083c00000|  0%| F|  |TAMS 0x0000000083b00000, 0x0000000083b00000| Untracked 
|  28|0x0000000083c00000, 0x0000000083c00000, 0x0000000083d00000|  0%| F|  |TAMS 0x0000000083c00000, 0x0000000083c00000| Untracked 
|  29|0x0000000083d00000, 0x0000000083d00000, 0x0000000083e00000|  0%| F|  |TAMS 0x0000000083d00000, 0x0000000083d00000| Untracked 
|  30|0x0000000083e00000, 0x0000000083e00000, 0x0000000083f00000|  0%| F|  |TAMS 0x0000000083e00000, 0x0000000083e00000| Untracked 
|  31|0x0000000083f00000, 0x0000000083f00000, 0x0000000084000000|  0%| F|  |TAMS 0x0000000083f00000, 0x0000000083f00000| Untracked 
|  32|0x0000000084000000, 0x0000000084000000, 0x0000000084100000|  0%| F|  |TAMS 0x0000000084000000, 0x0000000084000000| Untracked 
|  33|0x0000000084100000, 0x0000000084100000, 0x0000000084200000|  0%| F|  |TAMS 0x0000000084100000, 0x0000000084100000| Untracked 
|  34|0x0000000084200000, 0x0000000084200000, 0x0000000084300000|  0%| F|  |TAMS 0x0000000084200000, 0x0000000084200000| Untracked 
|  35|0x0000000084300000, 0x0000000084300000, 0x0000000084400000|  0%| F|  |TAMS 0x0000000084300000, 0x0000000084300000| Untracked 
|  36|0x0000000084400000, 0x0000000084400000, 0x0000000084500000|  0%| F|  |TAMS 0x0000000084400000, 0x0000000084400000| Untracked 
|  37|0x0000000084500000, 0x0000000084500000, 0x0000000084600000|  0%| F|  |TAMS 0x0000000084500000, 0x0000000084500000| Untracked 
|  38|0x0000000084600000, 0x0000000084600000, 0x0000000084700000|  0%| F|  |TAMS 0x0000000084600000, 0x0000000084600000| Untracked 
|  39|0x0000000084700000, 0x0000000084700000, 0x0000000084800000|  0%| F|  |TAMS 0x0000000084700000, 0x0000000084700000| Untracked 
|  40|0x0000000084800000, 0x0000000084800000, 0x0000000084900000|  0%| F|  |TAMS 0x0000000084800000, 0x0000000084800000| Untracked 
|  41|0x0000000084900000, 0x0000000084900000, 0x0000000084a00000|  0%| F|  |TAMS 0x0000000084900000, 0x0000000084900000| Untracked 
|  42|0x0000000084a00000, 0x0000000084a00000, 0x0000000084b00000|  0%| F|  |TAMS 0x0000000084a00000, 0x0000000084a00000| Untracked 
|  43|0x0000000084b00000, 0x0000000084b00000, 0x0000000084c00000|  0%| F|  |TAMS 0x0000000084b00000, 0x0000000084b00000| Untracked 
|  44|0x0000000084c00000, 0x0000000084c00000, 0x0000000084d00000|  0%| F|  |TAMS 0x0000000084c00000, 0x0000000084c00000| Untracked 
|  45|0x0000000084d00000, 0x0000000084d00000, 0x0000000084e00000|  0%| F|  |TAMS 0x0000000084d00000, 0x0000000084d00000| Untracked 
|  46|0x0000000084e00000, 0x0000000084e00000, 0x0000000084f00000|  0%| F|  |TAMS 0x0000000084e00000, 0x0000000084e00000| Untracked 
|  47|0x0000000084f00000, 0x0000000084f00000, 0x0000000085000000|  0%| F|  |TAMS 0x0000000084f00000, 0x0000000084f00000| Untracked 
|  48|0x0000000085000000, 0x0000000085000000, 0x0000000085100000|  0%| F|  |TAMS 0x0000000085000000, 0x0000000085000000| Untracked 
|  49|0x0000000085100000, 0x0000000085100000, 0x0000000085200000|  0%| F|  |TAMS 0x0000000085100000, 0x0000000085100000| Untracked 
|  50|0x0000000085200000, 0x0000000085200000, 0x0000000085300000|  0%| F|  |TAMS 0x0000000085200000, 0x0000000085200000| Untracked 
|  51|0x0000000085300000, 0x0000000085300000, 0x0000000085400000|  0%| F|  |TAMS 0x0000000085300000, 0x0000000085300000| Untracked 
|  52|0x0000000085400000, 0x0000000085400000, 0x0000000085500000|  0%| F|  |TAMS 0x0000000085400000, 0x0000000085400000| Untracked 
|  53|0x0000000085500000, 0x0000000085500000, 0x0000000085600000|  0%| F|  |TAMS 0x0000000085500000, 0x0000000085500000| Untracked 
|  54|0x0000000085600000, 0x0000000085600000, 0x0000000085700000|  0%| F|  |TAMS 0x0000000085600000, 0x0000000085600000| Untracked 
|  55|0x0000000085700000, 0x0000000085700000, 0x0000000085800000|  0%| F|  |TAMS 0x0000000085700000, 0x0000000085700000| Untracked 
|  56|0x0000000085800000, 0x0000000085800000, 0x0000000085900000|  0%| F|  |TAMS 0x0000000085800000, 0x0000000085800000| Untracked 
|  57|0x0000000085900000, 0x0000000085900000, 0x0000000085a00000|  0%| F|  |TAMS 0x0000000085900000, 0x0000000085900000| Untracked 
|  58|0x0000000085a00000, 0x0000000085a00000, 0x0000000085b00000|  0%| F|  |TAMS 0x0000000085a00000, 0x0000000085a00000| Untracked 
|  59|0x0000000085b00000, 0x0000000085b00000, 0x0000000085c00000|  0%| F|  |TAMS 0x0000000085b00000, 0x0000000085b00000| Untracked 
|  60|0x0000000085c00000, 0x0000000085c00000, 0x0000000085d00000|  0%| F|  |TAMS 0x0000000085c00000, 0x0000000085c00000| Untracked 
|  61|0x0000000085d00000, 0x0000000085d00000, 0x0000000085e00000|  0%| F|  |TAMS 0x0000000085d00000, 0x0000000085d00000| Untracked 
|  62|0x0000000085e00000, 0x0000000085e00000, 0x0000000085f00000|  0%| F|  |TAMS 0x0000000085e00000, 0x0000000085e00000| Untracked 
|  63|0x0000000085f00000, 0x0000000085f00000, 0x0000000086000000|  0%| F|  |TAMS 0x0000000085f00000, 0x0000000085f00000| Untracked 
|  64|0x0000000086000000, 0x0000000086000000, 0x0000000086100000|  0%| F|  |TAMS 0x0000000086000000, 0x0000000086000000| Untracked 
|  65|0x0000000086100000, 0x0000000086100000, 0x0000000086200000|  0%| F|  |TAMS 0x0000000086100000, 0x0000000086100000| Untracked 
|  66|0x0000000086200000, 0x0000000086200000, 0x0000000086300000|  0%| F|  |TAMS 0x0000000086200000, 0x0000000086200000| Untracked 
|  67|0x0000000086300000, 0x0000000086300000, 0x0000000086400000|  0%| F|  |TAMS 0x0000000086300000, 0x0000000086300000| Untracked 
|  68|0x0000000086400000, 0x0000000086400000, 0x0000000086500000|  0%| F|  |TAMS 0x0000000086400000, 0x0000000086400000| Untracked 
|  69|0x0000000086500000, 0x0000000086500000, 0x0000000086600000|  0%| F|  |TAMS 0x0000000086500000, 0x0000000086500000| Untracked 
|  70|0x0000000086600000, 0x0000000086600000, 0x0000000086700000|  0%| F|  |TAMS 0x0000000086600000, 0x0000000086600000| Untracked 
|  71|0x0000000086700000, 0x0000000086700000, 0x0000000086800000|  0%| F|  |TAMS 0x0000000086700000, 0x0000000086700000| Untracked 
|  72|0x0000000086800000, 0x0000000086800000, 0x0000000086900000|  0%| F|  |TAMS 0x0000000086800000, 0x0000000086800000| Untracked 
|  73|0x0000000086900000, 0x0000000086900000, 0x0000000086a00000|  0%| F|  |TAMS 0x0000000086900000, 0x0000000086900000| Untracked 
|  74|0x0000000086a00000, 0x0000000086a00000, 0x0000000086b00000|  0%| F|  |TAMS 0x0000000086a00000, 0x0000000086a00000| Untracked 
|  75|0x0000000086b00000, 0x0000000086b00000, 0x0000000086c00000|  0%| F|  |TAMS 0x0000000086b00000, 0x0000000086b00000| Untracked 
|  76|0x0000000086c00000, 0x0000000086c00000, 0x0000000086d00000|  0%| F|  |TAMS 0x0000000086c00000, 0x0000000086c00000| Untracked 
|  77|0x0000000086d00000, 0x0000000086d00000, 0x0000000086e00000|  0%| F|  |TAMS 0x0000000086d00000, 0x0000000086d00000| Untracked 
|  78|0x0000000086e00000, 0x0000000086e00000, 0x0000000086f00000|  0%| F|  |TAMS 0x0000000086e00000, 0x0000000086e00000| Untracked 
|  79|0x0000000086f00000, 0x0000000086f00000, 0x0000000087000000|  0%| F|  |TAMS 0x0000000086f00000, 0x0000000086f00000| Untracked 
|  80|0x0000000087000000, 0x0000000087000000, 0x0000000087100000|  0%| F|  |TAMS 0x0000000087000000, 0x0000000087000000| Untracked 
|  81|0x0000000087100000, 0x0000000087100000, 0x0000000087200000|  0%| F|  |TAMS 0x0000000087100000, 0x0000000087100000| Untracked 
|  82|0x0000000087200000, 0x0000000087200000, 0x0000000087300000|  0%| F|  |TAMS 0x0000000087200000, 0x0000000087200000| Untracked 
|  83|0x0000000087300000, 0x0000000087300000, 0x0000000087400000|  0%| F|  |TAMS 0x0000000087300000, 0x0000000087300000| Untracked 
|  84|0x0000000087400000, 0x0000000087400000, 0x0000000087500000|  0%| F|  |TAMS 0x0000000087400000, 0x0000000087400000| Untracked 
|  85|0x0000000087500000, 0x0000000087500000, 0x0000000087600000|  0%| F|  |TAMS 0x0000000087500000, 0x0000000087500000| Untracked 
|  86|0x0000000087600000, 0x0000000087600000, 0x0000000087700000|  0%| F|  |TAMS 0x0000000087600000, 0x0000000087600000| Untracked 
|  87|0x0000000087700000, 0x0000000087700000, 0x0000000087800000|  0%| F|  |TAMS 0x0000000087700000, 0x0000000087700000| Untracked 
|  88|0x0000000087800000, 0x0000000087800000, 0x0000000087900000|  0%| F|  |TAMS 0x0000000087800000, 0x0000000087800000| Untracked 
|  89|0x0000000087900000, 0x0000000087900000, 0x0000000087a00000|  0%| F|  |TAMS 0x0000000087900000, 0x0000000087900000| Untracked 
|  90|0x0000000087a00000, 0x0000000087a00000, 0x0000000087b00000|  0%| F|  |TAMS 0x0000000087a00000, 0x0000000087a00000| Untracked 
|  91|0x0000000087b00000, 0x0000000087b00000, 0x0000000087c00000|  0%| F|  |TAMS 0x0000000087b00000, 0x0000000087b00000| Untracked 
|  92|0x0000000087c00000, 0x0000000087c00000, 0x0000000087d00000|  0%| F|  |TAMS 0x0000000087c00000, 0x0000000087c00000| Untracked 
|  93|0x0000000087d00000, 0x0000000087d00000, 0x0000000087e00000|  0%| F|  |TAMS 0x0000000087d00000, 0x0000000087d00000| Untracked 
|  94|0x0000000087e00000, 0x0000000087e00000, 0x0000000087f00000|  0%| F|  |TAMS 0x0000000087e00000, 0x0000000087e00000| Untracked 
|  95|0x0000000087f00000, 0x0000000087f00000, 0x0000000088000000|  0%| F|  |TAMS 0x0000000087f00000, 0x0000000087f00000| Untracked 
|  96|0x0000000088000000, 0x0000000088000000, 0x0000000088100000|  0%| F|  |TAMS 0x0000000088000000, 0x0000000088000000| Untracked 
|  97|0x0000000088100000, 0x0000000088100000, 0x0000000088200000|  0%| F|  |TAMS 0x0000000088100000, 0x0000000088100000| Untracked 
|  98|0x0000000088200000, 0x0000000088200000, 0x0000000088300000|  0%| F|  |TAMS 0x0000000088200000, 0x0000000088200000| Untracked 
|  99|0x0000000088300000, 0x0000000088300000, 0x0000000088400000|  0%| F|  |TAMS 0x0000000088300000, 0x0000000088300000| Untracked 
| 100|0x0000000088400000, 0x0000000088400000, 0x0000000088500000|  0%| F|  |TAMS 0x0000000088400000, 0x0000000088400000| Untracked 
| 101|0x0000000088500000, 0x0000000088500000, 0x0000000088600000|  0%| F|  |TAMS 0x0000000088500000, 0x0000000088500000| Untracked 
| 102|0x0000000088600000, 0x0000000088600000, 0x0000000088700000|  0%| F|  |TAMS 0x0000000088600000, 0x0000000088600000| Untracked 
| 103|0x0000000088700000, 0x00000000887f8d18, 0x0000000088800000| 97%| E|  |TAMS 0x0000000088700000, 0x0000000088700000| Complete 
| 104|0x0000000088800000, 0x0000000088900000, 0x0000000088900000|100%| E|CS|TAMS 0x0000000088800000, 0x0000000088800000| Complete 
| 105|0x0000000088900000, 0x0000000088a00000, 0x0000000088a00000|100%| E|CS|TAMS 0x0000000088900000, 0x0000000088900000| Complete 
| 106|0x0000000088a00000, 0x0000000088b00000, 0x0000000088b00000|100%| E|CS|TAMS 0x0000000088a00000, 0x0000000088a00000| Complete 
| 107|0x0000000088b00000, 0x0000000088c00000, 0x0000000088c00000|100%| E|CS|TAMS 0x0000000088b00000, 0x0000000088b00000| Complete 
| 108|0x0000000088c00000, 0x0000000088d00000, 0x0000000088d00000|100%| E|CS|TAMS 0x0000000088c00000, 0x0000000088c00000| Complete 
| 109|0x0000000088d00000, 0x0000000088e00000, 0x0000000088e00000|100%| E|CS|TAMS 0x0000000088d00000, 0x0000000088d00000| Complete 
| 110|0x0000000088e00000, 0x0000000088f00000, 0x0000000088f00000|100%| E|CS|TAMS 0x0000000088e00000, 0x0000000088e00000| Complete 
| 111|0x0000000088f00000, 0x0000000089000000, 0x0000000089000000|100%| E|CS|TAMS 0x0000000088f00000, 0x0000000088f00000| Complete 
| 112|0x0000000089000000, 0x0000000089100000, 0x0000000089100000|100%| E|CS|TAMS 0x0000000089000000, 0x0000000089000000| Complete 
| 113|0x0000000089100000, 0x0000000089200000, 0x0000000089200000|100%| E|CS|TAMS 0x0000000089100000, 0x0000000089100000| Complete 
| 114|0x0000000089200000, 0x0000000089300000, 0x0000000089300000|100%| E|CS|TAMS 0x0000000089200000, 0x0000000089200000| Complete 
| 115|0x0000000089300000, 0x0000000089400000, 0x0000000089400000|100%| E|  |TAMS 0x0000000089300000, 0x0000000089300000| Complete 
| 116|0x0000000089400000, 0x0000000089500000, 0x0000000089500000|100%| E|CS|TAMS 0x0000000089400000, 0x0000000089400000| Complete 
| 117|0x0000000089500000, 0x0000000089600000, 0x0000000089600000|100%| E|CS|TAMS 0x0000000089500000, 0x0000000089500000| Complete 
| 118|0x0000000089600000, 0x0000000089700000, 0x0000000089700000|100%| E|CS|TAMS 0x0000000089600000, 0x0000000089600000| Complete 
| 119|0x0000000089700000, 0x0000000089800000, 0x0000000089800000|100%| E|CS|TAMS 0x0000000089700000, 0x0000000089700000| Complete 
| 120|0x0000000089800000, 0x0000000089900000, 0x0000000089900000|100%| E|CS|TAMS 0x0000000089800000, 0x0000000089800000| Complete 
| 121|0x0000000089900000, 0x0000000089a00000, 0x0000000089a00000|100%| E|CS|TAMS 0x0000000089900000, 0x0000000089900000| Complete 
| 122|0x0000000089a00000, 0x0000000089b00000, 0x0000000089b00000|100%| E|CS|TAMS 0x0000000089a00000, 0x0000000089a00000| Complete 
| 123|0x0000000089b00000, 0x0000000089c00000, 0x0000000089c00000|100%| E|CS|TAMS 0x0000000089b00000, 0x0000000089b00000| Complete 
| 124|0x0000000089c00000, 0x0000000089d00000, 0x0000000089d00000|100%| E|CS|TAMS 0x0000000089c00000, 0x0000000089c00000| Complete 
| 125|0x0000000089d00000, 0x0000000089e00000, 0x0000000089e00000|100%| E|CS|TAMS 0x0000000089d00000, 0x0000000089d00000| Complete 

Card table byte_map: [0x0000022538460000,0x0000022538850000] _byte_map_base: 0x0000022538050000

Marking Bits (Prev, Next): (CMBitMap*) 0x00000225206a6e68, (CMBitMap*) 0x00000225206a6ea0
 Prev Bits: [0x0000022538c40000, 0x000002253abc0000)
 Next Bits: [0x000002253abc0000, 0x000002253cb40000)

Polling page: 0x000002251e530000

Metaspace:

Usage:
  Non-class:     15.38 MB capacity,    15.11 MB ( 98%) used,   231.20 KB (  1%) free+waste,    44.69 KB ( <1%) overhead. 
      Class:      2.02 MB capacity,     1.84 MB ( 91%) used,   159.63 KB (  8%) free+waste,    23.56 KB (  1%) overhead. 
       Both:     17.40 MB capacity,    16.95 MB ( 97%) used,   390.83 KB (  2%) free+waste,    68.25 KB ( <1%) overhead. 

Virtual space:
  Non-class space:       20.00 MB reserved,      15.50 MB ( 78%) committed 
      Class space:        1.00 GB reserved,       2.13 MB ( <1%) committed 
             Both:        1.02 GB reserved,      17.63 MB (  2%) committed 

Chunk freelists:
   Non-Class:  60.00 KB
       Class:  11.00 KB
        Both:  71.00 KB

MaxMetaspaceSize: 17179869184.00 GB
CompressedClassSpaceSize: 1.00 GB

CodeHeap 'non-profiled nmethods': size=120000Kb used=516Kb max_used=516Kb free=119483Kb
 bounds [0x0000022530810000, 0x0000022530a80000, 0x0000022537d40000]
CodeHeap 'profiled nmethods': size=120000Kb used=2874Kb max_used=2874Kb free=117125Kb
 bounds [0x00000225292e0000, 0x00000225295b0000, 0x0000022530810000]
CodeHeap 'non-nmethods': size=5760Kb used=1228Kb max_used=1256Kb free=4531Kb
 bounds [0x0000022528d40000, 0x0000022528fb0000, 0x00000225292e0000]
 total_blobs=2096 nmethods=1484 adapters=524
 compilation: enabled
              stopped_count=0, restarted_count=0
 full_count=0

Compilation events (20 events):
Event: 2.942 Thread 0x000002253ff28800 nmethod 1462 0x000002252958c390 code [0x000002252958c5c0, 0x000002252958ca78]
Event: 2.942 Thread 0x000002253ff28800 1461       3       java.util.Arrays::copyOf (19 bytes)
Event: 2.942 Thread 0x000002253ff28800 nmethod 1461 0x000002252958cd90 code [0x000002252958cf60, 0x000002252958d248]
Event: 2.942 Thread 0x000002253ff28800 1465       3       sun.java2d.marlin.DTransformingPathConsumer2D$PathClipFilter::quadTo (243 bytes)
Event: 2.945 Thread 0x000002253ff28800 nmethod 1465 0x000002252958d390 code [0x000002252958d5c0, 0x000002252958dc68]
Event: 2.945 Thread 0x000002253ff28800 1466       3       sun.java2d.marlin.DRenderer::quadTo (74 bytes)
Event: 2.945 Thread 0x000002253ff28800 nmethod 1466 0x000002252958df10 code [0x000002252958e160, 0x000002252958e518]
Event: 2.945 Thread 0x000002253ff28800 1460   !   3       sun.font.FileFontStrike::getCachedGlyphPtr (27 bytes)
Event: 2.946 Thread 0x000002253ff28800 nmethod 1460 0x000002252958e790 code [0x000002252958e9a0, 0x000002252958efb8]
Event: 2.951 Thread 0x0000022541e0b800 nmethod 1403% 0x000002253088c090 code [0x000002253088c2c0, 0x000002253088da28]
Event: 2.951 Thread 0x0000022541e0b800 1409       4       java.awt.MultipleGradientPaintContext::indexIntoGradientsArrays (190 bytes)
Event: 2.955 Thread 0x000002253ff28800 1468       1       javax.swing.text.View::getParent (5 bytes)
Event: 2.955 Thread 0x000002253ff28800 nmethod 1468 0x000002253088ef90 code [0x000002253088f140, 0x000002253088f1f8]
Event: 2.957 Thread 0x000002253ff28800 1469       3       sun.awt.SunHints$Key::getIndex (5 bytes)
Event: 2.957 Thread 0x000002253ff28800 nmethod 1469 0x000002252958f210 code [0x000002252958f3c0, 0x000002252958f4d8]
Event: 2.957 Thread 0x000002253ff28800 1470       3       sun.java2d.SunGraphics2D::getCompClip (19 bytes)
Event: 2.958 Thread 0x000002253ff28800 nmethod 1470 0x000002252958f590 code [0x000002252958f740, 0x000002252958f8e8]
Event: 2.960 Thread 0x000002253ff28800 1471       3       javax.swing.plaf.nimbus.NimbusStyle::validate (1147 bytes)
Event: 2.966 Thread 0x0000022541e0b800 nmethod 1409 0x000002253088f290 code [0x000002253088f480, 0x000002253088f818]
Event: 2.966 Thread 0x0000022541e0b800 1467       4       sun.java2d.marlin.MarlinTileGenerator::getAlphaRLE (1749 bytes)

GC Heap History (0 events):
No events

Deoptimization events (20 events):
Event: 2.941 Thread 0x0000022540449800 DEOPT PACKING pc=0x000002252953835f sp=0x000000e449ff9930
Event: 2.941 Thread 0x0000022540449800 DEOPT UNPACKING pc=0x0000022528d676ce sp=0x000000e449ff8dc0 mode 0
Event: 2.944 Thread 0x0000022540449800 DEOPT PACKING pc=0x000002252953835f sp=0x000000e449ff9970
Event: 2.944 Thread 0x0000022540449800 DEOPT UNPACKING pc=0x0000022528d676ce sp=0x000000e449ff8e00 mode 0
Event: 2.945 Thread 0x0000022540449800 DEOPT PACKING pc=0x000002252953835f sp=0x000000e449ff9970
Event: 2.945 Thread 0x0000022540449800 DEOPT UNPACKING pc=0x0000022528d676ce sp=0x000000e449ff8e00 mode 0
Event: 2.948 Thread 0x0000022540449800 DEOPT PACKING pc=0x000002252953835f sp=0x000000e449ff9970
Event: 2.949 Thread 0x0000022540449800 DEOPT UNPACKING pc=0x0000022528d676ce sp=0x000000e449ff8e00 mode 0
Event: 2.949 Thread 0x0000022540449800 DEOPT PACKING pc=0x000002252953835f sp=0x000000e449ff9970
Event: 2.949 Thread 0x0000022540449800 DEOPT UNPACKING pc=0x0000022528d676ce sp=0x000000e449ff8e00 mode 0
Event: 2.953 Thread 0x0000022540449800 DEOPT PACKING pc=0x000002252953835f sp=0x000000e449ff9720
Event: 2.953 Thread 0x0000022540449800 DEOPT UNPACKING pc=0x0000022528d676ce sp=0x000000e449ff8bb0 mode 0
Event: 2.978 Thread 0x0000022540449800 DEOPT PACKING pc=0x000002252953835f sp=0x000000e449ff9c60
Event: 2.978 Thread 0x0000022540449800 DEOPT UNPACKING pc=0x0000022528d676ce sp=0x000000e449ff90f0 mode 0
Event: 2.984 Thread 0x0000022540449800 DEOPT PACKING pc=0x000002252953835f sp=0x000000e449ff9970
Event: 2.985 Thread 0x0000022540449800 DEOPT UNPACKING pc=0x0000022528d676ce sp=0x000000e449ff8e00 mode 0
Event: 2.985 Thread 0x0000022540449800 DEOPT PACKING pc=0x000002252953835f sp=0x000000e449ff9970
Event: 2.985 Thread 0x0000022540449800 DEOPT UNPACKING pc=0x0000022528d676ce sp=0x000000e449ff8e00 mode 0
Event: 2.988 Thread 0x0000022540449800 DEOPT PACKING pc=0x000002252953835f sp=0x000000e449ff9970
Event: 2.988 Thread 0x0000022540449800 DEOPT UNPACKING pc=0x0000022528d676ce sp=0x000000e449ff8e00 mode 0

Classes redefined (0 events):
No events

Internal exceptions (20 events):
Event: 0.843 Thread 0x000002252065b800 Exception <a 'java/lang/ClassNotFoundException'{0x0000000089630700}: ToolBar> (0x0000000089630700) thrown at [./src/hotspot/share/classfile/systemDictionary.cpp, line 231]
Event: 0.844 Thread 0x000002252065b800 Exception <a 'java/lang/ClassNotFoundException'{0x0000000089630a70}: ToggleButton> (0x0000000089630a70) thrown at [./src/hotspot/share/classfile/systemDictionary.cpp, line 231]
Event: 0.844 Thread 0x000002252065b800 Exception <a 'java/lang/ClassNotFoundException'{0x0000000089630eb0}: javax/swing/JToolBarSeparator> (0x0000000089630eb0) thrown at [./src/hotspot/share/classfile/systemDictionary.cpp, line 231]
Event: 0.844 Thread 0x000002252065b800 Exception <a 'java/lang/ClassNotFoundException'{0x00000000896311b8}: ToolBarSeparator> (0x00000000896311b8) thrown at [./src/hotspot/share/classfile/systemDictionary.cpp, line 231]
Event: 0.844 Thread 0x000002252065b800 Exception <a 'java/lang/ClassNotFoundException'{0x00000000896316d0}: ToolTip> (0x00000000896316d0) thrown at [./src/hotspot/share/classfile/systemDictionary.cpp, line 231]
Event: 0.846 Thread 0x000002252065b800 Exception <a 'java/lang/ClassNotFoundException'{0x0000000089632028}: Tree> (0x0000000089632028) thrown at [./src/hotspot/share/classfile/systemDictionary.cpp, line 231]
Event: 0.846 Thread 0x000002252065b800 Exception <a 'java/lang/ClassNotFoundException'{0x0000000089632520}: Tree> (0x0000000089632520) thrown at [./src/hotspot/share/classfile/systemDictionary.cpp, line 231]
Event: 0.846 Thread 0x000002252065b800 Exception <a 'java/lang/ClassNotFoundException'{0x0000000089632890}: javax/swing/JTreeCell> (0x0000000089632890) thrown at [./src/hotspot/share/classfile/systemDictionary.cpp, line 231]
Event: 0.846 Thread 0x000002252065b800 Exception <a 'java/lang/ClassNotFoundException'{0x0000000089632b90}: TreeCell> (0x0000000089632b90) thrown at [./src/hotspot/share/classfile/systemDictionary.cpp, line 231]
Event: 0.847 Thread 0x000002252065b800 Exception <a 'java/lang/ClassNotFoundException'{0x0000000089633360}: RootPane> (0x0000000089633360) thrown at [./src/hotspot/share/classfile/systemDictionary.cpp, line 231]
Event: 0.850 Thread 0x000002252065b800 Exception <a 'java/lang/ClassNotFoundException'{0x0000000089636210}: com/sun/swing/internal/plaf/metal/resources/spi/metalProvider> (0x0000000089636210) thrown at [./src/hotspot/share/classfile/systemDictionary.cpp, line 231]
Event: 0.851 Thread 0x000002252065b800 Exception <a 'java/lang/ClassNotFoundException'{0x000000008963a458}: com/sun/swing/internal/plaf/basic/resources/spi/basicProvider> (0x000000008963a458) thrown at [./src/hotspot/share/classfile/systemDictionary.cpp, line 231]
Event: 0.864 Thread 0x000002252065b800 Exception <a 'java/lang/NoSuchMethodError'{0x00000000896764b8}: 'java.lang.Object java.lang.invoke.DirectMethodHandle$Holder.invokeStatic(java.lang.Object, java.lang.Object, java.lang.Object, java.lang.Object, java.lang.Object, java.lang.Object, java.lang.Object, java.lang.Object, java.lang.Object, java.lang.Object, java.lang.Object, int)'> (0x00000000896764b8) thrown at [./src/hotspot/share/interpreter/linkResolver.cpp, line 773]
Event: 0.869 Thread 0x000002252065b800 Exception <a 'java/lang/NoSuchMethodError'{0x0000000089694608}: 'java.lang.Object java.lang.invoke.DirectMethodHandle$Holder.invokeStatic(java.lang.Object, java.lang.Object, java.lang.Object, java.lang.Object, java.lang.Object, java.lang.Object, java.lang.Object, java.lang.Object, java.lang.Object, java.lang.Object, java.lang.Object, int, int)'> (0x0000000089694608) thrown at [./src/hotspot/share/interpreter/linkResolver.cpp, line 773]
Event: 0.874 Thread 0x000002252065b800 Exception <a 'java/lang/NoSuchMethodError'{0x00000000896b3398}: 'java.lang.Object java.lang.invoke.DirectMethodHandle$Holder.invokeStatic(java.lang.Object, java.lang.Object, java.lang.Object, java.lang.Object, java.lang.Object, java.lang.Object, java.lang.Object, java.lang.Object, java.lang.Object, java.lang.Object, java.lang.Object, int, int, java.lang.Object)'> (0x00000000896b3398) thrown at [./src/hotspot/share/interpreter/linkResolver.cpp, line 773]
Event: 0.878 Thread 0x000002252065b800 Exception <a 'java/lang/NoSuchMethodError'{0x00000000896d3810}: 'java.lang.Object java.lang.invoke.DirectMethodHandle$Holder.invokeStatic(java.lang.Object, java.lang.Object, java.lang.Object, java.lang.Object, java.lang.Object, java.lang.Object, java.lang.Object, java.lang.Object, java.lang.Object, java.lang.Object, java.lang.Object, int, int, java.lang.Object, java.lang.Object)'> (0x00000000896d3810) thrown at [./src/hotspot/share/interpreter/linkResolver.cpp, line 773]
Event: 0.940 Thread 0x0000022540449800 Exception <a 'java/lang/ClassNotFoundException'{0x00000000895a0a40}: com/sun/swing/internal/plaf/synth/resources/spi/synthProvider> (0x00000000895a0a40) thrown at [./src/hotspot/share/classfile/systemDictionary.cpp, line 231]
Event: 1.181 Thread 0x0000022540449800 Exception <a 'java/lang/NoSuchMethodError'{0x0000000089470760}: 'void java.lang.invoke.DirectMethodHandle$Holder.invokeStaticInit(java.lang.Object)'> (0x0000000089470760) thrown at [./src/hotspot/share/interpreter/linkResolver.cpp, line 773]
Event: 1.196 Thread 0x0000022540449800 Exception <a 'java/lang/NoSuchMethodError'{0x00000000894c1120}: 'java.lang.Object java.lang.invoke.Invokers$Holder.linkToTargetMethod(java.lang.Object, int, java.lang.Object)'> (0x00000000894c1120) thrown at [./src/hotspot/share/interpreter/linkResolver.cpp, line 773]
Event: 2.591 Thread 0x0000022540449800 Exception <a 'java/lang/NoSuchMethodError'{0x000000008882dce0}: 'void java.lang.invoke.DirectMethodHandle$Holder.invokeVirtual(java.lang.Object, java.lang.Object)'> (0x000000008882dce0) thrown at [./src/hotspot/share/interpreter/linkResolver.cpp, line 773]

Events (20 events):
Event: 2.712 loading class java/util/concurrent/TimeUnit
Event: 2.712 loading class java/util/concurrent/TimeUnit done
Event: 2.713 loading class java/awt/TextComponent
Event: 2.713 loading class java/awt/TextComponent done
Event: 2.736 Executing VM operation: RevokeBias
Event: 2.751 Executing VM operation: RevokeBias done
Event: 2.752 loading class java/util/concurrent/TimeUnit$1
Event: 2.752 loading class java/util/concurrent/TimeUnit$1 done
Event: 2.752 loading class java/time/temporal/ChronoUnit
Event: 2.752 loading class java/time/temporal/TemporalUnit
Event: 2.752 loading class java/time/temporal/TemporalUnit done
Event: 2.752 loading class java/time/temporal/ChronoUnit done
Event: 2.752 loading class java/time/Duration
Event: 2.753 loading class java/time/temporal/TemporalAmount
Event: 2.753 loading class java/time/temporal/TemporalAmount done
Event: 2.753 loading class java/time/Duration done
Event: 2.753 loading class java/math/BigInteger
Event: 2.754 loading class java/math/BigInteger done
Event: 2.870 Executing VM operation: CollectForMetadataAllocation
Event: 2.870 Executing VM operation: CollectForMetadataAllocation done


Dynamic libraries:
0x00007ff755fc0000 - 0x00007ff755fcd000 	F:\java\bin\java.exe
0x00007ffd89f50000 - 0x00007ffd8a164000 	C:\WINDOWS\SYSTEM32\ntdll.dll
0x00007ffd888a0000 - 0x00007ffd88962000 	C:\WINDOWS\System32\KERNEL32.DLL
0x00007ffd876b0000 - 0x00007ffd87a53000 	C:\WINDOWS\System32\KERNELBASE.dll
0x00007ffd87bb0000 - 0x00007ffd87cc1000 	C:\WINDOWS\System32\ucrtbase.dll
0x00007ffd5c450000 - 0x00007ffd5c465000 	F:\java\bin\VCRUNTIME140.dll
0x00007ffd5b720000 - 0x00007ffd5b737000 	F:\java\bin\jli.dll
0x00007ffd886d0000 - 0x00007ffd8887b000 	C:\WINDOWS\System32\USER32.dll
0x00007ffd75720000 - 0x00007ffd759ae000 	C:\WINDOWS\WinSxS\amd64_microsoft.windows.common-controls_6595b64144ccf1df_6.0.22621.1635_none_270f70857386168e\COMCTL32.dll
0x00007ffd87a60000 - 0x00007ffd87a86000 	C:\WINDOWS\System32\win32u.dll
0x00007ffd88230000 - 0x00007ffd882d7000 	C:\WINDOWS\System32\msvcrt.dll
0x00007ffd89340000 - 0x00007ffd89369000 	C:\WINDOWS\System32\GDI32.dll
0x00007ffd87a90000 - 0x00007ffd87ba8000 	C:\WINDOWS\System32\gdi32full.dll
0x00007ffd874e0000 - 0x00007ffd8757a000 	C:\WINDOWS\System32\msvcp_win.dll
0x00007ffd89630000 - 0x00007ffd89661000 	C:\WINDOWS\System32\IMM32.DLL
0x00007ffd41a40000 - 0x00007ffd41adb000 	F:\java\bin\msvcp140.dll
0x00007ffd35fd0000 - 0x00007ffd36b1c000 	F:\java\bin\server\jvm.dll
0x00007ffd88070000 - 0x00007ffd8811e000 	C:\WINDOWS\System32\ADVAPI32.dll
0x00007ffd88120000 - 0x00007ffd881c4000 	C:\WINDOWS\System32\sechost.dll
0x00007ffd89220000 - 0x00007ffd89337000 	C:\WINDOWS\System32\RPCRT4.dll
0x00007ffd88890000 - 0x00007ffd88898000 	C:\WINDOWS\System32\PSAPI.DLL
0x00007ffd53500000 - 0x00007ffd53509000 	C:\WINDOWS\SYSTEM32\WSOCK32.dll
0x00007ffd801c0000 - 0x00007ffd801ca000 	C:\WINDOWS\SYSTEM32\VERSION.dll
0x00007ffd7e4f0000 - 0x00007ffd7e524000 	C:\WINDOWS\SYSTEM32\WINMM.dll
0x00007ffd89e90000 - 0x00007ffd89f01000 	C:\WINDOWS\System32\WS2_32.dll
0x00007ffd863c0000 - 0x00007ffd863d8000 	C:\WINDOWS\SYSTEM32\kernel.appcore.dll
0x00007ffd840c0000 - 0x00007ffd840d0000 	F:\java\bin\verify.dll
0x00007ffd84ef0000 - 0x00007ffd8511e000 	C:\WINDOWS\SYSTEM32\DBGHELP.DLL
0x00007ffd882e0000 - 0x00007ffd88669000 	C:\WINDOWS\System32\combase.dll
0x00007ffd89910000 - 0x00007ffd899e7000 	C:\WINDOWS\System32\OLEAUT32.dll
0x00007ffd72020000 - 0x00007ffd72052000 	C:\WINDOWS\SYSTEM32\dbgcore.DLL
0x00007ffd87cd0000 - 0x00007ffd87d4b000 	C:\WINDOWS\System32\bcryptPrimitives.dll
0x00007ffd45c40000 - 0x00007ffd45c68000 	F:\java\bin\java.dll
0x00007ffd767e0000 - 0x00007ffd767ea000 	F:\java\bin\jimage.dll
0x00007ffd58ee0000 - 0x00007ffd58ef7000 	F:\java\bin\zip.dll
0x00007ffd88970000 - 0x00007ffd8916a000 	C:\WINDOWS\System32\SHELL32.dll
0x00007ffd85200000 - 0x00007ffd85ace000 	C:\WINDOWS\SYSTEM32\windows.storage.dll
0x00007ffd85b10000 - 0x00007ffd85c4e000 	C:\WINDOWS\SYSTEM32\wintypes.dll
0x00007ffd89530000 - 0x00007ffd89621000 	C:\WINDOWS\System32\SHCORE.dll
0x00007ffd881d0000 - 0x00007ffd8822e000 	C:\WINDOWS\System32\shlwapi.dll
0x00007ffd872a0000 - 0x00007ffd872c1000 	C:\WINDOWS\SYSTEM32\profapi.dll
0x00007ffd418a0000 - 0x00007ffd41a39000 	F:\java\bin\awt.dll
0x00007ffd83e60000 - 0x00007ffd83ef7000 	C:\WINDOWS\SYSTEM32\apphelp.dll
0x00007ffd84130000 - 0x00007ffd841db000 	C:\WINDOWS\system32\uxtheme.dll
0x00007ffd87f20000 - 0x00007ffd8803e000 	C:\WINDOWS\System32\MSCTF.dll
0x00007ffd89670000 - 0x00007ffd8980c000 	C:\WINDOWS\System32\ole32.dll
0x00007ffd847b0000 - 0x00007ffd847db000 	C:\WINDOWS\system32\DWMAPI.DLL
0x00007ffd41810000 - 0x00007ffd41895000 	F:\java\bin\freetype.dll
0x00007ffd56420000 - 0x00007ffd56432000 	F:\java\bin\fontmanager.dll
0x00007ffd41750000 - 0x00007ffd4180c000 	F:\java\bin\harfbuzz.dll
0x00007ffd728d0000 - 0x00007ffd729d0000 	C:\WINDOWS\system32\opengl32.dll
0x00007ffd72060000 - 0x00007ffd7208d000 	C:\WINDOWS\SYSTEM32\GLU32.dll
0x00007ffd84480000 - 0x00007ffd844b6000 	C:\WINDOWS\SYSTEM32\dxcore.dll
0x00007ffd89170000 - 0x00007ffd89220000 	C:\WINDOWS\System32\clbcatq.dll
0x00007ffd82670000 - 0x00007ffd82820000 	C:\WINDOWS\SYSTEM32\WindowsCodecs.dll
0x00007ffd6f290000 - 0x00007ffd6f2ee000 	C:\WINDOWS\system32\dataexchange.dll
0x00007ffd56140000 - 0x00007ffd56159000 	F:\java\bin\net.dll
0x00007ffd7e2e0000 - 0x00007ffd7e417000 	C:\WINDOWS\SYSTEM32\WINHTTP.dll
0x00007ffd56900000 - 0x00007ffd56be0000 	C:\Windows\GearUPBooster\lsp64.dll
0x00007ffd87370000 - 0x00007ffd874d7000 	C:\WINDOWS\System32\CRYPT32.dll
0x00007ffd85ee0000 - 0x00007ffd85f0d000 	C:\WINDOWS\SYSTEM32\IPHLPAPI.DLL
0x00007ffd86830000 - 0x00007ffd86899000 	C:\WINDOWS\system32\mswsock.dll
0x00007ffd87640000 - 0x00007ffd876ab000 	C:\WINDOWS\System32\WINTRUST.DLL
0x00007ffd86af0000 - 0x00007ffd86b02000 	C:\WINDOWS\SYSTEM32\MSASN1.dll
0x00007ffd899f0000 - 0x00007ffd89a0f000 	C:\WINDOWS\System32\imagehlp.dll
0x00007ffd86a90000 - 0x00007ffd86aab000 	C:\WINDOWS\SYSTEM32\CRYPTSP.dll
0x00007ffd86330000 - 0x00007ffd86365000 	C:\WINDOWS\system32\rsaenh.dll
0x00007ffd86ab0000 - 0x00007ffd86abc000 	C:\WINDOWS\SYSTEM32\CRYPTBASE.dll
0x00007ffd86c50000 - 0x00007ffd86c78000 	C:\WINDOWS\SYSTEM32\bcrypt.dll
0x00007ffd54f10000 - 0x00007ffd54f22000 	F:\java\bin\nio.dll
0x00007ffd79c00000 - 0x00007ffd79d2d000 	C:\WINDOWS\SYSTEM32\textinputframework.dll
0x00007ffd83a70000 - 0x00007ffd83ba3000 	C:\WINDOWS\SYSTEM32\CoreMessaging.dll
0x00007ffd7fe50000 - 0x00007ffd801bc000 	C:\WINDOWS\SYSTEM32\CoreUIComponents.dll

dbghelp: loaded successfully - version: 4.0.5 - missing functions: none
symbol engine: initialized successfully - sym options: 0x614 - pdb path: .;F:\java\bin;C:\WINDOWS\SYSTEM32;C:\WINDOWS\WinSxS\amd64_microsoft.windows.common-controls_6595b64144ccf1df_6.0.22621.1635_none_270f70857386168e;F:\java\bin\server;C:\Windows\GearUPBooster

VM Arguments:
java_command: Main.Main
java_class_path (initial): D:\New folder\visual\Enter\bin;d:\New folder\các thành ph?n ph?n m?m\jfreechart-1.5.0.jar;d:\New folder\các thành ph?n ph?n m?m\mysql-connector-java-8.0.24.jar;d:\New folder\các thành ph?n ph?n m?m\jcommon-1.0.23.jar
Launcher Type: SUN_STANDARD

[Global flags]
     intx CICompilerCount                          = 4                                         {product} {ergonomic}
     uint ConcGCThreads                            = 2                                         {product} {ergonomic}
     uint G1ConcRefinementThreads                  = 8                                         {product} {ergonomic}
   size_t G1HeapRegionSize                         = 1048576                                   {product} {ergonomic}
    uintx GCDrainStackTargetSize                   = 64                                        {product} {ergonomic}
   size_t InitialHeapSize                          = 132120576                                 {product} {ergonomic}
   size_t MarkStackSize                            = 4194304                                   {product} {ergonomic}
   size_t MaxHeapSize                              = 2113929216                                {product} {ergonomic}
   size_t MaxNewSize                               = 1267728384                                {product} {ergonomic}
   size_t MinHeapDeltaBytes                        = 1048576                                   {product} {ergonomic}
    uintx NonNMethodCodeHeapSize                   = 5836300                                {pd product} {ergonomic}
    uintx NonProfiledCodeHeapSize                  = 122910970                              {pd product} {ergonomic}
    uintx ProfiledCodeHeapSize                     = 122910970                              {pd product} {ergonomic}
    uintx ReservedCodeCacheSize                    = 251658240                              {pd product} {ergonomic}
     bool SegmentedCodeCache                       = true                                      {product} {ergonomic}
     bool UseCompressedClassPointers               = true                                 {lp64_product} {ergonomic}
     bool UseCompressedOops                        = true                                 {lp64_product} {ergonomic}
     bool UseG1GC                                  = true                                      {product} {ergonomic}
     bool UseLargePagesIndividualAllocation        = false                                  {pd product} {ergonomic}

Logging:
Log output configuration:
 #0: stdout all=warning uptime,level,tags
 #1: stderr all=off uptime,level,tags

Environment Variables:
JAVA_HOME=F:\java\
PATH=F:\java\bin;C:\Program Files\Common Files\Oracle\Java\javapath;C:\WINDOWS\system32;C:\WINDOWS;C:\WINDOWS\System32\Wbem;C:\WINDOWS\System32\WindowsPowerShell\v1.0\;C:\WINDOWS\System32\OpenSSH\;C:\Program Files\Common Files\Autodesk Shared\;C:\Program Files (x86)\Autodesk\Backburner\;C:\Program Files\Microsoft SQL Server\120\Tools\Binn\;C:\Program Files\Microsoft SQL Server\110\Tools\Binn\;C:\Program Files (x86)\Microsoft SQL Server\110\Tools\Binn\;C:\Program Files\Microsoft SQL Server\110\DTS\Binn\;D:\New folder\opencv\build\x64\vc15\bin;C:\Strawberry\c\bin;C:\Strawberry\perl\site\bin;C:\Strawberry\perl\bin;C:\Program Files\dotnet\;C:\Program Files\Docker\Docker\resources\bin;C:\ProgramData\DockerDesktop\version-bin;C:\WINDOWS\system32;C:\WINDOWS;C:\WINDOWS\System32\Wbem;C:\WINDOWS\System32\WindowsPowerShell\v1.0\;C:\WINDOWS\System32\OpenSSH\;C:\Program Files\nodejs\;D:\Git\cmd;C:\Program Files\MySQL\MySQL Shell 8.0\bin\;C:\Users\dell\AppData\Local\Programs\Python\Python39\Scripts\;C:\Users\dell\AppData\Local\Programs\Python\Python39\;C:\Users\dell\AppData\Local\Microsoft\WindowsApps;C:\Program Files\JetBrains\PyCharm Community Edition 2021.1\bin;;C:\Program Files (x86)\Dev-Cpp\MinGW64\bin;C:\Users\dell\AppData\Local\Programs\MiKTeX\miktex\bin\x64\;C:\Strawberry\perl\bin;C:\Strawberry\c\bin;C:\Users\dell\AppData\Local\Programs\Microsoft VS Code\bin;C:\Users\dell\.dotnet\tools;C:\Users\dell\AppData\Roaming\npm
USERNAME=dell
LANG=en_US.UTF-8
OS=Windows_NT
PROCESSOR_IDENTIFIER=Intel64 Family 6 Model 142 Stepping 10, GenuineIntel



---------------  S Y S T E M  ---------------

OS: Windows 10 , 64 bit Build 22621 (10.0.22621.1635)
OS uptime: 1 days 21:25 hours

CPU:total 8 (initial active 8) (4 cores per cpu, 2 threads per core) family 6 model 142 stepping 10 microcode 0xe0, cmov, cx8, fxsr, mmx, sse, sse2, sse3, ssse3, sse4.1, sse4.2, popcnt, avx, avx2, aes, clmul, erms, 3dnowpref, lzcnt, ht, tsc, tscinvbit, bmi1, bmi2, adx, fma

Memory: 4k page, system-wide physical 8056M (520M free)
TotalPageFile size 12152M (AvailPageFile size 5M)
current process WorkingSet (physical memory assigned to process): 122M, peak: 122M
current process commit charge ("private bytes"): 247M, peak: 247M

vm_info: OpenJDK 64-Bit Server VM (11.0.10+9) for windows-amd64 JRE (11.0.10+9), built on Jan 22 2021 19:27:13 by "" with MS VC++ 15.9 (VS2017)

END.
