#
# There is insufficient memory for the Java Runtime Environment to continue.
# Native memory allocation (malloc) failed to allocate 2921264 bytes for Chunk::new
# Possible reasons:
#   The system is out of physical RAM or swap space
#   The process is running with CompressedOops enabled, and the Java Heap may be blocking the growth of the native heap
# Possible solutions:
#   Reduce memory load on the system
#   Increase physical memory or swap space
#   Check if swap backing store is full
#   Decrease Java heap size (-Xmx/-Xms)
#   Decrease number of Java threads
#   Decrease Java thread stack sizes (-Xss)
#   Set larger code cache with -XX:ReservedCodeCacheSize=
#   JVM is running with Unscaled Compressed Oops mode in which the Java heap is
#     placed in the first 4GB address space. The Java Heap base address is the
#     maximum limit for the native heap growth. Please use -XX:HeapBaseMinAddress
#     to set the Java Heap base and to place the Java Heap above 4GB virtual address.
# This output file may be truncated or incomplete.
#
#  Out of Memory Error (arena.cpp:189), pid=29680, tid=22932
#
# JRE version: OpenJDK Runtime Environment Temurin-17.0.7+7 (17.0.7+7) (build 17.0.7+7)
# Java VM: OpenJDK 64-Bit Server VM Temurin-17.0.7+7 (17.0.7+7, mixed mode, tiered, compressed oops, compressed class ptrs, parallel gc, windows-amd64)
# No core dump will be written. Minidumps are not enabled by default on client versions of Windows
#

---------------  S U M M A R Y ------------

Command Line: --add-modules=ALL-SYSTEM --add-opens=java.base/java.util=ALL-UNNAMED --add-opens=java.base/java.lang=ALL-UNNAMED --add-opens=java.base/sun.nio.fs=ALL-UNNAMED -Declipse.application=org.eclipse.jdt.ls.core.id1 -Dosgi.bundles.defaultStartLevel=4 -Declipse.product=org.eclipse.jdt.ls.core.product -Djava.import.generatesMetadataFilesAtProjectRoot=false -Dfile.encoding=utf8 -XX:+UseParallelGC -XX:GCTimeRatio=4 -XX:AdaptiveSizePolicyWeight=90 -Dsun.zip.disableMemoryMapping=true -Xmx1G -Xms100m -Xlog:disable -javaagent:c:\Users\dell\.vscode\extensions\redhat.java-1.18.0-win32-x64\lombok\lombok-1.18.27.jar -XX:+HeapDumpOnOutOfMemoryError -XX:HeapDumpPath=c:\Users\dell\AppData\Roaming\Code\User\workspaceStorage\e9fa6566079bcdb2e3257726406d1d82\redhat.java -Daether.dependencyCollector.impl=bf c:\Users\dell\.vscode\extensions\redhat.java-1.18.0-win32-x64\server\plugins\org.eclipse.equinox.launcher_1.6.400.v20210924-0641.jar -configuration c:\Users\dell\AppData\Roaming\Code\User\globalStorage\redhat.java\1.18.0\config_win -data c:\Users\dell\AppData\Roaming\Code\User\workspaceStorage\e9fa6566079bcdb2e3257726406d1d82\redhat.java\jdt_ws

Host: Intel(R) Core(TM) i5-8250U CPU @ 1.60GHz, 8 cores, 7G,  Windows 11 , 64 bit Build 22621 (10.0.22621.1635)
Time: Mon May 29 14:02:21 2023 SE Asia Standard Time elapsed time: 355.489989 seconds (0d 0h 5m 55s)

---------------  T H R E A D  ---------------

Current thread (0x0000024d78e41570):  JavaThread "C2 CompilerThread1" daemon [_thread_in_native, id=22932, stack(0x000000ee23b00000,0x000000ee23c00000)]


Current CompileTask:
C2: 355490 15595       4       org.eclipse.jdt.internal.compiler.lookup.LookupEnvironment::createParameterizedType (44 bytes)

Stack: [0x000000ee23b00000,0x000000ee23c00000]
Native frames: (J=compiled Java code, j=interpreted, Vv=VM code, C=native code)
V  [jvm.dll+0x67754a]
V  [jvm.dll+0x834304]
V  [jvm.dll+0x835aae]
V  [jvm.dll+0x836113]
V  [jvm.dll+0x24696f]
V  [jvm.dll+0xac0ac]
V  [jvm.dll+0xac67c]
V  [jvm.dll+0x364e37]
V  [jvm.dll+0x1bcde8]
V  [jvm.dll+0x219799]
V  [jvm.dll+0x218a61]
V  [jvm.dll+0x1a4d8d]
V  [jvm.dll+0x2284da]
V  [jvm.dll+0x226615]
V  [jvm.dll+0x7ea90b]
V  [jvm.dll+0x7e4e7a]
V  [jvm.dll+0x676395]
C  [ucrtbase.dll+0x29363]
C  [KERNEL32.DLL+0x126ad]
C  [ntdll.dll+0x5a9f8]


---------------  P R O C E S S  ---------------

Threads class SMR info:
_java_thread_list=0x0000024d7949e3e0, length=40, elements={
0x0000024d5a634200, 0x0000024d6e4a8190, 0x0000024d6e4a98c0, 0x0000024d5a6ecfc0,
0x0000024d5a6ee990, 0x0000024d737d9800, 0x0000024d737dc1d0, 0x0000024d737dcdc0,
0x0000024d7380e720, 0x0000024d73820c20, 0x0000024d738c0860, 0x0000024d73aebfe0,
0x0000024d75626290, 0x0000024d751c1030, 0x0000024d753c8f30, 0x0000024d751c6210,
0x0000024d7586b170, 0x0000024d76bb22e0, 0x0000024d76bb0ad0, 0x0000024d76bb0600,
0x0000024d76baf790, 0x0000024d76bb6fe0, 0x0000024d76bafc60, 0x0000024d76bb1940,
0x0000024d76bb3620, 0x0000024d76bb1e10, 0x0000024d76bb27b0, 0x0000024d76bb3150,
0x0000024d76bb5ca0, 0x0000024d76bb3af0, 0x0000024d76bb6170, 0x0000024d76bb4e30,
0x0000024d76bb5300, 0x0000024d76bb57d0, 0x0000024d76bb6640, 0x0000024d772fdbb0,
0x0000024d772fba00, 0x0000024d77a4e3d0, 0x0000024d77a4f710, 0x0000024d78e41570
}

Java Threads: ( => current thread )
  0x0000024d5a634200 JavaThread "main" [_thread_blocked, id=1804, stack(0x000000ee23d00000,0x000000ee23e00000)]
  0x0000024d6e4a8190 JavaThread "Reference Handler" daemon [_thread_blocked, id=12116, stack(0x000000ee24000000,0x000000ee24100000)]
  0x0000024d6e4a98c0 JavaThread "Finalizer" daemon [_thread_blocked, id=1864, stack(0x000000ee24100000,0x000000ee24200000)]
  0x0000024d5a6ecfc0 JavaThread "Signal Dispatcher" daemon [_thread_blocked, id=1612, stack(0x000000ee24200000,0x000000ee24300000)]
  0x0000024d5a6ee990 JavaThread "Attach Listener" daemon [_thread_blocked, id=3148, stack(0x000000ee24300000,0x000000ee24400000)]
  0x0000024d737d9800 JavaThread "Service Thread" daemon [_thread_blocked, id=22156, stack(0x000000ee24400000,0x000000ee24500000)]
  0x0000024d737dc1d0 JavaThread "Monitor Deflation Thread" daemon [_thread_blocked, id=24344, stack(0x000000ee24500000,0x000000ee24600000)]
  0x0000024d737dcdc0 JavaThread "C2 CompilerThread0" daemon [_thread_in_native, id=26872, stack(0x000000ee24600000,0x000000ee24700000)]
  0x0000024d7380e720 JavaThread "C1 CompilerThread0" daemon [_thread_blocked, id=8208, stack(0x000000ee24700000,0x000000ee24800000)]
  0x0000024d73820c20 JavaThread "Sweeper thread" daemon [_thread_blocked, id=17160, stack(0x000000ee24800000,0x000000ee24900000)]
  0x0000024d738c0860 JavaThread "Common-Cleaner" daemon [_thread_blocked, id=18968, stack(0x000000ee24900000,0x000000ee24a00000)]
  0x0000024d73aebfe0 JavaThread "Notification Thread" daemon [_thread_blocked, id=28724, stack(0x000000ee24b00000,0x000000ee24c00000)]
  0x0000024d75626290 JavaThread "Active Thread: Equinox Container: 5f384405-7ac7-49ef-8eac-5e112f197495" [_thread_blocked, id=28308, stack(0x000000ee25300000,0x000000ee25400000)]
  0x0000024d751c1030 JavaThread "Framework Event Dispatcher: Equinox Container: 5f384405-7ac7-49ef-8eac-5e112f197495" daemon [_thread_blocked, id=28340, stack(0x000000ee25500000,0x000000ee25600000)]
  0x0000024d753c8f30 JavaThread "Start Level: Equinox Container: 5f384405-7ac7-49ef-8eac-5e112f197495" daemon [_thread_blocked, id=13652, stack(0x000000ee25600000,0x000000ee25700000)]
  0x0000024d751c6210 JavaThread "SCR Component Actor" daemon [_thread_blocked, id=25448, stack(0x000000ee25400000,0x000000ee25500000)]
  0x0000024d7586b170 JavaThread "Worker-JM" [_thread_blocked, id=24480, stack(0x000000ee25900000,0x000000ee25a00000)]
  0x0000024d76bb22e0 JavaThread "Java indexing" daemon [_thread_blocked, id=20644, stack(0x000000ee25c00000,0x000000ee25d00000)]
  0x0000024d76bb0ad0 JavaThread "JNA Cleaner" daemon [_thread_blocked, id=17588, stack(0x000000ee26000000,0x000000ee26100000)]
  0x0000024d76bb0600 JavaThread "pool-2-thread-1" [_thread_blocked, id=27520, stack(0x000000ee25f00000,0x000000ee26000000)]
  0x0000024d76baf790 JavaThread "pool-1-thread-1" [_thread_blocked, id=23920, stack(0x000000ee26200000,0x000000ee26300000)]
  0x0000024d76bb6fe0 JavaThread "Worker-4" [_thread_blocked, id=23616, stack(0x000000ee24a00000,0x000000ee24b00000)]
  0x0000024d76bafc60 JavaThread "ForkJoinPool.commonPool-worker-1" daemon [_thread_blocked, id=25868, stack(0x000000ee25800000,0x000000ee25900000)]
  0x0000024d76bb1940 JavaThread "ForkJoinPool.commonPool-worker-2" daemon [_thread_blocked, id=21464, stack(0x000000ee26100000,0x000000ee26200000)]
  0x0000024d76bb3620 JavaThread "ForkJoinPool.commonPool-worker-3" daemon [_thread_blocked, id=23984, stack(0x000000ee26500000,0x000000ee26600000)]
  0x0000024d76bb1e10 JavaThread "ForkJoinPool.commonPool-worker-4" daemon [_thread_blocked, id=16164, stack(0x000000ee26600000,0x000000ee26700000)]
  0x0000024d76bb27b0 JavaThread "ForkJoinPool.commonPool-worker-5" daemon [_thread_blocked, id=18544, stack(0x000000ee26700000,0x000000ee26800000)]
  0x0000024d76bb3150 JavaThread "ForkJoinPool.commonPool-worker-6" daemon [_thread_blocked, id=22912, stack(0x000000ee26800000,0x000000ee26900000)]
  0x0000024d76bb5ca0 JavaThread "ForkJoinPool.commonPool-worker-7" daemon [_thread_blocked, id=10992, stack(0x000000ee26900000,0x000000ee26a00000)]
  0x0000024d76bb3af0 JavaThread "Bundle File Closer" daemon [_thread_blocked, id=28748, stack(0x000000ee26c00000,0x000000ee26d00000)]
  0x0000024d76bb6170 JavaThread "Java Debug Server" daemon [_thread_in_native, id=18920, stack(0x000000ee26300000,0x000000ee26400000)]
  0x0000024d76bb4e30 JavaThread "pool-3-thread-1" [_thread_in_native, id=18908, stack(0x000000ee26400000,0x000000ee26500000)]
  0x0000024d76bb5300 JavaThread "RxSchedulerPurge-1" daemon [_thread_blocked, id=22900, stack(0x000000ee26e00000,0x000000ee26f00000)]
  0x0000024d76bb57d0 JavaThread "RxCachedWorkerPoolEvictor-1" daemon [_thread_blocked, id=24596, stack(0x000000ee26f00000,0x000000ee27000000)]
  0x0000024d76bb6640 JavaThread "RxNewThreadScheduler-1" daemon [_thread_blocked, id=15092, stack(0x000000ee26d00000,0x000000ee26e00000)]
  0x0000024d772fdbb0 JavaThread "process reaper (pid 26436)" daemon [_thread_in_native, id=18916, stack(0x000000ee23730000,0x000000ee23750000)]
  0x0000024d772fba00 JavaThread "Worker-5" [_thread_blocked, id=15144, stack(0x000000ee25b00000,0x000000ee25c00000)]
  0x0000024d77a4e3d0 JavaThread "Worker-6" [_thread_blocked, id=15928, stack(0x000000ee25a00000,0x000000ee25b00000)]
  0x0000024d77a4f710 JavaThread "pool-1-thread-2" [_thread_blocked, id=16320, stack(0x000000ee23c00000,0x000000ee23d00000)]
=>0x0000024d78e41570 JavaThread "C2 CompilerThread1" daemon [_thread_in_native, id=22932, stack(0x000000ee23b00000,0x000000ee23c00000)]

Other Threads:
  0x0000024d5a6e4520 VMThread "VM Thread" [stack: 0x000000ee23f00000,0x000000ee24000000] [id=13020]
  0x0000024d73b25d70 WatcherThread [stack: 0x000000ee24c00000,0x000000ee24d00000] [id=13644]
  0x0000024d5a6493b0 GCTaskThread "GC Thread#0" [stack: 0x000000ee23e00000,0x000000ee23f00000] [id=16104]
  0x0000024d754b8cb0 GCTaskThread "GC Thread#1" [stack: 0x000000ee24d00000,0x000000ee24e00000] [id=27680]
  0x0000024d75489810 GCTaskThread "GC Thread#2" [stack: 0x000000ee24e00000,0x000000ee24f00000] [id=15500]
  0x0000024d74f1f3e0 GCTaskThread "GC Thread#3" [stack: 0x000000ee24f00000,0x000000ee25000000] [id=9012]
  0x0000024d74f1f690 GCTaskThread "GC Thread#4" [stack: 0x000000ee25000000,0x000000ee25100000] [id=20488]
  0x0000024d74f1f940 GCTaskThread "GC Thread#5" [stack: 0x000000ee25100000,0x000000ee25200000] [id=13244]
  0x0000024d74f1fbf0 GCTaskThread "GC Thread#6" [stack: 0x000000ee25200000,0x000000ee25300000] [id=11164]
  0x0000024d74eb57b0 GCTaskThread "GC Thread#7" [stack: 0x000000ee25700000,0x000000ee25800000] [id=19856]

Threads with active compile tasks:
C2 CompilerThread0   355582 15663       4       org.eclipse.jdt.internal.compiler.lookup.TypeSystem::getParameterizedType (258 bytes)
C2 CompilerThread1   355582 15595       4       org.eclipse.jdt.internal.compiler.lookup.LookupEnvironment::createParameterizedType (44 bytes)

VM state: not at safepoint (normal execution)

VM Mutex/Monitor currently owned by a thread: None

Heap address: 0x00000000c0000000, size: 1024 MB, Compressed Oops mode: 32-bit

CDS archive(s) not mapped
Compressed class space mapped at: 0x0000000100000000-0x0000000140000000, reserved size: 1073741824
Narrow klass base: 0x0000000000000000, Narrow klass shift: 3, Narrow klass range: 0x140000000

GC Precious Log:
 CPUs: 8 total, 8 available
 Memory: 8056M
 Large Page Support: Disabled
 NUMA Support: Disabled
 Compressed Oops: Enabled (32-bit)
 Alignments: Space 512K, Generation 512K, Heap 2M
 Heap Min Capacity: 100M
 Heap Initial Capacity: 100M
 Heap Max Capacity: 1G
 Pre-touch: Disabled
 Parallel Workers: 8

Heap:
 PSYoungGen      total 4096K, used 1149K [0x00000000eab00000, 0x00000000eb000000, 0x0000000100000000)
  eden space 3072K, 5% used [0x00000000eab00000,0x00000000eab275a8,0x00000000eae00000)
  from space 1024K, 96% used [0x00000000eae00000,0x00000000eaef8010,0x00000000eaf00000)
  to   space 1024K, 0% used [0x00000000eaf00000,0x00000000eaf00000,0x00000000eb000000)
 ParOldGen       total 114688K, used 112211K [0x00000000c0000000, 0x00000000c7000000, 0x00000000eab00000)
  object space 114688K, 97% used [0x00000000c0000000,0x00000000c6d94fe8,0x00000000c7000000)
 Metaspace       used 82002K, committed 83072K, reserved 1179648K
  class space    used 8524K, committed 9024K, reserved 1048576K

Card table byte_map: [0x0000024d5a000000,0x0000024d5a210000] _byte_map_base: 0x0000024d59a00000

Marking Bits: (ParMarkBitMap*) 0x00007ffd10ab52c0
 Begin Bits: [0x0000024d6c2b0000, 0x0000024d6d2b0000)
 End Bits:   [0x0000024d6d2b0000, 0x0000024d6e2b0000)

Polling page: 0x0000024d59df0000

Metaspace:

Usage:
  Non-class:     71.76 MB used.
      Class:      8.32 MB used.
       Both:     80.08 MB used.

Virtual space:
  Non-class space:      128.00 MB reserved,      72.31 MB ( 56%) committed,  2 nodes.
      Class space:        1.00 GB reserved,       8.81 MB ( <1%) committed,  1 nodes.
             Both:        1.12 GB reserved,      81.12 MB (  7%) committed. 

Chunk freelists:
   Non-Class:  7.02 MB
       Class:  7.20 MB
        Both:  14.22 MB

MaxMetaspaceSize: unlimited
CompressedClassSpaceSize: 1.00 GB
Initial GC threshold: 21.00 MB
Current GC threshold: 135.25 MB
CDS: off
MetaspaceReclaimPolicy: balanced
 - commit_granule_bytes: 65536.
 - commit_granule_words: 8192.
 - virtual_space_node_default_size: 8388608.
 - enlarge_chunks_in_place: 1.
 - new_chunks_are_fully_committed: 0.
 - uncommit_free_chunks: 1.
 - use_allocation_guard: 0.
 - handle_deallocations: 1.


Internal statistics:

num_allocs_failed_limit: 13.
num_arena_births: 602.
num_arena_deaths: 14.
num_vsnodes_births: 3.
num_vsnodes_deaths: 0.
num_space_committed: 1298.
num_space_uncommitted: 0.
num_chunks_returned_to_freelist: 27.
num_chunks_taken_from_freelist: 3919.
num_chunk_merges: 17.
num_chunk_splits: 2406.
num_chunks_enlarged: 1359.
num_inconsistent_stats: 0.

CodeHeap 'non-profiled nmethods': size=120000Kb used=11143Kb max_used=11839Kb free=108856Kb
 bounds [0x0000024d64d80000, 0x0000024d65910000, 0x0000024d6c2b0000]
CodeHeap 'profiled nmethods': size=120000Kb used=25347Kb max_used=26442Kb free=94652Kb
 bounds [0x0000024d5d2b0000, 0x0000024d5ec90000, 0x0000024d647e0000]
CodeHeap 'non-nmethods': size=5760Kb used=1421Kb max_used=1577Kb free=4338Kb
 bounds [0x0000024d647e0000, 0x0000024d64a50000, 0x0000024d64d80000]
 total_blobs=12453 nmethods=11689 adapters=675
 compilation: enabled
              stopped_count=0, restarted_count=0
 full_count=0

Compilation events (20 events):
Event: 355.429 Thread 0x0000024d7380e720 15696       3       org.eclipse.lsp4j.jsonrpc.json.adapters.CollectionTypeAdapter::read (111 bytes)
Event: 355.430 Thread 0x0000024d7380e720 nmethod 15696 0x0000024d5e513490 code [0x0000024d5e513720, 0x0000024d5e514428]
Event: 355.430 Thread 0x0000024d7380e720 15695       3       org.eclipse.lsp4j.jsonrpc.json.adapters.CollectionTypeAdapter::read (6 bytes)
Event: 355.430 Thread 0x0000024d7380e720 nmethod 15695 0x0000024d5dbad010 code [0x0000024d5dbad1c0, 0x0000024d5dbad308]
Event: 355.430 Thread 0x0000024d7380e720 15699       3       java.util.stream.AbstractPipeline::evaluateToArrayNode (78 bytes)
Event: 355.431 Thread 0x0000024d7380e720 nmethod 15699 0x0000024d5e4c6e90 code [0x0000024d5e4c70a0, 0x0000024d5e4c7638]
Event: 355.431 Thread 0x0000024d7380e720 15698       3       org.eclipse.core.internal.localstore.FileSystemResourceManager::findLinkedResourcesPaths (155 bytes)
Event: 355.439 Thread 0x0000024d7380e720 nmethod 15698 0x0000024d5d7b0e10 code [0x0000024d5d7b1200, 0x0000024d5d7b3248]
Event: 355.439 Thread 0x0000024d7380e720 15700       3       java.util.stream.AbstractPipeline::sourceSpliterator (265 bytes)
Event: 355.441 Thread 0x0000024d7380e720 nmethod 15700 0x0000024d5d7bbf90 code [0x0000024d5d7bc200, 0x0000024d5d7bcf68]
Event: 355.441 Thread 0x0000024d7380e720 15701       3       org.eclipse.jdt.internal.compiler.ast.FieldDeclaration::traverse (104 bytes)
Event: 355.442 Thread 0x0000024d737dcdc0 nmethod 15661 0x0000024d65456290 code [0x0000024d65456a80, 0x0000024d65459620]
Event: 355.443 Thread 0x0000024d7380e720 nmethod 15701 0x0000024d5d56e810 code [0x0000024d5d56ea20, 0x0000024d5d56f258]
Event: 355.443 Thread 0x0000024d7380e720 15702   !   3       org.eclipse.core.internal.jobs.LockManager::addLockThread (53 bytes)
Event: 355.443 Thread 0x0000024d737dcdc0 15663       4       org.eclipse.jdt.internal.compiler.lookup.TypeSystem::getParameterizedType (258 bytes)
Event: 355.444 Thread 0x0000024d7380e720 nmethod 15702 0x0000024d5e189590 code [0x0000024d5e189780, 0x0000024d5e189bc8]
Event: 355.444 Thread 0x0000024d7380e720 15697       3       org.eclipse.core.internal.resources.WorkspaceRoot::findFilesForLocationURI (7 bytes)
Event: 355.445 Thread 0x0000024d7380e720 nmethod 15697 0x0000024d5dfed190 code [0x0000024d5dfed380, 0x0000024d5dfed918]
Event: 355.451 Thread 0x0000024d7380e720 15703       3       java.util.stream.AbstractPipeline::evaluate (44 bytes)
Event: 355.454 Thread 0x0000024d7380e720 nmethod 15703 0x0000024d5e03f110 code [0x0000024d5e03f360, 0x0000024d5e03fc28]

GC Heap History (20 events):
Event: 355.166 GC heap before
{Heap before GC invocations=874 (full 20):
 PSYoungGen      total 2560K, used 2236K [0x00000000eab00000, 0x00000000eaf00000, 0x0000000100000000)
  eden space 1536K, 100% used [0x00000000eab00000,0x00000000eac80000,0x00000000eac80000)
  from space 1024K, 68% used [0x00000000ead80000,0x00000000eae2f2d0,0x00000000eae80000)
  to   space 1024K, 0% used [0x00000000eac80000,0x00000000eac80000,0x00000000ead80000)
 ParOldGen       total 114688K, used 102814K [0x00000000c0000000, 0x00000000c7000000, 0x00000000eab00000)
  object space 114688K, 89% used [0x00000000c0000000,0x00000000c6467840,0x00000000c7000000)
 Metaspace       used 81981K, committed 83072K, reserved 1179648K
  class space    used 8524K, committed 9024K, reserved 1048576K
}
Event: 355.168 GC heap after
{Heap after GC invocations=874 (full 20):
 PSYoungGen      total 2560K, used 649K [0x00000000eab00000, 0x00000000eaf00000, 0x0000000100000000)
  eden space 1536K, 0% used [0x00000000eab00000,0x00000000eab00000,0x00000000eac80000)
  from space 1024K, 63% used [0x00000000eac80000,0x00000000ead225a0,0x00000000ead80000)
  to   space 1024K, 0% used [0x00000000eae00000,0x00000000eae00000,0x00000000eaf00000)
 ParOldGen       total 114688K, used 103362K [0x00000000c0000000, 0x00000000c7000000, 0x00000000eab00000)
  object space 114688K, 90% used [0x00000000c0000000,0x00000000c64f0a68,0x00000000c7000000)
 Metaspace       used 81981K, committed 83072K, reserved 1179648K
  class space    used 8524K, committed 9024K, reserved 1048576K
}
Event: 355.178 GC heap before
{Heap before GC invocations=875 (full 20):
 PSYoungGen      total 2560K, used 2185K [0x00000000eab00000, 0x00000000eaf00000, 0x0000000100000000)
  eden space 1536K, 100% used [0x00000000eab00000,0x00000000eac80000,0x00000000eac80000)
  from space 1024K, 63% used [0x00000000eac80000,0x00000000ead225a0,0x00000000ead80000)
  to   space 1024K, 0% used [0x00000000eae00000,0x00000000eae00000,0x00000000eaf00000)
 ParOldGen       total 114688K, used 103362K [0x00000000c0000000, 0x00000000c7000000, 0x00000000eab00000)
  object space 114688K, 90% used [0x00000000c0000000,0x00000000c64f0a68,0x00000000c7000000)
 Metaspace       used 81981K, committed 83072K, reserved 1179648K
  class space    used 8524K, committed 9024K, reserved 1048576K
}
Event: 355.181 GC heap after
{Heap after GC invocations=875 (full 20):
 PSYoungGen      total 3072K, used 882K [0x00000000eab00000, 0x00000000eaf00000, 0x0000000100000000)
  eden space 2048K, 0% used [0x00000000eab00000,0x00000000eab00000,0x00000000ead00000)
  from space 1024K, 86% used [0x00000000eae00000,0x00000000eaedcb20,0x00000000eaf00000)
  to   space 1024K, 0% used [0x00000000ead00000,0x00000000ead00000,0x00000000eae00000)
 ParOldGen       total 114688K, used 103881K [0x00000000c0000000, 0x00000000c7000000, 0x00000000eab00000)
  object space 114688K, 90% used [0x00000000c0000000,0x00000000c6572498,0x00000000c7000000)
 Metaspace       used 81981K, committed 83072K, reserved 1179648K
  class space    used 8524K, committed 9024K, reserved 1048576K
}
Event: 355.203 GC heap before
{Heap before GC invocations=876 (full 20):
 PSYoungGen      total 3072K, used 2930K [0x00000000eab00000, 0x00000000eaf00000, 0x0000000100000000)
  eden space 2048K, 100% used [0x00000000eab00000,0x00000000ead00000,0x00000000ead00000)
  from space 1024K, 86% used [0x00000000eae00000,0x00000000eaedcb20,0x00000000eaf00000)
  to   space 1024K, 0% used [0x00000000ead00000,0x00000000ead00000,0x00000000eae00000)
 ParOldGen       total 114688K, used 103881K [0x00000000c0000000, 0x00000000c7000000, 0x00000000eab00000)
  object space 114688K, 90% used [0x00000000c0000000,0x00000000c6572498,0x00000000c7000000)
 Metaspace       used 81981K, committed 83072K, reserved 1179648K
  class space    used 8524K, committed 9024K, reserved 1048576K
}
Event: 355.207 GC heap after
{Heap after GC invocations=876 (full 20):
 PSYoungGen      total 3072K, used 832K [0x00000000eab00000, 0x00000000eaf80000, 0x0000000100000000)
  eden space 2048K, 0% used [0x00000000eab00000,0x00000000eab00000,0x00000000ead00000)
  from space 1024K, 81% used [0x00000000ead00000,0x00000000eadd0020,0x00000000eae00000)
  to   space 1024K, 0% used [0x00000000eae80000,0x00000000eae80000,0x00000000eaf80000)
 ParOldGen       total 114688K, used 104546K [0x00000000c0000000, 0x00000000c7000000, 0x00000000eab00000)
  object space 114688K, 91% used [0x00000000c0000000,0x00000000c6618a28,0x00000000c7000000)
 Metaspace       used 81981K, committed 83072K, reserved 1179648K
  class space    used 8524K, committed 9024K, reserved 1048576K
}
Event: 355.281 GC heap before
{Heap before GC invocations=877 (full 20):
 PSYoungGen      total 3072K, used 2880K [0x00000000eab00000, 0x00000000eaf80000, 0x0000000100000000)
  eden space 2048K, 100% used [0x00000000eab00000,0x00000000ead00000,0x00000000ead00000)
  from space 1024K, 81% used [0x00000000ead00000,0x00000000eadd0020,0x00000000eae00000)
  to   space 1024K, 0% used [0x00000000eae80000,0x00000000eae80000,0x00000000eaf80000)
 ParOldGen       total 114688K, used 104546K [0x00000000c0000000, 0x00000000c7000000, 0x00000000eab00000)
  object space 114688K, 91% used [0x00000000c0000000,0x00000000c6618a28,0x00000000c7000000)
 Metaspace       used 81983K, committed 83072K, reserved 1179648K
  class space    used 8524K, committed 9024K, reserved 1048576K
}
Event: 355.284 GC heap after
{Heap after GC invocations=877 (full 20):
 PSYoungGen      total 3072K, used 761K [0x00000000eab00000, 0x00000000eaf80000, 0x0000000100000000)
  eden space 2048K, 0% used [0x00000000eab00000,0x00000000eab00000,0x00000000ead00000)
  from space 1024K, 74% used [0x00000000eae80000,0x00000000eaf3e590,0x00000000eaf80000)
  to   space 1024K, 0% used [0x00000000ead00000,0x00000000ead00000,0x00000000eae00000)
 ParOldGen       total 114688K, used 105234K [0x00000000c0000000, 0x00000000c7000000, 0x00000000eab00000)
  object space 114688K, 91% used [0x00000000c0000000,0x00000000c66c4a48,0x00000000c7000000)
 Metaspace       used 81983K, committed 83072K, reserved 1179648K
  class space    used 8524K, committed 9024K, reserved 1048576K
}
Event: 355.317 GC heap before
{Heap before GC invocations=878 (full 20):
 PSYoungGen      total 3072K, used 2809K [0x00000000eab00000, 0x00000000eaf80000, 0x0000000100000000)
  eden space 2048K, 100% used [0x00000000eab00000,0x00000000ead00000,0x00000000ead00000)
  from space 1024K, 74% used [0x00000000eae80000,0x00000000eaf3e590,0x00000000eaf80000)
  to   space 1024K, 0% used [0x00000000ead00000,0x00000000ead00000,0x00000000eae00000)
 ParOldGen       total 114688K, used 105234K [0x00000000c0000000, 0x00000000c7000000, 0x00000000eab00000)
  object space 114688K, 91% used [0x00000000c0000000,0x00000000c66c4a48,0x00000000c7000000)
 Metaspace       used 81984K, committed 83072K, reserved 1179648K
  class space    used 8524K, committed 9024K, reserved 1048576K
}
Event: 355.319 GC heap after
{Heap after GC invocations=878 (full 20):
 PSYoungGen      total 3072K, used 675K [0x00000000eab00000, 0x00000000eaf00000, 0x0000000100000000)
  eden space 2048K, 0% used [0x00000000eab00000,0x00000000eab00000,0x00000000ead00000)
  from space 1024K, 65% used [0x00000000ead00000,0x00000000eada8f28,0x00000000eae00000)
  to   space 1024K, 0% used [0x00000000eae00000,0x00000000eae00000,0x00000000eaf00000)
 ParOldGen       total 114688K, used 105803K [0x00000000c0000000, 0x00000000c7000000, 0x00000000eab00000)
  object space 114688K, 92% used [0x00000000c0000000,0x00000000c6752fd8,0x00000000c7000000)
 Metaspace       used 81984K, committed 83072K, reserved 1179648K
  class space    used 8524K, committed 9024K, reserved 1048576K
}
Event: 355.389 GC heap before
{Heap before GC invocations=879 (full 20):
 PSYoungGen      total 3072K, used 2723K [0x00000000eab00000, 0x00000000eaf00000, 0x0000000100000000)
  eden space 2048K, 100% used [0x00000000eab00000,0x00000000ead00000,0x00000000ead00000)
  from space 1024K, 65% used [0x00000000ead00000,0x00000000eada8f28,0x00000000eae00000)
  to   space 1024K, 0% used [0x00000000eae00000,0x00000000eae00000,0x00000000eaf00000)
 ParOldGen       total 114688K, used 105803K [0x00000000c0000000, 0x00000000c7000000, 0x00000000eab00000)
  object space 114688K, 92% used [0x00000000c0000000,0x00000000c6752fd8,0x00000000c7000000)
 Metaspace       used 81985K, committed 83072K, reserved 1179648K
  class space    used 8524K, committed 9024K, reserved 1048576K
}
Event: 355.395 GC heap after
{Heap after GC invocations=879 (full 20):
 PSYoungGen      total 2048K, used 992K [0x00000000eab00000, 0x00000000eb100000, 0x0000000100000000)
  eden space 1024K, 0% used [0x00000000eab00000,0x00000000eab00000,0x00000000eac00000)
  from space 1024K, 96% used [0x00000000eae00000,0x00000000eaef8010,0x00000000eaf00000)
  to   space 2048K, 0% used [0x00000000eac00000,0x00000000eac00000,0x00000000eae00000)
 ParOldGen       total 114688K, used 106583K [0x00000000c0000000, 0x00000000c7000000, 0x00000000eab00000)
  object space 114688K, 92% used [0x00000000c0000000,0x00000000c6815f00,0x00000000c7000000)
 Metaspace       used 81985K, committed 83072K, reserved 1179648K
  class space    used 8524K, committed 9024K, reserved 1048576K
}
Event: 355.400 GC heap before
{Heap before GC invocations=880 (full 20):
 PSYoungGen      total 2048K, used 2014K [0x00000000eab00000, 0x00000000eb100000, 0x0000000100000000)
  eden space 1024K, 99% used [0x00000000eab00000,0x00000000eabffae8,0x00000000eac00000)
  from space 1024K, 96% used [0x00000000eae00000,0x00000000eaef8010,0x00000000eaf00000)
  to   space 2048K, 0% used [0x00000000eac00000,0x00000000eac00000,0x00000000eae00000)
 ParOldGen       total 114688K, used 106583K [0x00000000c0000000, 0x00000000c7000000, 0x00000000eab00000)
  object space 114688K, 92% used [0x00000000c0000000,0x00000000c6815f00,0x00000000c7000000)
 Metaspace       used 81985K, committed 83072K, reserved 1179648K
  class space    used 8524K, committed 9024K, reserved 1048576K
}
Event: 355.403 GC heap after
{Heap after GC invocations=880 (full 20):
 PSYoungGen      total 1536K, used 281K [0x00000000eab00000, 0x00000000eae80000, 0x0000000100000000)
  eden space 1024K, 0% used [0x00000000eab00000,0x00000000eab00000,0x00000000eac00000)
  from space 512K, 54% used [0x00000000eac00000,0x00000000eac46590,0x00000000eac80000)
  to   space 1024K, 0% used [0x00000000ead80000,0x00000000ead80000,0x00000000eae80000)
 ParOldGen       total 114688K, used 107659K [0x00000000c0000000, 0x00000000c7000000, 0x00000000eab00000)
  object space 114688K, 93% used [0x00000000c0000000,0x00000000c6922f28,0x00000000c7000000)
 Metaspace       used 81985K, committed 83072K, reserved 1179648K
  class space    used 8524K, committed 9024K, reserved 1048576K
}
Event: 355.407 GC heap before
{Heap before GC invocations=881 (full 20):
 PSYoungGen      total 1536K, used 1305K [0x00000000eab00000, 0x00000000eae80000, 0x0000000100000000)
  eden space 1024K, 100% used [0x00000000eab00000,0x00000000eac00000,0x00000000eac00000)
  from space 512K, 54% used [0x00000000eac00000,0x00000000eac46590,0x00000000eac80000)
  to   space 1024K, 0% used [0x00000000ead80000,0x00000000ead80000,0x00000000eae80000)
 ParOldGen       total 114688K, used 107659K [0x00000000c0000000, 0x00000000c7000000, 0x00000000eab00000)
  object space 114688K, 93% used [0x00000000c0000000,0x00000000c6922f28,0x00000000c7000000)
 Metaspace       used 81987K, committed 83072K, reserved 1179648K
  class space    used 8524K, committed 9024K, reserved 1048576K
}
Event: 355.409 GC heap after
{Heap after GC invocations=881 (full 20):
 PSYoungGen      total 2048K, used 370K [0x00000000eab00000, 0x00000000eae00000, 0x0000000100000000)
  eden space 1536K, 0% used [0x00000000eab00000,0x00000000eab00000,0x00000000eac80000)
  from space 512K, 72% used [0x00000000ead80000,0x00000000eaddcb20,0x00000000eae00000)
  to   space 512K, 0% used [0x00000000ead00000,0x00000000ead00000,0x00000000ead80000)
 ParOldGen       total 114688K, used 107723K [0x00000000c0000000, 0x00000000c7000000, 0x00000000eab00000)
  object space 114688K, 93% used [0x00000000c0000000,0x00000000c6932f28,0x00000000c7000000)
 Metaspace       used 81987K, committed 83072K, reserved 1179648K
  class space    used 8524K, committed 9024K, reserved 1048576K
}
Event: 355.417 GC heap before
{Heap before GC invocations=882 (full 20):
 PSYoungGen      total 2048K, used 1882K [0x00000000eab00000, 0x00000000eae00000, 0x0000000100000000)
  eden space 1536K, 98% used [0x00000000eab00000,0x00000000eac7a038,0x00000000eac80000)
  from space 512K, 72% used [0x00000000ead80000,0x00000000eaddcb20,0x00000000eae00000)
  to   space 512K, 0% used [0x00000000ead00000,0x00000000ead00000,0x00000000ead80000)
 ParOldGen       total 114688K, used 107723K [0x00000000c0000000, 0x00000000c7000000, 0x00000000eab00000)
  object space 114688K, 93% used [0x00000000c0000000,0x00000000c6932f28,0x00000000c7000000)
 Metaspace       used 81990K, committed 83072K, reserved 1179648K
  class space    used 8524K, committed 9024K, reserved 1048576K
}
Event: 355.419 GC heap after
{Heap after GC invocations=882 (full 20):
 PSYoungGen      total 2560K, used 505K [0x00000000eab00000, 0x00000000eaf00000, 0x0000000100000000)
  eden space 2048K, 0% used [0x00000000eab00000,0x00000000eab00000,0x00000000ead00000)
  from space 512K, 98% used [0x00000000ead00000,0x00000000ead7e598,0x00000000ead80000)
  to   space 1024K, 0% used [0x00000000eae00000,0x00000000eae00000,0x00000000eaf00000)
 ParOldGen       total 114688K, used 107965K [0x00000000c0000000, 0x00000000c7000000, 0x00000000eab00000)
  object space 114688K, 94% used [0x00000000c0000000,0x00000000c696f458,0x00000000c7000000)
 Metaspace       used 81990K, committed 83072K, reserved 1179648K
  class space    used 8524K, committed 9024K, reserved 1048576K
}
Event: 355.433 GC heap before
{Heap before GC invocations=883 (full 20):
 PSYoungGen      total 2560K, used 2553K [0x00000000eab00000, 0x00000000eaf00000, 0x0000000100000000)
  eden space 2048K, 100% used [0x00000000eab00000,0x00000000ead00000,0x00000000ead00000)
  from space 512K, 98% used [0x00000000ead00000,0x00000000ead7e598,0x00000000ead80000)
  to   space 1024K, 0% used [0x00000000eae00000,0x00000000eae00000,0x00000000eaf00000)
 ParOldGen       total 114688K, used 107965K [0x00000000c0000000, 0x00000000c7000000, 0x00000000eab00000)
  object space 114688K, 94% used [0x00000000c0000000,0x00000000c696f458,0x00000000c7000000)
 Metaspace       used 81995K, committed 83072K, reserved 1179648K
  class space    used 8524K, committed 9024K, reserved 1048576K
}
Event: 355.436 GC heap after
{Heap after GC invocations=883 (full 20):
 PSYoungGen      total 3072K, used 729K [0x00000000eab00000, 0x00000000eaf80000, 0x0000000100000000)
  eden space 2048K, 0% used [0x00000000eab00000,0x00000000eab00000,0x00000000ead00000)
  from space 1024K, 71% used [0x00000000eae00000,0x00000000eaeb6598,0x00000000eaf00000)
  to   space 1024K, 0% used [0x00000000ead00000,0x00000000ead00000,0x00000000eae00000)
 ParOldGen       total 114688K, used 108349K [0x00000000c0000000, 0x00000000c7000000, 0x00000000eab00000)
  object space 114688K, 94% used [0x00000000c0000000,0x00000000c69cf458,0x00000000c7000000)
 Metaspace       used 81995K, committed 83072K, reserved 1179648K
  class space    used 8524K, committed 9024K, reserved 1048576K
}

Dll operation events (11 events):
Event: 0.098 Loaded shared library c:\Users\dell\.vscode\extensions\redhat.java-1.18.0-win32-x64\jre\17.0.7-win32-x86_64\bin\java.dll
Event: 1.102 Loaded shared library c:\Users\dell\.vscode\extensions\redhat.java-1.18.0-win32-x64\jre\17.0.7-win32-x86_64\bin\zip.dll
Event: 1.111 Loaded shared library C:\Users\dell\.vscode\extensions\redhat.java-1.18.0-win32-x64\jre\17.0.7-win32-x86_64\bin\instrument.dll
Event: 1.207 Loaded shared library C:\Users\dell\.vscode\extensions\redhat.java-1.18.0-win32-x64\jre\17.0.7-win32-x86_64\bin\net.dll
Event: 1.334 Loaded shared library C:\Users\dell\.vscode\extensions\redhat.java-1.18.0-win32-x64\jre\17.0.7-win32-x86_64\bin\nio.dll
Event: 1.386 Loaded shared library C:\Users\dell\.vscode\extensions\redhat.java-1.18.0-win32-x64\jre\17.0.7-win32-x86_64\bin\zip.dll
Event: 1.437 Loaded shared library C:\Users\dell\.vscode\extensions\redhat.java-1.18.0-win32-x64\jre\17.0.7-win32-x86_64\bin\jimage.dll
Event: 1.637 Loaded shared library c:\Users\dell\.vscode\extensions\redhat.java-1.18.0-win32-x64\jre\17.0.7-win32-x86_64\bin\verify.dll
Event: 8.589 Loaded shared library C:\Users\dell\AppData\Roaming\Code\User\globalStorage\redhat.java\1.18.0\config_win\org.eclipse.equinox.launcher\org.eclipse.equinox.launcher.win32.win32.x86_64_1.2.700.v20221108-1024\eclipse_11801.dll
Event: 21.538 Loaded shared library C:\Users\dell\AppData\Local\Temp\jna-3079617\jna11808865041481172509.dll
Event: 58.406 Loaded shared library C:\Users\dell\.vscode\extensions\redhat.java-1.18.0-win32-x64\jre\17.0.7-win32-x86_64\bin\sunmscapi.dll

Deoptimization events (20 events):
Event: 351.501 Thread 0x0000024d76bb3620 Uncommon trap: trap_request=0xffffff45 fr.pc=0x0000024d6535a7f0 relative=0x0000000000000b90
Event: 351.501 Thread 0x0000024d76bb3620 Uncommon trap: reason=unstable_if action=reinterpret pc=0x0000024d6535a7f0 method=org.eclipse.jdt.internal.compiler.codegen.ConstantPool.literalIndex([C)I @ 119 c2
Event: 351.501 Thread 0x0000024d76bb3620 DEOPT PACKING pc=0x0000024d6535a7f0 sp=0x000000ee265fde50
Event: 351.501 Thread 0x0000024d76bb3620 DEOPT UNPACKING pc=0x0000024d648366a3 sp=0x000000ee265fde00 mode 2
Event: 351.615 Thread 0x0000024d76baf790 Uncommon trap: trap_request=0xffffff45 fr.pc=0x0000024d651601cc relative=0x000000000000052c
Event: 351.615 Thread 0x0000024d76baf790 Uncommon trap: reason=unstable_if action=reinterpret pc=0x0000024d651601cc method=java.lang.StringUTF16.newString([BII)Ljava/lang/String; @ 1 c2
Event: 351.615 Thread 0x0000024d76baf790 DEOPT PACKING pc=0x0000024d651601cc sp=0x000000ee262fd8f0
Event: 351.615 Thread 0x0000024d76baf790 DEOPT UNPACKING pc=0x0000024d648366a3 sp=0x000000ee262fd8c0 mode 2
Event: 351.641 Thread 0x0000024d76baf790 Uncommon trap: trap_request=0xffffff45 fr.pc=0x0000024d6564eb14 relative=0x0000000000000174
Event: 351.641 Thread 0x0000024d76baf790 Uncommon trap: reason=unstable_if action=reinterpret pc=0x0000024d6564eb14 method=org.eclipse.jdt.internal.corext.util.JavaModelUtil.isSameMethodSignature(Ljava/lang/String;[Ljava/lang/String;ZLorg/eclipse/jdt/core/IMethod;)Z @ 14 c2
Event: 351.641 Thread 0x0000024d76baf790 DEOPT PACKING pc=0x0000024d6564eb14 sp=0x000000ee262fdd40
Event: 351.641 Thread 0x0000024d76baf790 DEOPT UNPACKING pc=0x0000024d648366a3 sp=0x000000ee262fdcb0 mode 2
Event: 355.122 Thread 0x0000024d76bafc60 Uncommon trap: trap_request=0xffffff45 fr.pc=0x0000024d6519489c relative=0x000000000000053c
Event: 355.122 Thread 0x0000024d76bafc60 Uncommon trap: reason=unstable_if action=reinterpret pc=0x0000024d6519489c method=org.eclipse.core.internal.watson.ElementTree.getElementData(Lorg/eclipse/core/runtime/IPath;)Ljava/lang/Object; @ 17 c2
Event: 355.122 Thread 0x0000024d76bafc60 DEOPT PACKING pc=0x0000024d6519489c sp=0x000000ee258fd500
Event: 355.122 Thread 0x0000024d76bafc60 DEOPT UNPACKING pc=0x0000024d648366a3 sp=0x000000ee258fd438 mode 2
Event: 355.397 Thread 0x0000024d76baf790 Uncommon trap: trap_request=0xffffffc6 fr.pc=0x0000024d655fb8ac relative=0x00000000000004cc
Event: 355.397 Thread 0x0000024d76baf790 Uncommon trap: reason=bimorphic_or_optimized_type_check action=maybe_recompile pc=0x0000024d655fb8ac method=java.util.stream.AbstractPipeline.exactOutputSizeIfKnown(Ljava/util/Spliterator;)J @ 16 c2
Event: 355.397 Thread 0x0000024d76baf790 DEOPT PACKING pc=0x0000024d655fb8ac sp=0x000000ee262fd9b0
Event: 355.398 Thread 0x0000024d76baf790 DEOPT UNPACKING pc=0x0000024d648366a3 sp=0x000000ee262fd870 mode 2

Classes unloaded (7 events):
Event: 13.731 Thread 0x0000024d5a6e4520 Unloading class 0x000000010021a400 'java/lang/invoke/LambdaForm$MH+0x000000010021a400'
Event: 13.731 Thread 0x0000024d5a6e4520 Unloading class 0x000000010021a000 'java/lang/invoke/LambdaForm$MH+0x000000010021a000'
Event: 13.731 Thread 0x0000024d5a6e4520 Unloading class 0x0000000100219c00 'java/lang/invoke/LambdaForm$MH+0x0000000100219c00'
Event: 13.731 Thread 0x0000024d5a6e4520 Unloading class 0x0000000100219400 'java/lang/invoke/LambdaForm$MH+0x0000000100219400'
Event: 13.731 Thread 0x0000024d5a6e4520 Unloading class 0x0000000100219000 'java/lang/invoke/LambdaForm$BMH+0x0000000100219000'
Event: 13.731 Thread 0x0000024d5a6e4520 Unloading class 0x0000000100218c00 'java/lang/invoke/LambdaForm$DMH+0x0000000100218c00'
Event: 13.731 Thread 0x0000024d5a6e4520 Unloading class 0x0000000100216000 'java/lang/invoke/LambdaForm$DMH+0x0000000100216000'

Classes redefined (0 events):
No events

Internal exceptions (20 events):
Event: 336.562 Thread 0x0000024d76baf790 Exception <a 'java/lang/ClassCastException'{0x00000000eab42bc0}> (0x00000000eab42bc0) 
thrown [s\src\hotspot\share\runtime\sharedRuntime.cpp, line 628]
Event: 336.562 Thread 0x0000024d76baf790 Exception <a 'java/lang/ClassCastException'{0x00000000eab43028}> (0x00000000eab43028) 
thrown [s\src\hotspot\share\runtime\sharedRuntime.cpp, line 628]
Event: 336.562 Thread 0x0000024d76baf790 Exception <a 'java/lang/ClassCastException'{0x00000000eab43490}> (0x00000000eab43490) 
thrown [s\src\hotspot\share\runtime\sharedRuntime.cpp, line 628]
Event: 336.562 Thread 0x0000024d76baf790 Exception <a 'java/lang/ClassCastException'{0x00000000eab438f8}> (0x00000000eab438f8) 
thrown [s\src\hotspot\share\runtime\sharedRuntime.cpp, line 628]
Event: 339.927 Thread 0x0000024d76bb6fe0 Implicit null exception at 0x0000024d64ed7760 to 0x0000024d64ed7aa8
Event: 339.981 Thread 0x0000024d76bb6fe0 Exception <a 'java/lang/NoSuchMethodError'{0x00000000eabf4f10}: 'java.lang.Object java.lang.invoke.DirectMethodHandle$Holder.newInvokeSpecial(java.lang.Object, java.lang.Object, java.lang.Object, java.lang.Object, java.lang.Object, java.lang.Object, java.lang.Object, java.lang.Object)'> (0x00000000eabf4f10) 
thrown [s\src\hotspot\share\interpreter\linkResolver.cpp, line 759]
Event: 339.982 Thread 0x0000024d76bb6fe0 Exception <a 'java/lang/NoSuchMethodError'{0x00000000eabfb268}: 'java.lang.Object java.lang.invoke.DirectMethodHandle$Holder.invokeSpecial(java.lang.Object, java.lang.Object, java.lang.Object, java.lang.Object, java.lang.Object, java.lang.Object, java.lang.Object, java.lang.Object, java.lang.Object)'> (0x00000000eabfb268) 
thrown [s\src\hotspot\share\interpreter\linkResolver.cpp, line 759]
Event: 340.012 Thread 0x0000024d76bb6fe0 Exception <a 'java/lang/NoSuchMethodError'{0x00000000eab049a0}: 'java.lang.Object java.lang.invoke.Invokers$Holder.linkToTargetMethod(java.lang.Object, java.lang.Object, java.lang.Object, java.lang.Object, java.lang.Object, java.lang.Object, java.lang.Object, java.lang.Object)'> (0x00000000eab049a0) 
thrown [s\src\hotspot\share\interpreter\linkResolver.cpp, line 759]
Event: 340.677 Thread 0x0000024d76bb3620 Exception <a 'java/lang/ArrayIndexOutOfBoundsException'{0x00000000eab11968}: Index 29364 out of bounds for length 29364> (0x00000000eab11968) 
thrown [s\src\hotspot\share\interpreter\interpreterRuntime.cpp, line 428]
Event: 340.754 Thread 0x0000024d76bb3150 Exception <a 'java/lang/ArrayIndexOutOfBoundsException'{0x00000000eaba1308}> (0x00000000eaba1308) 
thrown [s\src\hotspot\share\runtime\sharedRuntime.cpp, line 628]
Event: 341.202 Thread 0x0000024d76bafc60 Exception <a 'java/lang/ArrayIndexOutOfBoundsException'{0x00000000ead17400}> (0x00000000ead17400) 
thrown [s\src\hotspot\share\runtime\sharedRuntime.cpp, line 628]
Event: 341.600 Thread 0x0000024d76bafc60 Exception <a 'java/lang/ArrayIndexOutOfBoundsException'{0x00000000eabcdda0}> (0x00000000eabcdda0) 
thrown [s\src\hotspot\share\runtime\sharedRuntime.cpp, line 628]
Event: 341.608 Thread 0x0000024d76bb3620 Exception <a 'java/lang/ArrayIndexOutOfBoundsException'{0x00000000eac2aff8}> (0x00000000eac2aff8) 
thrown [s\src\hotspot\share\runtime\sharedRuntime.cpp, line 628]
Event: 349.772 Thread 0x0000024d76baf790 Exception <a 'java/lang/ArrayIndexOutOfBoundsException'{0x00000000eac5d0a0}> (0x00000000eac5d0a0) 
thrown [s\src\hotspot\share\runtime\sharedRuntime.cpp, line 628]
Event: 350.785 Thread 0x0000024d76bafc60 Exception <a 'java/lang/ArrayIndexOutOfBoundsException'{0x00000000eabd1538}> (0x00000000eabd1538) 
thrown [s\src\hotspot\share\runtime\sharedRuntime.cpp, line 628]
Event: 351.355 Thread 0x0000024d76bb3620 Implicit null exception at 0x0000024d64ddc1ee to 0x0000024d64ddc2fc
Event: 352.293 Thread 0x0000024d76bb3620 Exception <a 'java/lang/ArrayIndexOutOfBoundsException'{0x00000000eab49170}> (0x00000000eab49170) 
thrown [s\src\hotspot\share\runtime\sharedRuntime.cpp, line 628]
Event: 355.122 Thread 0x0000024d76bafc60 Implicit null exception at 0x0000024d651944b2 to 0x0000024d65194878
Event: 355.142 Thread 0x0000024d76baf790 Exception <a 'java/lang/ArrayIndexOutOfBoundsException'{0x00000000eac26a08}> (0x00000000eac26a08) 
thrown [s\src\hotspot\share\runtime\sharedRuntime.cpp, line 628]
Event: 355.409 Thread 0x0000024d76bb27b0 Exception <a 'java/lang/ArrayIndexOutOfBoundsException'{0x00000000eab0f1a8}> (0x00000000eab0f1a8) 
thrown [s\src\hotspot\share\runtime\sharedRuntime.cpp, line 628]

VM Operations (20 events):
Event: 355.178 Executing VM operation: ParallelGCFailedAllocation
Event: 355.181 Executing VM operation: ParallelGCFailedAllocation done
Event: 355.203 Executing VM operation: ParallelGCFailedAllocation
Event: 355.207 Executing VM operation: ParallelGCFailedAllocation done
Event: 355.281 Executing VM operation: ParallelGCFailedAllocation
Event: 355.284 Executing VM operation: ParallelGCFailedAllocation done
Event: 355.317 Executing VM operation: ParallelGCFailedAllocation
Event: 355.319 Executing VM operation: ParallelGCFailedAllocation done
Event: 355.389 Executing VM operation: ParallelGCFailedAllocation
Event: 355.395 Executing VM operation: ParallelGCFailedAllocation done
Event: 355.400 Executing VM operation: ParallelGCFailedAllocation
Event: 355.403 Executing VM operation: ParallelGCFailedAllocation done
Event: 355.407 Executing VM operation: ParallelGCFailedAllocation
Event: 355.411 Executing VM operation: ParallelGCFailedAllocation done
Event: 355.417 Executing VM operation: ParallelGCFailedAllocation
Event: 355.422 Executing VM operation: ParallelGCFailedAllocation done
Event: 355.432 Executing VM operation: ParallelGCFailedAllocation
Event: 355.439 Executing VM operation: ParallelGCFailedAllocation done
Event: 355.442 Executing VM operation: HandshakeAllThreads
Event: 355.442 Executing VM operation: HandshakeAllThreads done

Events (20 events):
Event: 355.448 Thread 0x0000024d73820c20 flushing nmethod 0x0000024d6532ea10
Event: 355.448 Thread 0x0000024d73820c20 flushing nmethod 0x0000024d65370b90
Event: 355.449 Thread 0x0000024d73820c20 flushing nmethod 0x0000024d653df590
Event: 355.449 Thread 0x0000024d73820c20 flushing nmethod 0x0000024d65425090
Event: 355.449 Thread 0x0000024d73820c20 flushing nmethod 0x0000024d654ba810
Event: 355.450 Thread 0x0000024d73820c20 flushing nmethod 0x0000024d655a2990
Event: 355.450 Thread 0x0000024d73820c20 flushing nmethod 0x0000024d655bb290
Event: 355.450 Thread 0x0000024d73820c20 flushing nmethod 0x0000024d65649010
Event: 355.451 Thread 0x0000024d73820c20 flushing nmethod 0x0000024d656fc010
Event: 355.451 Thread 0x0000024d73820c20 flushing nmethod 0x0000024d65731010
Event: 355.452 Thread 0x0000024d73820c20 flushing nmethod 0x0000024d657b4890
Event: 355.452 Thread 0x0000024d73820c20 flushing nmethod 0x0000024d657de810
Event: 355.452 Thread 0x0000024d73820c20 flushing nmethod 0x0000024d657e0f90
Event: 355.452 Thread 0x0000024d73820c20 flushing nmethod 0x0000024d657fc390
Event: 355.452 Thread 0x0000024d73820c20 flushing nmethod 0x0000024d65848c10
Event: 355.454 Thread 0x0000024d73820c20 flushing nmethod 0x0000024d658bb890
Event: 355.454 Thread 0x0000024d73820c20 flushing nmethod 0x0000024d658bf590
Event: 355.455 Thread 0x0000024d73820c20 flushing nmethod 0x0000024d5d34ba90
Event: 355.456 Thread 0x0000024d73820c20 flushing nmethod 0x0000024d5d3de590
Event: 355.456 Thread 0x0000024d73820c20 flushing nmethod 0x0000024d5d3f4210


Dynamic libraries:
0x00007ff613860000 - 0x00007ff61386e000 	c:\Users\dell\.vscode\extensions\redhat.java-1.18.0-win32-x64\jre\17.0.7-win32-x86_64\bin\java.exe
0x00007ffd89f50000 - 0x00007ffd8a164000 	C:\WINDOWS\SYSTEM32\ntdll.dll
0x00007ffd888a0000 - 0x00007ffd88962000 	C:\WINDOWS\System32\KERNEL32.DLL
0x00007ffd876b0000 - 0x00007ffd87a53000 	C:\WINDOWS\System32\KERNELBASE.dll
0x00007ffd87bb0000 - 0x00007ffd87cc1000 	C:\WINDOWS\System32\ucrtbase.dll
0x00007ffd51530000 - 0x00007ffd51547000 	c:\Users\dell\.vscode\extensions\redhat.java-1.18.0-win32-x64\jre\17.0.7-win32-x86_64\bin\jli.dll
0x00007ffd886d0000 - 0x00007ffd8887b000 	C:\WINDOWS\System32\USER32.dll
0x00007ffd87a60000 - 0x00007ffd87a86000 	C:\WINDOWS\System32\win32u.dll
0x00007ffd89340000 - 0x00007ffd89369000 	C:\WINDOWS\System32\GDI32.dll
0x00007ffd87a90000 - 0x00007ffd87ba8000 	C:\WINDOWS\System32\gdi32full.dll
0x00007ffd874e0000 - 0x00007ffd8757a000 	C:\WINDOWS\System32\msvcp_win.dll
0x00007ffd4f1a0000 - 0x00007ffd4f1b9000 	c:\Users\dell\.vscode\extensions\redhat.java-1.18.0-win32-x64\jre\17.0.7-win32-x86_64\bin\VCRUNTIME140.dll
0x00007ffd75720000 - 0x00007ffd759ae000 	C:\WINDOWS\WinSxS\amd64_microsoft.windows.common-controls_6595b64144ccf1df_6.0.22621.1635_none_270f70857386168e\COMCTL32.dll
0x00007ffd88230000 - 0x00007ffd882d7000 	C:\WINDOWS\System32\msvcrt.dll
0x00007ffd89630000 - 0x00007ffd89661000 	C:\WINDOWS\System32\IMM32.DLL
0x00007ffd734e0000 - 0x00007ffd734ec000 	c:\Users\dell\.vscode\extensions\redhat.java-1.18.0-win32-x64\jre\17.0.7-win32-x86_64\bin\vcruntime140_1.dll
0x00007ffd280a0000 - 0x00007ffd28131000 	c:\Users\dell\.vscode\extensions\redhat.java-1.18.0-win32-x64\jre\17.0.7-win32-x86_64\bin\msvcp140.dll
0x00007ffd0ff30000 - 0x00007ffd10b78000 	c:\Users\dell\.vscode\extensions\redhat.java-1.18.0-win32-x64\jre\17.0.7-win32-x86_64\bin\server\jvm.dll
0x00007ffd88070000 - 0x00007ffd8811e000 	C:\WINDOWS\System32\ADVAPI32.dll
0x00007ffd88120000 - 0x00007ffd881c4000 	C:\WINDOWS\System32\sechost.dll
0x00007ffd89220000 - 0x00007ffd89337000 	C:\WINDOWS\System32\RPCRT4.dll
0x00007ffd53500000 - 0x00007ffd53509000 	C:\WINDOWS\SYSTEM32\WSOCK32.dll
0x00007ffd89e90000 - 0x00007ffd89f01000 	C:\WINDOWS\System32\WS2_32.dll
0x00007ffd7e4f0000 - 0x00007ffd7e524000 	C:\WINDOWS\SYSTEM32\WINMM.dll
0x00007ffd801c0000 - 0x00007ffd801ca000 	C:\WINDOWS\SYSTEM32\VERSION.dll
0x00007ffd863c0000 - 0x00007ffd863d8000 	C:\WINDOWS\SYSTEM32\kernel.appcore.dll
0x00007ffd72090000 - 0x00007ffd7209a000 	c:\Users\dell\.vscode\extensions\redhat.java-1.18.0-win32-x64\jre\17.0.7-win32-x86_64\bin\jimage.dll
0x00007ffd84ef0000 - 0x00007ffd8511e000 	C:\WINDOWS\SYSTEM32\DBGHELP.DLL
0x00007ffd882e0000 - 0x00007ffd88669000 	C:\WINDOWS\System32\combase.dll
0x00007ffd89910000 - 0x00007ffd899e7000 	C:\WINDOWS\System32\OLEAUT32.dll
0x00007ffd72020000 - 0x00007ffd72052000 	C:\WINDOWS\SYSTEM32\dbgcore.DLL
0x00007ffd87cd0000 - 0x00007ffd87d4b000 	C:\WINDOWS\System32\bcryptPrimitives.dll
0x00007ffd719c0000 - 0x00007ffd719ce000 	c:\Users\dell\.vscode\extensions\redhat.java-1.18.0-win32-x64\jre\17.0.7-win32-x86_64\bin\instrument.dll
0x00007ffd42710000 - 0x00007ffd42735000 	c:\Users\dell\.vscode\extensions\redhat.java-1.18.0-win32-x64\jre\17.0.7-win32-x86_64\bin\java.dll
0x00007ffd45220000 - 0x00007ffd45238000 	c:\Users\dell\.vscode\extensions\redhat.java-1.18.0-win32-x64\jre\17.0.7-win32-x86_64\bin\zip.dll
0x00007ffd88970000 - 0x00007ffd8916a000 	C:\WINDOWS\System32\SHELL32.dll
0x00007ffd85200000 - 0x00007ffd85ace000 	C:\WINDOWS\SYSTEM32\windows.storage.dll
0x00007ffd85b10000 - 0x00007ffd85c4e000 	C:\WINDOWS\SYSTEM32\wintypes.dll
0x00007ffd89530000 - 0x00007ffd89621000 	C:\WINDOWS\System32\SHCORE.dll
0x00007ffd881d0000 - 0x00007ffd8822e000 	C:\WINDOWS\System32\shlwapi.dll
0x00007ffd872a0000 - 0x00007ffd872c1000 	C:\WINDOWS\SYSTEM32\profapi.dll
0x00007ffd44c40000 - 0x00007ffd44c59000 	C:\Users\dell\.vscode\extensions\redhat.java-1.18.0-win32-x64\jre\17.0.7-win32-x86_64\bin\net.dll
0x00007ffd7e2e0000 - 0x00007ffd7e417000 	C:\WINDOWS\SYSTEM32\WINHTTP.dll
0x00007ffd56900000 - 0x00007ffd56be0000 	C:\Windows\GearUPBooster\lsp64.dll
0x00007ffd87370000 - 0x00007ffd874d7000 	C:\WINDOWS\System32\CRYPT32.dll
0x00007ffd85ee0000 - 0x00007ffd85f0d000 	C:\WINDOWS\SYSTEM32\IPHLPAPI.DLL
0x00007ffd86830000 - 0x00007ffd86899000 	C:\WINDOWS\system32\mswsock.dll
0x00007ffd86af0000 - 0x00007ffd86b02000 	C:\WINDOWS\SYSTEM32\MSASN1.dll
0x00007ffd86a90000 - 0x00007ffd86aab000 	C:\WINDOWS\SYSTEM32\CRYPTSP.dll
0x00007ffd86330000 - 0x00007ffd86365000 	C:\WINDOWS\system32\rsaenh.dll
0x00007ffd86ab0000 - 0x00007ffd86abc000 	C:\WINDOWS\SYSTEM32\CRYPTBASE.dll
0x00007ffd86c50000 - 0x00007ffd86c78000 	C:\WINDOWS\SYSTEM32\bcrypt.dll
0x00007ffd44700000 - 0x00007ffd44715000 	C:\Users\dell\.vscode\extensions\redhat.java-1.18.0-win32-x64\jre\17.0.7-win32-x86_64\bin\nio.dll
0x00007ffd71910000 - 0x00007ffd71920000 	c:\Users\dell\.vscode\extensions\redhat.java-1.18.0-win32-x64\jre\17.0.7-win32-x86_64\bin\verify.dll
0x00007ffd36b80000 - 0x00007ffd36bbe000 	C:\Users\dell\AppData\Roaming\Code\User\globalStorage\redhat.java\1.18.0\config_win\org.eclipse.equinox.launcher\org.eclipse.equinox.launcher.win32.win32.x86_64_1.2.700.v20221108-1024\eclipse_11801.dll
0x00007ffd89670000 - 0x00007ffd8980c000 	C:\WINDOWS\System32\ole32.dll
0x00007ffd86930000 - 0x00007ffd86958000 	C:\WINDOWS\SYSTEM32\USERENV.dll
0x00007ffd88060000 - 0x00007ffd88069000 	C:\WINDOWS\System32\NSI.dll
0x00007ffd7ed70000 - 0x00007ffd7ed89000 	C:\WINDOWS\SYSTEM32\dhcpcsvc6.DLL
0x00007ffd7ed50000 - 0x00007ffd7ed6f000 	C:\WINDOWS\SYSTEM32\dhcpcsvc.DLL
0x00007ffd85f10000 - 0x00007ffd86003000 	C:\WINDOWS\SYSTEM32\DNSAPI.dll
0x00007ffd42320000 - 0x00007ffd42365000 	C:\Users\dell\AppData\Local\Temp\jna-3079617\jna11808865041481172509.dll
0x00007ffd88890000 - 0x00007ffd88898000 	C:\WINDOWS\System32\PSAPI.DLL
0x00007ffd761c0000 - 0x00007ffd761ce000 	C:\Users\dell\.vscode\extensions\redhat.java-1.18.0-win32-x64\jre\17.0.7-win32-x86_64\bin\sunmscapi.dll
0x00007ffd86c20000 - 0x00007ffd86c4e000 	C:\WINDOWS\SYSTEM32\ncrypt.dll
0x00007ffd86be0000 - 0x00007ffd86c17000 	C:\WINDOWS\SYSTEM32\NTASN1.dll
0x00007ffd7a550000 - 0x00007ffd7a55a000 	C:\Windows\System32\rasadhlp.dll
0x00007ffd7de80000 - 0x00007ffd7df04000 	C:\WINDOWS\System32\fwpuclnt.dll

dbghelp: loaded successfully - version: 4.0.5 - missing functions: none
symbol engine: initialized successfully - sym options: 0x614 - pdb path: .;c:\Users\dell\.vscode\extensions\redhat.java-1.18.0-win32-x64\jre\17.0.7-win32-x86_64\bin;C:\WINDOWS\SYSTEM32;C:\WINDOWS\WinSxS\amd64_microsoft.windows.common-controls_6595b64144ccf1df_6.0.22621.1635_none_270f70857386168e;c:\Users\dell\.vscode\extensions\redhat.java-1.18.0-win32-x64\jre\17.0.7-win32-x86_64\bin\server;C:\Windows\GearUPBooster;C:\Users\dell\AppData\Roaming\Code\User\globalStorage\redhat.java\1.18.0\config_win\org.eclipse.equinox.launcher\org.eclipse.equinox.launcher.win32.win32.x86_64_1.2.700.v20221108-1024;C:\Users\dell\AppData\Local\Temp\jna-3079617

VM Arguments:
jvm_args: --add-modules=ALL-SYSTEM --add-opens=java.base/java.util=ALL-UNNAMED --add-opens=java.base/java.lang=ALL-UNNAMED --add-opens=java.base/sun.nio.fs=ALL-UNNAMED -Declipse.application=org.eclipse.jdt.ls.core.id1 -Dosgi.bundles.defaultStartLevel=4 -Declipse.product=org.eclipse.jdt.ls.core.product -Djava.import.generatesMetadataFilesAtProjectRoot=false -Dfile.encoding=utf8 -XX:+UseParallelGC -XX:GCTimeRatio=4 -XX:AdaptiveSizePolicyWeight=90 -Dsun.zip.disableMemoryMapping=true -Xmx1G -Xms100m -Xlog:disable -javaagent:c:\Users\dell\.vscode\extensions\redhat.java-1.18.0-win32-x64\lombok\lombok-1.18.27.jar -XX:+HeapDumpOnOutOfMemoryError -XX:HeapDumpPath=c:\Users\dell\AppData\Roaming\Code\User\workspaceStorage\e9fa6566079bcdb2e3257726406d1d82\redhat.java -Daether.dependencyCollector.impl=bf 
java_command: c:\Users\dell\.vscode\extensions\redhat.java-1.18.0-win32-x64\server\plugins\org.eclipse.equinox.launcher_1.6.400.v20210924-0641.jar -configuration c:\Users\dell\AppData\Roaming\Code\User\globalStorage\redhat.java\1.18.0\config_win -data c:\Users\dell\AppData\Roaming\Code\User\workspaceStorage\e9fa6566079bcdb2e3257726406d1d82\redhat.java\jdt_ws
java_class_path (initial): c:\Users\dell\.vscode\extensions\redhat.java-1.18.0-win32-x64\server\plugins\org.eclipse.equinox.launcher_1.6.400.v20210924-0641.jar
Launcher Type: SUN_STANDARD

[Global flags]
    uintx AdaptiveSizePolicyWeight                 = 90                                        {product} {command line}
     intx CICompilerCount                          = 4                                         {product} {ergonomic}
    uintx GCTimeRatio                              = 4                                         {product} {command line}
     bool HeapDumpOnOutOfMemoryError               = true                                   {manageable} {command line}
    ccstr HeapDumpPath                             = c:\Users\dell\AppData\Roaming\Code\User\workspaceStorage\e9fa6566079bcdb2e3257726406d1d82\redhat.java         {manageable} {command line}
   size_t InitialHeapSize                          = 104857600                                 {product} {command line}
   size_t MaxHeapSize                              = 1073741824                                {product} {command line}
   size_t MaxNewSize                               = 357564416                                 {product} {ergonomic}
   size_t MinHeapDeltaBytes                        = 524288                                    {product} {ergonomic}
   size_t MinHeapSize                              = 104857600                                 {product} {command line}
   size_t NewSize                                  = 34603008                                  {product} {ergonomic}
    uintx NonNMethodCodeHeapSize                   = 5839372                                {pd product} {ergonomic}
    uintx NonProfiledCodeHeapSize                  = 122909434                              {pd product} {ergonomic}
   size_t OldSize                                  = 70254592                                  {product} {ergonomic}
    uintx ProfiledCodeHeapSize                     = 122909434                              {pd product} {ergonomic}
    uintx ReservedCodeCacheSize                    = 251658240                              {pd product} {ergonomic}
     bool SegmentedCodeCache                       = true                                      {product} {ergonomic}
   size_t SoftMaxHeapSize                          = 1073741824                             {manageable} {ergonomic}
     bool UseCompressedClassPointers               = true                           {product lp64_product} {ergonomic}
     bool UseCompressedOops                        = true                           {product lp64_product} {ergonomic}
     bool UseLargePagesIndividualAllocation        = false                                  {pd product} {ergonomic}
     bool UseParallelGC                            = true                                      {product} {command line}

Logging:
Log output configuration:
 #0: stdout all=off uptime,level,tags
 #1: stderr all=off uptime,level,tags

Environment Variables:
JAVA_HOME=F:\java\
PATH=F:\java\bin;C:\Program Files\Common Files\Oracle\Java\javapath;C:\WINDOWS\system32;C:\WINDOWS;C:\WINDOWS\System32\Wbem;C:\WINDOWS\System32\WindowsPowerShell\v1.0\;C:\WINDOWS\System32\OpenSSH\;C:\Program Files\Common Files\Autodesk Shared\;C:\Program Files (x86)\Autodesk\Backburner\;C:\Program Files\Microsoft SQL Server\120\Tools\Binn\;C:\Program Files\Microsoft SQL Server\110\Tools\Binn\;C:\Program Files (x86)\Microsoft SQL Server\110\Tools\Binn\;C:\Program Files\Microsoft SQL Server\110\DTS\Binn\;D:\New folder\opencv\build\x64\vc15\bin;C:\Strawberry\c\bin;C:\Strawberry\perl\site\bin;C:\Strawberry\perl\bin;C:\Program Files\dotnet\;C:\Program Files\Docker\Docker\resources\bin;C:\ProgramData\DockerDesktop\version-bin;C:\WINDOWS\system32;C:\WINDOWS;C:\WINDOWS\System32\Wbem;C:\WINDOWS\System32\WindowsPowerShell\v1.0\;C:\WINDOWS\System32\OpenSSH\;C:\Program Files\nodejs\;D:\Git\cmd;C:\Program Files\MySQL\MySQL Shell 8.0\bin\;C:\Users\dell\AppData\Local\Programs\Python\Python39\Scripts\;C:\Users\dell\AppData\Local\Programs\Python\Python39\;C:\Users\dell\AppData\Local\Microsoft\WindowsApps;C:\Program Files\JetBrains\PyCharm Community Edition 2021.1\bin;;C:\Program Files (x86)\Dev-Cpp\MinGW64\bin;C:\Users\dell\AppData\Local\Programs\MiKTeX\miktex\bin\x64\;C:\Strawberry\perl\bin;C:\Strawberry\c\bin;C:\Users\dell\AppData\Local\Programs\Microsoft VS Code\bin;C:\Users\dell\.dotnet\tools;C:\Users\dell\AppData\Roaming\npm
USERNAME=dell
OS=Windows_NT
PROCESSOR_IDENTIFIER=Intel64 Family 6 Model 142 Stepping 10, GenuineIntel
TMP=C:\Users\dell\AppData\Local\Temp
TEMP=C:\Users\dell\AppData\Local\Temp



---------------  S Y S T E M  ---------------

OS:
 Windows 11 , 64 bit Build 22621 (10.0.22621.1635)
OS uptime: 1 days 21:33 hours

CPU: total 8 (initial active 8) (4 cores per cpu, 2 threads per core) family 6 model 142 stepping 10 microcode 0xe0, cx8, cmov, fxsr, ht, mmx, 3dnowpref, sse, sse2, sse3, ssse3, sse4.1, sse4.2, popcnt, lzcnt, tsc, tscinvbit, avx, avx2, aes, erms, clmul, bmi1, bmi2, adx, fma, vzeroupper, clflush, clflushopt

Memory: 4k page, system-wide physical 8056M (473M free)
TotalPageFile size 12152M (AvailPageFile size 4M)
current process WorkingSet (physical memory assigned to process): 391M, peak: 401M
current process commit charge ("private bytes"): 418M, peak: 428M

vm_info: OpenJDK 64-Bit Server VM (17.0.7+7) for windows-amd64 JRE (17.0.7+7), built on Apr 18 2023 22:10:42 by "temurin" with MS VC++ 16.7 (VS2019)

END.
